###############################################################
#  Generated by:      Cadence Innovus 23.31-s109_1
#  OS:                Linux x86_64(Host ID ei-vm-011)
#  Generated on:      Sun Dec 29 23:16:10 2024
#  Design:            fpga_top
#  Command:           verify_drc
###############################################################
#set_verify_drc_mode -check_ndr_spacing auto -check_only default -check_same_via_cell true -disable_rules "" -exclude_pg_net false -ignore_cell_blockage false -ignore_trial_route false -limit 1000 -report fpga_top.drc.rpt -use_min_spacing_on_block_obs auto

SPACING: ( ParallelRunLength Spacing ) Special Wire of Net VCCD & Blockage of Cell grid_io_bottom_1__0_/logical_tile_io_mode_io__0/logical_tile_io_mode_physical__iopad_0/GPIO_0_/gpio  ( met4 )
Bounds : ( 1393.270, 1197.355 ) ( 1397.605, 1197.655 )


SPACING: ( ParallelRunLength Spacing ) Special Wire of Net VCCD & Blockage of Cell grid_io_right_2__1_/logical_tile_io_mode_io__7/logical_tile_io_mode_physical__iopad_0/GPIO_0_/gpio  ( met4 )
Bounds : ( 1393.270, 1363.920 ) ( 1397.605, 1364.220 )


SPACING: ( ParallelRunLength Spacing ) Special Wire of Net VCCD & Blockage of Cell grid_io_bottom_1__0_/logical_tile_io_mode_io__1/logical_tile_io_mode_physical__iopad_0/GPIO_0_/gpio  ( met4 )
Bounds : ( 1393.270, 1030.790 ) ( 1397.605, 1031.090 )


SPACING: ( ParallelRunLength Spacing ) Special Wire of Net VCCD & Blockage of Cell grid_io_bottom_1__0_/logical_tile_io_mode_io__2/logical_tile_io_mode_physical__iopad_0/GPIO_0_/gpio  ( met4 )
Bounds : ( 1393.270, 864.225 ) ( 1397.605, 864.525 )


SPACING: ( ParallelRunLength Spacing ) Special Wire of Net VCCD & Blockage of Cell grid_io_right_2__1_/logical_tile_io_mode_io__5/logical_tile_io_mode_physical__iopad_0/GPIO_0_/gpio  ( met4 )
Bounds : ( 1153.150, 804.995 ) ( 1157.485, 805.295 )


SPACING: ( ParallelRunLength Spacing ) Special Wire of Net VCCD & Blockage of Cell grid_io_right_2__1_/logical_tile_io_mode_io__4/logical_tile_io_mode_physical__iopad_0/GPIO_0_/gpio  ( met4 )
Bounds : ( 1153.150, 988.450 ) ( 1157.485, 988.750 )


SPACING: ( ParallelRunLength Spacing ) Special Wire of Net VCCD & Blockage of Cell grid_io_left_0__1_/logical_tile_io_mode_io__6/logical_tile_io_mode_physical__iopad_0/GPIO_0_/gpio  ( met4 )
Bounds : ( 186.635, 867.890 ) ( 190.970, 868.190 )


SPACING: ( ParallelRunLength Spacing ) Special Wire of Net VCCD & Blockage of Cell grid_io_left_0__1_/logical_tile_io_mode_io__7/logical_tile_io_mode_physical__iopad_0/GPIO_0_/gpio  ( met4 )
Bounds : ( 186.635, 1034.455 ) ( 190.970, 1034.755 )


SPACING: ( ParallelRunLength Spacing ) Special Wire of Net VCCD & Blockage of Cell grid_io_top_1__2_/logical_tile_io_mode_io__0/logical_tile_io_mode_physical__iopad_0/GPIO_0_/gpio  ( met4 )
Bounds : ( 186.635, 1201.020 ) ( 190.970, 1201.320 )


SPACING: ( ParallelRunLength Spacing ) Special Wire of Net VCCD & Blockage of Cell grid_io_top_1__2_/logical_tile_io_mode_io__1/logical_tile_io_mode_physical__iopad_0/GPIO_0_/gpio  ( met4 )
Bounds : ( 186.635, 1367.585 ) ( 190.970, 1367.885 )


SPACING: ( ParallelRunLength Spacing ) Special Wire of Net VCCD & Blockage of Cell grid_io_left_0__1_/logical_tile_io_mode_io__1/logical_tile_io_mode_physical__iopad_0/GPIO_0_/gpio  ( met4 )
Bounds : ( 426.755, 927.115 ) ( 431.090, 927.415 )


SPACING: ( ParallelRunLength Spacing ) Special Wire of Net VCCD & Blockage of Cell grid_io_bottom_1__0_/logical_tile_io_mode_io__4/logical_tile_io_mode_physical__iopad_0/GPIO_0_/gpio  ( met4 )
Bounds : ( 1393.270, 531.095 ) ( 1397.605, 531.395 )


SPACING: ( ParallelRunLength Spacing ) Special Wire of Net VCCD & Blockage of Cell grid_io_bottom_1__0_/logical_tile_io_mode_io__5/logical_tile_io_mode_physical__iopad_0/GPIO_0_/gpio  ( met4 )
Bounds : ( 1393.270, 364.525 ) ( 1397.605, 364.825 )


SPACING: ( ParallelRunLength Spacing ) Special Wire of Net VCCD & Blockage of Cell pad_pReset/gpio  ( met4 )
Bounds : ( 1023.315, 186.635 ) ( 1023.615, 190.970 )


SPACING: ( ParallelRunLength Spacing ) Special Wire of Net VCCD & Blockage of Cell grid_io_bottom_1__0_/logical_tile_io_mode_io__3/logical_tile_io_mode_physical__iopad_0/GPIO_0_/gpio  ( met4 )
Bounds : ( 1393.270, 697.660 ) ( 1397.605, 697.960 )


SPACING: ( ParallelRunLength Spacing ) Special Wire of Net VCCD & Blockage of Cell grid_io_right_2__1_/logical_tile_io_mode_io__6/logical_tile_io_mode_physical__iopad_0/GPIO_0_/gpio  ( met4 )
Bounds : ( 1153.150, 621.535 ) ( 1157.485, 621.835 )


SPACING: ( ParallelRunLength Spacing ) Special Wire of Net VCCD & Blockage of Cell grid_io_left_0__1_/logical_tile_io_mode_io__0/logical_tile_io_mode_physical__iopad_0/GPIO_0_/gpio  ( met4 )
Bounds : ( 426.755, 743.660 ) ( 431.090, 743.960 )


SPACING: ( ParallelRunLength Spacing ) Special Wire of Net VCCD & Blockage of Cell grid_io_left_0__1_/logical_tile_io_mode_io__4/logical_tile_io_mode_physical__iopad_0/GPIO_0_/gpio  ( met4 )
Bounds : ( 186.635, 534.760 ) ( 190.970, 535.060 )


SPACING: ( ParallelRunLength Spacing ) Special Wire of Net VCCD & Blockage of Cell grid_io_left_0__1_/logical_tile_io_mode_io__5/logical_tile_io_mode_physical__iopad_0/GPIO_0_/gpio  ( met4 )
Bounds : ( 186.635, 701.325 ) ( 190.970, 701.625 )


SPACING: ( ParallelRunLength Spacing ) Special Wire of Net VCCD & Blockage of Cell grid_io_left_0__1_/logical_tile_io_mode_io__3/logical_tile_io_mode_physical__iopad_0/GPIO_0_/gpio  ( met4 )
Bounds : ( 186.635, 368.190 ) ( 190.970, 368.490 )


  Total Violations : 20 Viols.
