**INFO: Starting Blocking QThread with 8 CPU
   ____________________________________________________________________
__/ message from Blocking QThread
Multi-CPU acceleration using 8 CPU(s).
*** QThread MetricCollect [begin] (IncrReplace #1 / place_opt_design #2) : mem = 0.5M
Multithreaded Timing Analysis is initialized with 8 threads

###############################################################
#  Generated by:      Cadence Innovus 23.31-s109_1
#  OS:                Linux x86_64(Host ID cae-europractice1.othr.de)
#  Generated on:      Fri Dec 27 04:36:28 2024
#  Design:            fpga_top
#  Command:           optDesign -preCTS
###############################################################

REPORT ANALYSIS SUMMARY (View:VIEW_SETUP) (EL:Setup)
=========================================================================================================================================================================================================

GroupType:*
=========================================================================================================================================================================================================

         All                             IN2REG                          IN2OUT                           REG2REG                              REG2OUT
    -----------------------------------------------------------------------------------------------------------------------------------------------------------------------------------------------------  
     WNS:TNS:#VIO                     WNS:TNS:#VIO                     WNS:TNS:#VIO                     WNS:TNS:#VIO                     WNS:TNS:#VIO                     FromClk->ToClk                   
    -----------------------------------------------------------------------------------------------------------------------------------------------------------------------------------------------------  
    -0.604:-0.604:1                  0.000:0.000:0                    0.000:0.000:0                    -0.604:-0.604:1                  0.000:0.000:0                    *->*
    -----------------------------------------------------------------------------------------------------------------------------------------------------------------------------------------------------
Ending "set_metric_timing_analysis_summary" (total cpu=0:00:00.2, real=0:00:00.0, peak res=3146.0M, current mem=2492.1M)
Ending "get_summary_setup_timing" (total cpu=0:00:00.3, real=0:00:01.0, peak res=3146.0M, current mem=2493.4M)
*** QThread MetricCollect [finish] (IncrReplace #1 / place_opt_design #2) : cpu/real = 0:00:00.3/0:00:00.3 (1.0), mem = 0.0M
_______________________________________________________________________
