Flow report for ex20
Thu Oct 05 17:06:02 2006
Version 6.0 Build 202 06/20/2006 Service Pack 1 SJ Web Edition


---------------------
; Table of Contents ;
---------------------
  1. Legal Notice
  2. Flow Summary
  3. Flow Settings
  4. Flow Non-Default Global Settings
  5. Flow Elapsed Time
  6. Flow Log



----------------
; Legal Notice ;
----------------
Copyright (C) 1991-2006 Altera Corporation
Your use of Altera Corporation's design tools, logic functions 
and other software and tools, and its AMPP partner logic 
functions, and any output files any of the foregoing 
(including device programming or simulation files), and any 
associated documentation or information are expressly subject 
to the terms and conditions of the Altera Program License 
Subscription Agreement, Altera MegaCore Function License 
Agreement, or other applicable license agreement, including, 
without limitation, that your use is for the sole purpose of 
programming logic devices manufactured by Altera and sold by 
Altera or its authorized distributors.  Please refer to the 
applicable agreement for further details.



+------------------------------------------------------------------------+
; Flow Summary                                                           ;
+-------------------------+----------------------------------------------+
; Flow Status             ; Successful - Thu Oct 05 17:06:02 2006        ;
; Quartus II Version      ; 6.0 Build 202 06/20/2006 SP 1 SJ Web Edition ;
; Revision Name           ; ex20                                         ;
; Top-level Entity Name   ; T8052_Toplevel                               ;
; Family                  ; Cyclone                                      ;
; Device                  ; EP1C12F256C7                                 ;
; Timing Models           ; Final                                        ;
; Met timing requirements ; Yes                                          ;
; Total logic elements    ; 3,923 / 12,060 ( 33 % )                      ;
; Total pins              ; 41 / 185 ( 22 % )                            ;
; Total virtual pins      ; 0                                            ;
; Total memory bits       ; 176,128 / 239,616 ( 74 % )                   ;
; Total PLLs              ; 1 / 2 ( 50 % )                               ;
+-------------------------+----------------------------------------------+


+-----------------------------------------+
; Flow Settings                           ;
+-------------------+---------------------+
; Option            ; Setting             ;
+-------------------+---------------------+
; Start date & time ; 10/05/2006 11:27:04 ;
; Main task         ; Compilation         ;
; Revision Name     ; 4gewinnt            ;
+-------------------+---------------------+


+---------------------------------------------------------------------------------------------------------------------------------------------------+
; Flow Non-Default Global Settings                                                                                                                  ;
+-----------------------------------------+---------------------------------------------+--------------------------------+-------------+------------+
; Assignment Name                         ; Value                                       ; Default Value                  ; Entity Name ; Section Id ;
+-----------------------------------------+---------------------------------------------+--------------------------------+-------------+------------+
; ADV_NETLIST_OPT_SYNTH_GATE_RETIME       ; On                                          ; Off                            ; --          ; --         ;
; ADV_NETLIST_OPT_SYNTH_WYSIWYG_REMAP     ; On                                          ; Off                            ; --          ; --         ;
; APEX20K_OPTIMIZATION_TECHNIQUE          ; Speed                                       ; Balanced                       ; --          ; --         ;
; ASSIGNMENT_GROUP_MEMBER                 ; VgaBl0                                      ; --                             ; --          ; VGA        ;
; ASSIGNMENT_GROUP_MEMBER                 ; VgaBl1                                      ; --                             ; --          ; VGA        ;
; ASSIGNMENT_GROUP_MEMBER                 ; VgaGr0                                      ; --                             ; --          ; VGA        ;
; ASSIGNMENT_GROUP_MEMBER                 ; VgaGr1                                      ; --                             ; --          ; VGA        ;
; ASSIGNMENT_GROUP_MEMBER                 ; VgaHsync                                    ; --                             ; --          ; VGA        ;
; ASSIGNMENT_GROUP_MEMBER                 ; VgaRd0                                      ; --                             ; --          ; VGA        ;
; ASSIGNMENT_GROUP_MEMBER                 ; VgaRd1                                      ; --                             ; --          ; VGA        ;
; CYCLONE_OPTIMIZATION_TECHNIQUE          ; Speed                                       ; Balanced                       ; --          ; --         ;
; EDA_BOARD_DESIGN_SYMBOL_TOOL            ; FPGA Xchange (Symbol)                       ; <None>                         ; --          ; --         ;
; ENABLE_CLOCK_LATENCY                    ; On                                          ; Off                            ; --          ; --         ;
; FITTER_EFFORT                           ; Fast Fit                                    ; Auto Fit                       ; --          ; --         ;
; FLEX10K_OPTIMIZATION_TECHNIQUE          ; Speed                                       ; Area                           ; --          ; --         ;
; IGNORE_LCELL_BUFFERS                    ; On                                          ; Off                            ; --          ; --         ;
; MAXII_OPTIMIZATION_TECHNIQUE            ; Speed                                       ; Balanced                       ; --          ; --         ;
; MERCURY_OPTIMIZATION_TECHNIQUE          ; Speed                                       ; Area                           ; --          ; --         ;
; OPTIMIZE_HOLD_TIMING                    ; All paths                                   ; IO Paths and Minimum TPD Paths ; --          ; --         ;
; OPTIMIZE_TIMING                         ; Extra effort                                ; Normal compilation             ; --          ; --         ;
; PHYSICAL_SYNTHESIS_COMBO_LOGIC          ; On                                          ; Off                            ; --          ; --         ;
; PHYSICAL_SYNTHESIS_EFFORT               ; Extra                                       ; Normal                         ; --          ; --         ;
; PHYSICAL_SYNTHESIS_REGISTER_DUPLICATION ; On                                          ; Off                            ; --          ; --         ;
; PHYSICAL_SYNTHESIS_REGISTER_RETIMING    ; On                                          ; Off                            ; --          ; --         ;
; PLACEMENT_EFFORT_MULTIPLIER             ; 1.2                                         ; 1.0                            ; --          ; --         ;
; ROUTER_EFFORT_MULTIPLIER                ; 1.2                                         ; 1.0                            ; --          ; --         ;
; ROUTER_TIMING_OPTIMIZATION_LEVEL        ; MAXIMUM                                     ; Normal                         ; --          ; --         ;
; SMART_RECOMPILE                         ; On                                          ; Off                            ; --          ; --         ;
; STRATIXII_OPTIMIZATION_TECHNIQUE        ; Speed                                       ; Balanced                       ; --          ; --         ;
; STRATIX_OPTIMIZATION_TECHNIQUE          ; Speed                                       ; Balanced                       ; --          ; --         ;
; TOP_LEVEL_ENTITY                        ; T8052_Toplevel                              ; 4gewinnt                       ; --          ; --         ;
; USER_LIBRARIES                          ; C:\altera\quartus51\libraries\vhdl\elektor/ ; --                             ; --          ; --         ;
+-----------------------------------------+---------------------------------------------+--------------------------------+-------------+------------+


+-------------------------------------+
; Flow Elapsed Time                   ;
+----------------------+--------------+
; Module Name          ; Elapsed Time ;
+----------------------+--------------+
; Analysis & Synthesis ; 00:08:32     ;
; Fitter               ; 00:18:34     ;
; Assembler            ; 00:00:05     ;
; Timing Analyzer      ; 00:00:11     ;
; EDA Netlist Writer   ; 00:00:02     ;
; Fitter               ; 00:06:30     ;
; Assembler            ; 00:00:05     ;
; Timing Analyzer      ; 00:00:11     ;
; EDA Netlist Writer   ; 00:00:02     ;
; MIF/HEX Update       ; 00:00:08     ;
; MIF/HEX Update       ; 00:00:05     ;
; Total                ; 00:34:25     ;
+----------------------+--------------+


------------
; Flow Log ;
------------
quartus_map --read_settings_files=on --write_settings_files=off ex20 -c 4gewinnt
quartus_fit --read_settings_files=off --write_settings_files=off ex20 -c 4gewinnt
quartus_asm --read_settings_files=off --write_settings_files=off ex20 -c 4gewinnt
quartus_tan --read_settings_files=off --write_settings_files=off ex20 -c 4gewinnt --timing_analysis_only
quartus_eda --read_settings_files=off --write_settings_files=off ex20 -c 4gewinnt
quartus_fit --read_settings_files=on --write_settings_files=off ex20 -c ex20
quartus_asm --read_settings_files=off --write_settings_files=off ex20 -c ex20
quartus_tan --read_settings_files=off --write_settings_files=off ex20 -c ex20 --timing_analysis_only
quartus_eda --read_settings_files=off --write_settings_files=off ex20 -c ex20
quartus_cdb ex20 -c ex20 --update_mif
quartus_cdb ex20 -c ex20 --update_mif



