============================================================
  Generated by:           Genus(TM) Synthesis Solution 23.11-s100_1
  Generated on:           Feb 01 2025  07:09:21 pm
  Module:                 GPIO
  Operating conditions:   tt_1.8_25 (balanced_tree)
  Wireload mode:          enclosed
  Area mode:              timing library
============================================================

Timing
-------
  Cost    Critical         Violating 
 Group   Path Slack  TNS     Paths   
-------------------------------------
default    No paths   0.0            
-------------------------------------
Total                 0.0          0 

Instance Count
--------------
Leaf Instance Count             1 
Physical Instance count         0 
Sequential Instance Count       0 
Combinational Instance Count    1 
Hierarchical Instance Count     1 

Area
----
Cell Area                          5.713
Physical Cell Area                 0.000
Total Cell Area (Cell+Physical)    5.713
Net Area                           0.000
Total Area (Cell+Physical+Net)     5.713

Max Fanout                         7 (tie_lo_esd)
Min Fanout                         1 (n_0)
Average Fanout                     2.7
Terms to net ratio                 0.2222
Terms to instance ratio            2.0000
Runtime                            10.998453 seconds
Elapsed Runtime                    15 seconds
Genus peak memory usage            1757.85 
Innovus peak memory usage          no_value 
Hostname                           cae-europractice1.othr.de
