Flow report for ex11
Thu Jun 22 10:52:13 2006
Version 5.1 Build 176 10/26/2005 Service Pack 0.15 SJ Web Edition


---------------------
; Table of Contents ;
---------------------
  1. Legal Notice
  2. Flow Summary
  3. Flow Settings
  4. Flow Elapsed Time
  5. Flow Log



----------------
; Legal Notice ;
----------------
Copyright (C) 1991-2005 Altera Corporation
Your use of Altera Corporation's design tools, logic functions 
and other software and tools, and its AMPP partner logic 
functions, and any output files any of the foregoing 
(including device programming or simulation files), and any 
associated documentation or information are expressly subject 
to the terms and conditions of the Altera Program License 
Subscription Agreement, Altera MegaCore Function License 
Agreement, or other applicable license agreement, including, 
without limitation, that your use is for the sole purpose of 
programming logic devices manufactured by Altera and sold by 
Altera or its authorized distributors.  Please refer to the 
applicable agreement for further details.



+---------------------------------------------------------------------------+
; Flow Summary                                                              ;
+-------------------------+-------------------------------------------------+
; Flow Status             ; Successful - Thu Jun 22 10:52:13 2006           ;
; Quartus II Version      ; 5.1 Build 176 10/26/2005 SP 0.15 SJ Web Edition ;
; Revision Name           ; ex11                                            ;
; Top-level Entity Name   ; ex11                                            ;
; Family                  ; Cyclone                                         ;
; Device                  ; EP1C12F256C7                                    ;
; Timing Models           ; Final                                           ;
; Met timing requirements ; Yes                                             ;
; Total logic elements    ; 910 / 12,060 ( 8 % )                            ;
; Total pins              ; 7 / 185 ( 4 % )                                 ;
; Total virtual pins      ; 0                                               ;
; Total memory bits       ; 4,096 / 239,616 ( 2 % )                         ;
; Total PLLs              ; 0 / 2 ( 0 % )                                   ;
+-------------------------+-------------------------------------------------+


+-----------------------------------------+
; Flow Settings                           ;
+-------------------+---------------------+
; Option            ; Setting             ;
+-------------------+---------------------+
; Start date & time ; 06/22/2006 10:51:07 ;
; Main task         ; Compilation         ;
; Revision Name     ; ex11                ;
+-------------------+---------------------+


+-------------------------------------+
; Flow Elapsed Time                   ;
+----------------------+--------------+
; Module Name          ; Elapsed Time ;
+----------------------+--------------+
; Analysis & Synthesis ; 00:00:29     ;
; Fitter               ; 00:00:23     ;
; Assembler            ; 00:00:03     ;
; Timing Analyzer      ; 00:00:03     ;
; Total                ; 00:00:58     ;
+----------------------+--------------+


------------
; Flow Log ;
------------
quartus_map --read_settings_files=on --write_settings_files=off ex11 -c ex11
quartus_fit --read_settings_files=off --write_settings_files=off ex11 -c ex11
quartus_asm --read_settings_files=off --write_settings_files=off ex11 -c ex11
quartus_tan --read_settings_files=off --write_settings_files=off ex11 -c ex11 --timing_analysis_only



