EDA Netlist Writer report for ex14
Tue Aug 01 21:12:40 2006
Version 6.0 Build 178 04/27/2006 SJ Web Edition


---------------------
; Table of Contents ;
---------------------
  1. Legal Notice
  2. EDA Netlist Writer Summary
  3. EDA Netlist Writer Messages



----------------
; Legal Notice ;
----------------
Copyright (C) 1991-2006 Altera Corporation
Your use of Altera Corporation's design tools, logic functions 
and other software and tools, and its AMPP partner logic 
functions, and any output files any of the foregoing 
(including device programming or simulation files), and any 
associated documentation or information are expressly subject 
to the terms and conditions of the Altera Program License 
Subscription Agreement, Altera MegaCore Function License 
Agreement, or other applicable license agreement, including, 
without limitation, that your use is for the sole purpose of 
programming logic devices manufactured by Altera and sold by 
Altera or its authorized distributors.  Please refer to the 
applicable agreement for further details.



+-------------------------------------------------------------------+
; EDA Netlist Writer Summary                                        ;
+---------------------------+---------------------------------------+
; EDA Netlist Writer Status ; Successful - Tue Aug 01 21:12:40 2006 ;
; Revision Name             ; ex14                                  ;
; Top-level Entity Name     ; ex14                                  ;
; Family                    ; Cyclone                               ;
+---------------------------+---------------------------------------+


+-----------------------------+
; EDA Netlist Writer Messages ;
+-----------------------------+
Info: *******************************************************************
Info: Running Quartus II EDA Netlist Writer
    Info: Version 6.0 Build 178 04/27/2006 SJ Web Edition
    Info: Processing started: Tue Aug 01 21:12:38 2006
Info: Command: quartus_eda --read_settings_files=off --write_settings_files=off ex14 -c ex14
Info: Quartus II EDA Netlist Writer was successful. 0 errors, 0 warnings
    Info: Processing ended: Tue Aug 01 21:12:40 2006
    Info: Elapsed time: 00:00:02


