#Timing report of worst 3 path(s)
# Unit scale: 1e-09 seconds
# Output precision: 3

#Path 1
Startpoint: a.inpad[0] (.input clocked by clk)
Endpoint  : d.D[0] (.latch clocked by clk)
Path Type : hold

Point                                                             Incr      Path
--------------------------------------------------------------------------------
clock clk (rise edge)                                            0.000     0.000
clock source latency                                             0.000     0.000
input external delay                                             0.000     0.000
a.inpad[0] (.input)                                              0.000     0.000
c.in[1] (.names)                                                 0.169     0.169
c.out[0] (.names)                                                0.261     0.430
d.D[0] (.latch)                                                  0.000     0.430
data arrival time                                                          0.430

clock clk (rise edge)                                            0.000     0.000
clock source latency                                             0.000     0.000
clk.inpad[0] (.input)                                            0.000     0.000
d.clk[0] (.latch)                                                0.000     0.000
clock uncertainty                                                0.000     0.000
cell hold time                                                   0.066     0.066
data required time                                                         0.066
--------------------------------------------------------------------------------
data required time                                                        -0.066
data arrival time                                                          0.430
--------------------------------------------------------------------------------
slack (MET)                                                                0.364


#Path 2
Startpoint: d.Q[0] (.latch clocked by clk)
Endpoint  : out:d.outpad[0] (.output clocked by clk)
Path Type : hold

Point                                                             Incr      Path
--------------------------------------------------------------------------------
clock clk (rise edge)                                            0.000     0.000
clock source latency                                             0.000     0.000
clk.inpad[0] (.input)                                            0.000     0.000
d.clk[0] (.latch)                                                0.000     0.000
d.Q[0] (.latch) [clock-to-output]                                0.124     0.124
out:d.outpad[0] (.output)                                        0.585     0.709
data arrival time                                                          0.709

clock clk (rise edge)                                            0.000     0.000
clock source latency                                             0.000     0.000
clock uncertainty                                                0.000     0.000
output external delay                                            0.000     0.000
data required time                                                         0.000
--------------------------------------------------------------------------------
data required time                                                        -0.000
data arrival time                                                          0.709
--------------------------------------------------------------------------------
slack (MET)                                                                0.709


#Path 3
Startpoint: a.inpad[0] (.input clocked by clk)
Endpoint  : out:c.outpad[0] (.output clocked by clk)
Path Type : hold

Point                                                             Incr      Path
--------------------------------------------------------------------------------
clock clk (rise edge)                                            0.000     0.000
clock source latency                                             0.000     0.000
input external delay                                             0.000     0.000
a.inpad[0] (.input)                                              0.000     0.000
c.in[1] (.names)                                                 0.169     0.169
c.out[0] (.names)                                                0.261     0.430
out:c.outpad[0] (.output)                                        0.514     0.944
data arrival time                                                          0.944

clock clk (rise edge)                                            0.000     0.000
clock source latency                                             0.000     0.000
clock uncertainty                                                0.000     0.000
output external delay                                            0.000     0.000
data required time                                                         0.000
--------------------------------------------------------------------------------
data required time                                                        -0.000
data arrival time                                                          0.944
--------------------------------------------------------------------------------
slack (MET)                                                                0.944


#End of timing report
