Flow report for ex9
Mon May 08 15:52:18 2006
Version 5.1 Build 176 10/26/2005 Service Pack 0.15 SJ Web Edition


---------------------
; Table of Contents ;
---------------------
  1. Legal Notice
  2. Flow Summary
  3. Flow Settings
  4. Flow Elapsed Time
  5. Flow Log



----------------
; Legal Notice ;
----------------
Copyright (C) 1991-2005 Altera Corporation
Your use of Altera Corporation's design tools, logic functions 
and other software and tools, and its AMPP partner logic 
functions, and any output files any of the foregoing 
(including device programming or simulation files), and any 
associated documentation or information are expressly subject 
to the terms and conditions of the Altera Program License 
Subscription Agreement, Altera MegaCore Function License 
Agreement, or other applicable license agreement, including, 
without limitation, that your use is for the sole purpose of 
programming logic devices manufactured by Altera and sold by 
Altera or its authorized distributors.  Please refer to the 
applicable agreement for further details.



+---------------------------------------------------------------------------+
; Flow Summary                                                              ;
+-------------------------+-------------------------------------------------+
; Flow Status             ; Successful - Mon May 08 15:52:17 2006           ;
; Quartus II Version      ; 5.1 Build 176 10/26/2005 SP 0.15 SJ Web Edition ;
; Revision Name           ; ex9                                             ;
; Top-level Entity Name   ; ex9                                             ;
; Family                  ; Cyclone                                         ;
; Device                  ; EP1C12F256C7                                    ;
; Timing Models           ; Final                                           ;
; Met timing requirements ; Yes                                             ;
; Total logic elements    ; 2,828 / 12,060 ( 23 % )                         ;
; Total pins              ; 12 / 185 ( 6 % )                                ;
; Total virtual pins      ; 0                                               ;
; Total memory bits       ; 102,400 / 239,616 ( 43 % )                      ;
; Total PLLs              ; 1 / 2 ( 50 % )                                  ;
+-------------------------+-------------------------------------------------+


+-----------------------------------------+
; Flow Settings                           ;
+-------------------+---------------------+
; Option            ; Setting             ;
+-------------------+---------------------+
; Start date & time ; 05/08/2006 15:35:55 ;
; Main task         ; Compilation         ;
; Revision Name     ; ex9                 ;
+-------------------+---------------------+


+-------------------------------------+
; Flow Elapsed Time                   ;
+----------------------+--------------+
; Module Name          ; Elapsed Time ;
+----------------------+--------------+
; Analysis & Synthesis ; 00:12:03     ;
; Fitter               ; 00:03:45     ;
; Assembler            ; 00:00:06     ;
; Timing Analyzer      ; 00:00:13     ;
; EDA Netlist Writer   ; 00:00:01     ;
; Total                ; 00:16:08     ;
+----------------------+--------------+


------------
; Flow Log ;
------------
quartus_map --read_settings_files=on --write_settings_files=off ex9 -c ex9
quartus_fit --read_settings_files=off --write_settings_files=off ex9 -c ex9
quartus_asm --read_settings_files=off --write_settings_files=off ex9 -c ex9
quartus_tan --read_settings_files=off --write_settings_files=off ex9 -c ex9 --timing_analysis_only
quartus_eda --read_settings_files=off --write_settings_files=off ex9 -c ex9



