============================================================
  Generated by:           Genus(TM) Synthesis Solution 22.13-s093_1
  Generated on:           Jan 07 2025  11:00:19 pm
  Module:                 fpga_top
  Operating conditions:   PVT_1P8V_25C (balanced_tree)
  Wireload mode:          enclosed
  Area mode:              timing library
============================================================

Timing
--------

   Clock     Period 
--------------------
clk[0]        946.0 
prog_clk[0] 10000.0 


    Cost      Critical         Violating 
   Group     Path Slack  TNS     Paths   
-----------------------------------------
clk[0]         No paths   0.0            
default            13.9   0.0          0 
prog_clk[0]    No paths   0.0            
-----------------------------------------
Total                     0.0          0 

Instance Count
--------------
Leaf Instance Count             14729 
Physical Instance count             0 
Sequential Instance Count        1478 
Combinational Instance Count    13251 
Hierarchical Instance Count      1004 

Area
----
Cell Area                          250221.730
Physical Cell Area                 0.000
Total Cell Area (Cell+Physical)    250221.730
Net Area                           0.000
Total Area (Cell+Physical+Net)     250221.730

Max Fanout                         1459 (prog_clk[0])
Min Fanout                         0 (grid_clb_1__1__undriven_top_width_0_height_0_subtile_0__pin_clk_0_[0])
Average Fanout                     1.5
Terms to net ratio                 2.5214
Terms to instance ratio            2.9443
Runtime                            38.503939 seconds
Elapsed Runtime                    41 seconds
Genus peak memory usage            1600.89 
Innovus peak memory usage          no_value 
Hostname                           cae-europractice1.othr.de
