Flow report for ex12
Mon Jul 10 11:43:55 2006
Version 6.0 Build 202 06/20/2006 Service Pack 1 SJ Web Edition


---------------------
; Table of Contents ;
---------------------
  1. Legal Notice
  2. Flow Summary
  3. Flow Settings
  4. Flow Non-Default Global Settings
  5. Flow Elapsed Time
  6. Flow Log



----------------
; Legal Notice ;
----------------
Copyright (C) 1991-2006 Altera Corporation
Your use of Altera Corporation's design tools, logic functions 
and other software and tools, and its AMPP partner logic 
functions, and any output files any of the foregoing 
(including device programming or simulation files), and any 
associated documentation or information are expressly subject 
to the terms and conditions of the Altera Program License 
Subscription Agreement, Altera MegaCore Function License 
Agreement, or other applicable license agreement, including, 
without limitation, that your use is for the sole purpose of 
programming logic devices manufactured by Altera and sold by 
Altera or its authorized distributors.  Please refer to the 
applicable agreement for further details.



+------------------------------------------------------------------------+
; Flow Summary                                                           ;
+-------------------------+----------------------------------------------+
; Flow Status             ; Successful - Mon Jul 10 11:43:55 2006        ;
; Quartus II Version      ; 6.0 Build 202 06/20/2006 SP 1 SJ Web Edition ;
; Revision Name           ; ex12                                         ;
; Top-level Entity Name   ; ex12                                         ;
; Family                  ; Cyclone                                      ;
; Device                  ; EP1C12F256C7                                 ;
; Timing Models           ; Final                                        ;
; Met timing requirements ; Yes                                          ;
; Total logic elements    ; 494 / 12,060 ( 4 % )                         ;
; Total pins              ; 15 / 185 ( 8 % )                             ;
; Total virtual pins      ; 0                                            ;
; Total memory bits       ; 0 / 239,616 ( 0 % )                          ;
; Total PLLs              ; 0 / 2 ( 0 % )                                ;
+-------------------------+----------------------------------------------+


+-----------------------------------------+
; Flow Settings                           ;
+-------------------+---------------------+
; Option            ; Setting             ;
+-------------------+---------------------+
; Start date & time ; 07/10/2006 02:43:14 ;
; Main task         ; Compilation         ;
; Revision Name     ; ex12                ;
+-------------------+---------------------+


+---------------------------------------------------------------------------------+
; Flow Non-Default Global Settings                                                ;
+---------------------------+----------+---------------+-------------+------------+
; Assignment Name           ; Value    ; Default Value ; Entity Name ; Section Id ;
+---------------------------+----------+---------------+-------------+------------+
; AUTO_ENABLE_SMART_COMPILE ; On       ; --            ; --          ; --         ;
; ENABLE_SIGNALTAP          ; Off      ; --            ; --          ; --         ;
; SMART_RECOMPILE           ; On       ; Off           ; --          ; --         ;
; STATE_MACHINE_PROCESSING  ; One-Hot  ; Auto          ; --          ; --         ;
; USE_SIGNALTAP_FILE        ; stp1.stp ; --            ; --          ; --         ;
+---------------------------+----------+---------------+-------------+------------+


+-------------------------------------+
; Flow Elapsed Time                   ;
+----------------------+--------------+
; Module Name          ; Elapsed Time ;
+----------------------+--------------+
; Analysis & Synthesis ; 00:00:16     ;
; Fitter               ; 09:00:12     ;
; Assembler            ; 00:00:04     ;
; Timing Analyzer      ; 00:00:02     ;
; Total                ; 09:00:34     ;
+----------------------+--------------+


------------
; Flow Log ;
------------
quartus_map --read_settings_files=on --write_settings_files=off ex12 -c ex12
quartus_fit --read_settings_files=off --write_settings_files=off ex12 -c ex12
quartus_asm --read_settings_files=off --write_settings_files=off ex12 -c ex12
quartus_tan --read_settings_files=off --write_settings_files=off ex12 -c ex12 --timing_analysis_only



