\# Program start time:     UTC 2024.11.08 02:02:20.159
\# Local time: GMT+01:00 (UTC+01:00) 2024.11.08 03:02:20.159
\o Program:		@(#)$CDS: virtuoso version IC23.1-64b 09/20/2023 08:29 (cpgbld16) $
\o Hierarchy:		/mnt/cae_storage_sw/eda/cadence/2023-24/RHELx86/IC_23.10.020/tools.lnx86/dfII/
\o Sub version:		sub-version  IC23.1-64b.ISR2.29  (64-bit addresses)
\# Command line:	/eda/cadence/2023-24/RHELx86/IC_23.10.020/tools.lnx86/dfII/bin/64bit/virtuoso -beanhost cae-europractice1.othr.de -beanport 11902 -beanbinlog  -beanLogFile /home/cae1/Desktop/FPGA-OpenFPGA/asap7_Vir/logs_cae1/logs0/amps_Service1.log -mpssession virtuoso3926514 -mpshost cae-europractice1.othr.de -davinciService DaVinciService_3926514_1731031336 -axlSession fnxSession0 -axlServiceIdFlag 1 -uuid e6b0199c-386e-4ff7-9c3a-00a162345986 -heartbeat /dev/shm/swift-heartbeat.580pdSFSfc -log /home/cae1/Desktop/FPGA-OpenFPGA/asap7_Vir/logs_cae1/logs0/Service1.log -adeBrokerAddress cae-europractice1.othr.de:44491 -noautostart -nographE -lscs 000175E1894CBE06FF0966E38F1FFC06BC4D03D2EC7EFC06BC4D66BB9E118E69D9383DB1CF43CC28867C66E3BF1FFC06BC4D66E38F1FFC06BC4D01CEFE358D2CDB6000001E9E -interactive -offlineExprEval -upfrontMode -fenixMode explorer -heartbeatTimeout  -lingerTimeout 300 -pointlifetime -1
\# Host name (type):	cae-europractice1.othr.de (x86_64)
\# Operating system:	Linux 5.15.0-210.163.7.el8uek.x86_64 #2 SMP Tue Sep 10 18:31:09 PDT 2024
\# Linux /etc/issue:	\S
\# Linux /etc/issue:	Kernel \r on an \m
\# X display name (WxH):	:7314 (1024x868)
\# Available geometry:			TL(0:0) BR(1023:867)
\# X server:			The X.Org Foundation
\# Depth of Visual (Root):	24 (24)
\# Number of Planes Used:	24
\# X version:		11.0 (vendor release 12011000)
\# X resource pool:	base 0x400000, mask 0x1fffff (2097151), shift 0
\# 			current id 0x0, current max 0x1ffffa (2097146)
\# Max data seg size:	     unlimited
\# Max process size:	     unlimited
\# Initial sbrk value:	        711 MB
\# Available memory:	     23,801 MB
\# System memory:	     31,807 MB
\# Maximum memory size:	     31,256 MB
\# Max mem available:	     23,961 MB
\# Initial memory used:	        160 MB
\#        process size:	      1,627 MB
\# Thread usage limits (effective/default):	maxthreads 127001/127001 maxload 16.00/16.00
\# Qt version:		5.15.9
\# Window Manager:	other
\# User Name:		cae1
\o Working Directory:	cae-europractice1.othr.de:/home/cae1/Desktop/FPGA-OpenFPGA/asap7_Vir
\# Process Id:		3931882
\o 
\o COPYRIGHT (C) 1992-2023  CADENCE DESIGN SYSTEMS INC.  ALL RIGHTS RESERVED.
\o           (C) 1992-2023  UNIX SYSTEMS Laboratories INC.,
\o                          Reproduced with permission.
\o 
\o This Cadence Design Systems program and online documentation are
\o proprietary/confidential information and may be disclosed/used only
\o as authorized in a license agreement controlling such use and disclosure.
\o 
\o           RESTRICTED RIGHTS NOTICE (SHORT FORM)
\o Use/reproduction/disclosure is subject to restriction
\o set forth at FAR 1252.227-19 or its equivalent.
\o Loading geView.cxt 
\o Loading menuBuilder.cxt 
\o Loading schView.cxt 
\o Loading selectSv.cxt 
\o Load shared object file /eda/cadence/2023-24/RHELx86/PEGASUSDFM_23.11.000/tools.lnx86/ret/lib/64bit/libretboot.so
\o Load shared object file /eda/cadence/2023-24/RHELx86/PEGASUSDFM_23.11.000/tools.lnx86/lpa/lib/64bit/libretclef.so
\o 
\o Load shared object file /eda/cadence/2023-24/RHELx86/PEGASUSDFM_23.11.000/tools.lnx86/lpa/lib/64bit/libretmb.so
\o 
\o Hotspot Browser 1.0.0 (May  5 2016 12:15:38)
\o Loading /eda/cadence/2023-24/RHELx86/PEGASUSDFM_23.11.000/tools.lnx86/mmg/bin/64bit/etc/context/6.1.0/64bit/ccp.cxt
\o Loading pegasusui.cxt
\o Loading wireEdit.cxt 
\o Loading pte2.cxt 
\o Loading xlUI.cxt 
\o Loading auCore.cxt 
\o Loading vhdl.cxt 
\o Loading seismic.cxt 
\o Loading ci.cxt 
\o Loading layers.cxt 
\o Loading drv.cxt 
\o Loading ams.cxt 
\o Loading oasis.cxt 
\o Loading analog.cxt 
\o Loading asimenv.cxt 
\o Loading dal.cxt 
\o Loading awv.cxt 
\o Loading socket.cxt 
\o Loading par.cxt 
\o Loading alvs.cxt 
\o Loading caa.cxt 
\o Loading amps.cxt 
\o Loading adexlCore.cxt 
\o Loading adexl.cxt 
\o *Info*    Exporting services from client ... 
\o 
\o Loading adexlDM.cxt 
\o Loading cpf.cxt 
\o Loading cli.cxt 
\o Loading lp.cxt 
\o Loading sipLayout.cxt 
\# Memory report: using         314 MB, process size 1,828 MB at UTC 2024.11.08 02:02:23.076
\o INFO (ELI-00333) Client process connection mode is LSCS.
\# [03:02:20.381756] Configured Lic search path (23.02-s003): 5280@hs-lic3.oth-regensburg.de:27003@hs-lic1.oth-regensburg.de:27003@hs-lic1.oth-regensburg.de:
\w *WARNING* LIB analogLib from File /home/cae1/Desktop/FPGA-OpenFPGA/asap7_Vir/cds.lib Line 35 redefines
\w LIB analogLib from File /mnt/cae_storage_sw/eda/cadence/2023-24/RHELx86/IC_23.10.020/tools.lnx86/dfII/etc/cdsDotLibs/artist/cds.lib
\w Insert UNDEFINE analogLib
\w before DEFINE analogLib
\w     in /home/cae1/Desktop/FPGA-OpenFPGA/asap7_Vir/cds.lib
\w Or remove or comment out DEFINE analogLib
\w     in /mnt/cae_storage_sw/eda/cadence/2023-24/RHELx86/IC_23.10.020/tools.lnx86/dfII/etc/cdsDotLibs/artist/cds.lib
\w to suppress this warning message.
\p > 
\o Loading tilp.cxt 
\o Loading validator.cxt 
\o Loading vrf.cxt 
\o Loading multiTechPlugin.cxt 
\o Loading exportDie.cxt 
\# Loading perfDiag...
\# (PerfDiag): Set GDB path to environment variable 'gdbPath' (gdb).
\# The Health Monitor tool is installed. You can access it from CIW - Tools - Diagnostic Center or use the shell command 'cdsPerfDiag -p 3931882' to open it when Virtuoso freezes.
\o Loading diagCenter.cxt 
\# (PerfDiag): Use backtrace from GLIBC.
\i _axlRunServices()
\# [03:02:24.011424] Periodic Lic check successful
\# [03:02:24.535713] Feature usage summary:
\o Loading simui.cxt 
\o [2024-11-08 03:02:24.558 +0100] [PROCESS] [cadence.virtuoso.ade.services] - Netlist Service has successfully started. Waiting for incoming messages ... {"jobid": "1", "hostname": "cae-europractice1.othr.de", "processid": 3931882, "logfile": "/home/cae1/Desktop/FPGA-OpenFPGA/asap7_Vir/logs_cae1/logs0/Service1.log"}
\# Available memory:         23,790 MB at UTC 2024.11.08 02:02:31.606
\# Memory report: Maximum memory size now 24,201 MB at UTC 2024.11.08 02:02:31.606
\# Thread usage report: 11 active threads, active load 1.40 at UTC 2024.11.08 02:02:31.606
\o [2024-11-08 03:07:25.141 +0100] [PROCESS] [cadence.virtuoso.ade.services.netlister] - Netlist Service process exits. {"jobid": "1", "hostname": "cae-europractice1.othr.de", "processid": 3931882, "logfile": "/home/cae1/Desktop/FPGA-OpenFPGA/asap7_Vir/logs_cae1/logs0/Service1.log"}
\o Loading vdsil.cxt 
\# Lic Summary:
\# [03:07:26.161930] Cdslmd servers:5280@hs-lic3.oth-regensburg.de:27003@hs-lic1.oth-regensburg.de:27003@hs-lic1.oth-regensburg.de:
\# [03:07:26.161976] Feature usage summary:
\# Memory report: on exit            403 MB, process size 2,301 MB at UTC 2024.11.08 02:07:26.162
\# Memory report: peak usage         411 MB, process size 2,309 MB
