[ADE GUI: 3926514]
[2024-11-08 03:02:17.946 +0100] [PROCESS] [cadence.virtuoso.ade.gui] - /home/cae1/Desktop/FPGA-OpenFPGA/asap7_Vir/.tmp_cae1/.cmddir0/swiftLoggingService0 is starting {"logfile": "/home/cae1/Desktop/FPGA-OpenFPGA/asap7_Vir/logs_cae1/logs0/LoggingService0.log"}
[2024-11-08 03:02:18.068 +0100] [PROCESS] [cadence.virtuoso.ade.gui] - /home/cae1/Desktop/FPGA-OpenFPGA/asap7_Vir/.tmp_cae1/.cmddir0/swiftNetlistService1 is starting {"logfile": "/home/cae1/Desktop/FPGA-OpenFPGA/asap7_Vir/logs_cae1/logs0/Service1.log"}
[2024-11-08 03:02:18.069 +0100] [PROCESS] [cadence.virtuoso.ade.gui] - Logging Service '3931774' is starting up on host 'cae-europractice1.othr.de' {"logfile": "/home/cae1/Desktop/FPGA-OpenFPGA/asap7_Vir/logs_cae1/logs0/LoggingService0.log"}
[2024-11-08 03:02:18.891 +0100] [PROCESS] [cadence.virtuoso.ade.gui] - Netlist Service '3931796' is starting up on host 'cae-europractice1.othr.de' {"logfile": "/home/cae1/Desktop/FPGA-OpenFPGA/asap7_Vir/logs_cae1/logs0/Service1.log"}
[2024-11-08 03:03:35.581 +0100] [EVENT] [cadence.virtuoso.ade.gui] - AddLogFile {"history": "ExplorerRun.0", "event": "AddLogFile", "EventSource": "ADE GUI", "HistoryName": "ExplorerRun.0", "Points": "", "EventLogFile": "/home/cae1/Desktop/FPGA-OpenFPGA/asap7_Vir/logs_cae1/logs0/virtuoso_ade_debug.log", "EventTool": "ADE GUI", "EventTest": ""}
[2024-11-08 03:03:35.582 +0100] [EVENT] [cadence.virtuoso.ade.gui] - NewHistoryCreated {"history": "ExplorerRun.0", "event": "NewHistoryCreated", "EventSource": "ADE GUI", "HistoryName": "ExplorerRun.0", "WorkDir": "/home/cae1/Desktop/FPGA-OpenFPGA/asap7_Vir", "HistorySimDir": "/home/cae1/simulation/tbuf_asap_7/TB/maestro/results/maestro/ExplorerRun.0", "HistoryResultsDir": "/home/cae1/Desktop/FPGA-OpenFPGA/asap7_Vir/tbuf_asap_7/TB/maestro/results/maestro"}
[2024-11-08 03:03:35.582 +0100] [PROCESS] [cadence.virtuoso.ade.gui] - History Setup {"hostname": "cae-europractice1.othr.de", "processid": 3926514, "history": "ExplorerRun.0", "logfile": "/home/cae1/Desktop/FPGA-OpenFPGA/asap7_Vir/logs_cae1/logs0/virtuoso_ade_debug.log", "jobmode": "LSCS", "runmode": "Single Run, Sweeps and Corners", "lib": "tbuf_asap_7", "cell": "TB", "view": "maestro", "icversion": "sub-version  IC23.1-64b.ISR2.29 ", "runstart": "Fri Nov  8 03:03:35 2024\n", "timezonelocal": "+000", "spectreversion": "unknown", "jobpolicyname": "", "maxjobs": "unknown", "ncjobpolicyname": "", "ncmaxjobs": "unknown", "numtests": "1", "runfinished": "unknown", "runelapsed": "-1", "numcorners": "1"}
[2024-11-08 03:03:36.328 +0100] [WARN] [cadence.virtuoso.ade.gui] - Could not find log file for Same Process Job 0. Log message for this job will be printed in the CDS log file. {"history": "ExplorerRun.0", "testname": "tbuf_asap_7_TB_1", "detailed_message": "", "message_id": "EXPLORER-5028"}
[2024-11-08 03:03:36.886 +0100] [EVENT] [cadence.virtuoso.ade.pointevaluator] - NewPoint {"history": "ExplorerRun.0", "point": 1, "testname": "tbuf_asap_7_TB_1", "event": "NewPoint", "EventSource": "ADE GUI", "HistoryName": "ExplorerRun.0", "logFile": "/home/cae1/Desktop/FPGA-OpenFPGA/asap7_Vir/logs_cae1/logs0/virtuoso_ade_debug.log", "logFileSize": "2820"}
[2024-11-08 03:03:36.886 +0100] [INFO] [cadence.virtuoso.ade.pointevaluator] - Started netlisting {"history": "ExplorerRun.0", "point": 1, "testname": "tbuf_asap_7_TB_1", "event": "start", "category": "point-netlist"}
[2024-11-08 03:03:37.359 +0100] [INFO] [cadence.virtuoso.ade.pointevaluator] - Finished netlisting {"history": "ExplorerRun.0", "point": 1, "testname": "tbuf_asap_7_TB_1", "event": "finish", "category": "point-netlist"}
[2024-11-08 03:03:37.359 +0100] [INFO] [cadence.virtuoso.ade.pointevaluator] - Submitted {"history": "ExplorerRun.0", "point": 1, "testname": "tbuf_asap_7_TB_1"}
[2024-11-08 03:03:37.961 +0100] [ERROR] [cadence.virtuoso.ade.gui] - Netlist failed {"history": "ExplorerRun.0", "point": 1, "testname": "tbuf_asap_7_TB_1"}
[2024-11-08 03:03:38.361 +0100] [EVENT] [cadence.virtuoso.ade.gui] - HistoryFinished {"history": "ExplorerRun.0", "point": 1, "testname": "tbuf_asap_7_TB_1", "event": "HistoryFinished", "EventSource": "ADE GUI", "HistoryName": "ExplorerRun.0"}
[2024-11-08 03:06:33.075 +0100] [WARN] [cadence.virtuoso.ade.gui] - Following tests do not have any outputs selected for plotting:
tbuf_asap_7_TB_1
 {"history": "ExplorerRun.0", "point": 1, "testname": "tbuf_asap_7_TB_1", "detailed_message": "", "message_id": "EXPLORER-1617"}
[2024-11-08 03:06:33.437 +0100] [EVENT] [cadence.virtuoso.ade.gui] - AddLogFile {"history": "ExplorerRun.0", "point": 1, "testname": "tbuf_asap_7_TB_1", "event": "AddLogFile", "EventSource": "ADE GUI", "HistoryName": "ExplorerRun.0", "Points": "", "EventLogFile": "/home/cae1/Desktop/FPGA-OpenFPGA/asap7_Vir/logs_cae1/logs0/virtuoso_ade_debug.log", "EventTool": "ADE GUI", "EventTest": ""}
[2024-11-08 03:06:33.438 +0100] [EVENT] [cadence.virtuoso.ade.gui] - NewHistoryCreated {"history": "ExplorerRun.0", "point": 1, "testname": "tbuf_asap_7_TB_1", "event": "NewHistoryCreated", "EventSource": "ADE GUI", "HistoryName": "ExplorerRun.0", "WorkDir": "/home/cae1/Desktop/FPGA-OpenFPGA/asap7_Vir", "HistorySimDir": "/home/cae1/simulation/tbuf_asap_7/TB/maestro/results/maestro/ExplorerRun.0", "HistoryResultsDir": "/home/cae1/Desktop/FPGA-OpenFPGA/asap7_Vir/tbuf_asap_7/TB/maestro/results/maestro"}
[2024-11-08 03:06:33.438 +0100] [PROCESS] [cadence.virtuoso.ade.gui] - History Setup {"hostname": "cae-europractice1.othr.de", "processid": 3926514, "history": "ExplorerRun.0", "testname": "tbuf_asap_7_TB_1", "point": 1, "logfile": "/home/cae1/Desktop/FPGA-OpenFPGA/asap7_Vir/logs_cae1/logs0/virtuoso_ade_debug.log", "jobmode": "LSCS", "runmode": "Single Run, Sweeps and Corners", "lib": "tbuf_asap_7", "cell": "TB", "view": "maestro", "icversion": "sub-version  IC23.1-64b.ISR2.29 ", "runstart": "Fri Nov  8 03:06:33 2024\n", "timezonelocal": "+000", "spectreversion": "unknown", "jobpolicyname": "", "maxjobs": "unknown", "ncjobpolicyname": "", "ncmaxjobs": "unknown", "numtests": "1", "runfinished": "unknown", "runelapsed": "-1", "numcorners": "1"}
[2024-11-08 03:06:34.591 +0100] [EVENT] [cadence.virtuoso.ade.pointevaluator] - NewPoint {"history": "ExplorerRun.0", "point": 1, "testname": "tbuf_asap_7_TB_1", "event": "NewPoint", "EventSource": "ADE GUI", "HistoryName": "ExplorerRun.0", "logFile": "/home/cae1/Desktop/FPGA-OpenFPGA/asap7_Vir/logs_cae1/logs0/virtuoso_ade_debug.log", "logFileSize": "6107"}
[2024-11-08 03:06:34.591 +0100] [INFO] [cadence.virtuoso.ade.pointevaluator] - Started netlisting {"history": "ExplorerRun.0", "point": 1, "testname": "tbuf_asap_7_TB_1", "event": "start", "category": "point-netlist"}
[2024-11-08 03:06:35.041 +0100] [INFO] [cadence.virtuoso.ade.pointevaluator] - Finished netlisting {"history": "ExplorerRun.0", "point": 1, "testname": "tbuf_asap_7_TB_1", "event": "finish", "category": "point-netlist"}
[2024-11-08 03:06:35.042 +0100] [INFO] [cadence.virtuoso.ade.pointevaluator] - Submitted {"history": "ExplorerRun.0", "point": 1, "testname": "tbuf_asap_7_TB_1"}
[2024-11-08 03:06:35.960 +0100] [ERROR] [cadence.virtuoso.ade.gui] - Netlist failed {"history": "ExplorerRun.0", "point": 1, "testname": "tbuf_asap_7_TB_1"}
[2024-11-08 03:06:36.296 +0100] [EVENT] [cadence.virtuoso.ade.gui] - HistoryFinished {"history": "ExplorerRun.0", "point": 1, "testname": "tbuf_asap_7_TB_1", "event": "HistoryFinished", "EventSource": "ADE GUI", "HistoryName": "ExplorerRun.0"}
[2024-11-08 03:07:16.621 +0100] [WARN] [cadence.virtuoso.ade.gui] - Following tests do not have any outputs selected for plotting:
tbuf_asap_7_TB_1
 {"history": "ExplorerRun.0", "point": 1, "testname": "tbuf_asap_7_TB_1", "detailed_message": "", "message_id": "EXPLORER-1617"}
[2024-11-08 03:07:16.956 +0100] [EVENT] [cadence.virtuoso.ade.gui] - AddLogFile {"history": "ExplorerRun.0", "point": 1, "testname": "tbuf_asap_7_TB_1", "event": "AddLogFile", "EventSource": "ADE GUI", "HistoryName": "ExplorerRun.0", "Points": "", "EventLogFile": "/home/cae1/Desktop/FPGA-OpenFPGA/asap7_Vir/logs_cae1/logs0/virtuoso_ade_debug.log", "EventTool": "ADE GUI", "EventTest": ""}
[2024-11-08 03:07:16.956 +0100] [EVENT] [cadence.virtuoso.ade.gui] - NewHistoryCreated {"history": "ExplorerRun.0", "point": 1, "testname": "tbuf_asap_7_TB_1", "event": "NewHistoryCreated", "EventSource": "ADE GUI", "HistoryName": "ExplorerRun.0", "WorkDir": "/home/cae1/Desktop/FPGA-OpenFPGA/asap7_Vir", "HistorySimDir": "/home/cae1/simulation/tbuf_asap_7/TB/maestro/results/maestro/ExplorerRun.0", "HistoryResultsDir": "/home/cae1/Desktop/FPGA-OpenFPGA/asap7_Vir/tbuf_asap_7/TB/maestro/results/maestro"}
[2024-11-08 03:07:16.957 +0100] [PROCESS] [cadence.virtuoso.ade.gui] - History Setup {"hostname": "cae-europractice1.othr.de", "processid": 3926514, "history": "ExplorerRun.0", "testname": "tbuf_asap_7_TB_1", "point": 1, "logfile": "/home/cae1/Desktop/FPGA-OpenFPGA/asap7_Vir/logs_cae1/logs0/virtuoso_ade_debug.log", "jobmode": "LSCS", "runmode": "Single Run, Sweeps and Corners", "lib": "tbuf_asap_7", "cell": "TB", "view": "maestro", "icversion": "sub-version  IC23.1-64b.ISR2.29 ", "runstart": "Fri Nov  8 03:07:16 2024\n", "timezonelocal": "+000", "spectreversion": "unknown", "jobpolicyname": "", "maxjobs": "unknown", "ncjobpolicyname": "", "ncmaxjobs": "unknown", "numtests": "1", "runfinished": "unknown", "runelapsed": "-1", "numcorners": "1"}
[2024-11-08 03:07:18.096 +0100] [EVENT] [cadence.virtuoso.ade.pointevaluator] - NewPoint {"history": "ExplorerRun.0", "point": 1, "testname": "tbuf_asap_7_TB_1", "event": "NewPoint", "EventSource": "ADE GUI", "HistoryName": "ExplorerRun.0", "logFile": "/home/cae1/Desktop/FPGA-OpenFPGA/asap7_Vir/logs_cae1/logs0/virtuoso_ade_debug.log", "logFileSize": "9394"}
[2024-11-08 03:07:18.097 +0100] [INFO] [cadence.virtuoso.ade.pointevaluator] - Started netlisting {"history": "ExplorerRun.0", "point": 1, "testname": "tbuf_asap_7_TB_1", "event": "start", "category": "point-netlist"}
[2024-11-08 03:07:18.522 +0100] [INFO] [cadence.virtuoso.ade.pointevaluator] - Finished netlisting {"history": "ExplorerRun.0", "point": 1, "testname": "tbuf_asap_7_TB_1", "event": "finish", "category": "point-netlist"}
[2024-11-08 03:07:18.522 +0100] [INFO] [cadence.virtuoso.ade.pointevaluator] - Submitted {"history": "ExplorerRun.0", "point": 1, "testname": "tbuf_asap_7_TB_1"}
[2024-11-08 03:07:18.961 +0100] [ERROR] [cadence.virtuoso.ade.gui] - Netlist failed {"history": "ExplorerRun.0", "point": 1, "testname": "tbuf_asap_7_TB_1"}
[2024-11-08 03:07:19.289 +0100] [EVENT] [cadence.virtuoso.ade.gui] - HistoryFinished {"history": "ExplorerRun.0", "point": 1, "testname": "tbuf_asap_7_TB_1", "event": "HistoryFinished", "EventSource": "ADE GUI", "HistoryName": "ExplorerRun.0"}
[2024-11-08 03:07:26.366 +0100] [PROCESS] [cadence.virtuoso.ade.gui] - Netlist Service '3931796' stopped with exit code '0' {"logfile": "/home/cae1/Desktop/FPGA-OpenFPGA/asap7_Vir/logs_cae1/logs0/Service1.log"}
[2024-11-08 03:09:54.804 +0100] [WARN] [cadence.virtuoso.ade.gui] - Following tests do not have any outputs selected for plotting:
tbuf_asap_7_TB_1
 {"history": "ExplorerRun.0", "point": 1, "testname": "tbuf_asap_7_TB_1", "detailed_message": "", "message_id": "EXPLORER-1617"}
[2024-11-08 03:09:55.173 +0100] [EVENT] [cadence.virtuoso.ade.gui] - AddLogFile {"history": "ExplorerRun.0", "point": 1, "testname": "tbuf_asap_7_TB_1", "event": "AddLogFile", "EventSource": "ADE GUI", "HistoryName": "ExplorerRun.0", "Points": "", "EventLogFile": "/home/cae1/Desktop/FPGA-OpenFPGA/asap7_Vir/logs_cae1/logs0/virtuoso_ade_debug.log", "EventTool": "ADE GUI", "EventTest": ""}
[2024-11-08 03:09:55.174 +0100] [EVENT] [cadence.virtuoso.ade.gui] - NewHistoryCreated {"history": "ExplorerRun.0", "point": 1, "testname": "tbuf_asap_7_TB_1", "event": "NewHistoryCreated", "EventSource": "ADE GUI", "HistoryName": "ExplorerRun.0", "WorkDir": "/home/cae1/Desktop/FPGA-OpenFPGA/asap7_Vir", "HistorySimDir": "/home/cae1/simulation/tbuf_asap_7/TB/maestro/results/maestro/ExplorerRun.0", "HistoryResultsDir": "/home/cae1/Desktop/FPGA-OpenFPGA/asap7_Vir/tbuf_asap_7/TB/maestro/results/maestro"}
[2024-11-08 03:09:55.174 +0100] [PROCESS] [cadence.virtuoso.ade.gui] - History Setup {"hostname": "cae-europractice1.othr.de", "processid": 3926514, "history": "ExplorerRun.0", "testname": "tbuf_asap_7_TB_1", "point": 1, "logfile": "/home/cae1/Desktop/FPGA-OpenFPGA/asap7_Vir/logs_cae1/logs0/virtuoso_ade_debug.log", "jobmode": "LSCS", "runmode": "Single Run, Sweeps and Corners", "lib": "tbuf_asap_7", "cell": "TB", "view": "maestro", "icversion": "sub-version  IC23.1-64b.ISR2.29 ", "runstart": "Fri Nov  8 03:09:55 2024\n", "timezonelocal": "+000", "spectreversion": "unknown", "jobpolicyname": "", "maxjobs": "unknown", "ncjobpolicyname": "", "ncmaxjobs": "unknown", "numtests": "1", "runfinished": "unknown", "runelapsed": "-1", "numcorners": "1"}
[2024-11-08 03:09:56.439 +0100] [EVENT] [cadence.virtuoso.ade.pointevaluator] - NewPoint {"history": "ExplorerRun.0", "point": 1, "testname": "tbuf_asap_7_TB_1", "event": "NewPoint", "EventSource": "ADE GUI", "HistoryName": "ExplorerRun.0", "logFile": "/home/cae1/Desktop/FPGA-OpenFPGA/asap7_Vir/logs_cae1/logs0/virtuoso_ade_debug.log", "logFileSize": "12892"}
[2024-11-08 03:09:56.439 +0100] [INFO] [cadence.virtuoso.ade.pointevaluator] - Started netlisting {"history": "ExplorerRun.0", "point": 1, "testname": "tbuf_asap_7_TB_1", "event": "start", "category": "point-netlist"}
[2024-11-08 03:09:56.879 +0100] [INFO] [cadence.virtuoso.ade.pointevaluator] - Finished netlisting {"history": "ExplorerRun.0", "point": 1, "testname": "tbuf_asap_7_TB_1", "event": "finish", "category": "point-netlist"}
[2024-11-08 03:09:56.879 +0100] [INFO] [cadence.virtuoso.ade.pointevaluator] - Submitted {"history": "ExplorerRun.0", "point": 1, "testname": "tbuf_asap_7_TB_1"}
[2024-11-08 03:09:57.150 +0100] [ERROR] [cadence.virtuoso.ade.gui] - Netlist failed {"history": "ExplorerRun.0", "point": 1, "testname": "tbuf_asap_7_TB_1"}
[2024-11-08 03:09:57.481 +0100] [EVENT] [cadence.virtuoso.ade.gui] - HistoryFinished {"history": "ExplorerRun.0", "point": 1, "testname": "tbuf_asap_7_TB_1", "event": "HistoryFinished", "EventSource": "ADE GUI", "HistoryName": "ExplorerRun.0"}
[2024-11-08 03:13:14.216 +0100] [WARN] [cadence.virtuoso.ade.gui] - Following tests do not have any outputs selected for plotting:
tbuf_asap_7_TB_1
 {"history": "ExplorerRun.0", "point": 1, "testname": "tbuf_asap_7_TB_1", "detailed_message": "", "message_id": "EXPLORER-1617"}
[2024-11-08 03:13:14.574 +0100] [EVENT] [cadence.virtuoso.ade.gui] - AddLogFile {"history": "ExplorerRun.0", "point": 1, "testname": "tbuf_asap_7_TB_1", "event": "AddLogFile", "EventSource": "ADE GUI", "HistoryName": "ExplorerRun.0", "Points": "", "EventLogFile": "/home/cae1/Desktop/FPGA-OpenFPGA/asap7_Vir/logs_cae1/logs0/virtuoso_ade_debug.log", "EventTool": "ADE GUI", "EventTest": ""}
[2024-11-08 03:13:14.575 +0100] [EVENT] [cadence.virtuoso.ade.gui] - NewHistoryCreated {"history": "ExplorerRun.0", "point": 1, "testname": "tbuf_asap_7_TB_1", "event": "NewHistoryCreated", "EventSource": "ADE GUI", "HistoryName": "ExplorerRun.0", "WorkDir": "/home/cae1/Desktop/FPGA-OpenFPGA/asap7_Vir", "HistorySimDir": "/home/cae1/simulation/tbuf_asap_7/TB/maestro/results/maestro/ExplorerRun.0", "HistoryResultsDir": "/home/cae1/Desktop/FPGA-OpenFPGA/asap7_Vir/tbuf_asap_7/TB/maestro/results/maestro"}
[2024-11-08 03:13:14.575 +0100] [PROCESS] [cadence.virtuoso.ade.gui] - History Setup {"hostname": "cae-europractice1.othr.de", "processid": 3926514, "history": "ExplorerRun.0", "testname": "tbuf_asap_7_TB_1", "point": 1, "logfile": "/home/cae1/Desktop/FPGA-OpenFPGA/asap7_Vir/logs_cae1/logs0/virtuoso_ade_debug.log", "jobmode": "LSCS", "runmode": "Single Run, Sweeps and Corners", "lib": "tbuf_asap_7", "cell": "TB", "view": "maestro", "icversion": "sub-version  IC23.1-64b.ISR2.29 ", "runstart": "Fri Nov  8 03:13:14 2024\n", "timezonelocal": "+000", "spectreversion": "unknown", "jobpolicyname": "", "maxjobs": "unknown", "ncjobpolicyname": "", "ncmaxjobs": "unknown", "numtests": "1", "runfinished": "unknown", "runelapsed": "-1", "numcorners": "1"}
[2024-11-08 03:13:15.749 +0100] [EVENT] [cadence.virtuoso.ade.pointevaluator] - NewPoint {"history": "ExplorerRun.0", "point": 1, "testname": "tbuf_asap_7_TB_1", "event": "NewPoint", "EventSource": "ADE GUI", "HistoryName": "ExplorerRun.0", "logFile": "/home/cae1/Desktop/FPGA-OpenFPGA/asap7_Vir/logs_cae1/logs0/virtuoso_ade_debug.log", "logFileSize": "16180"}
[2024-11-08 03:13:15.750 +0100] [INFO] [cadence.virtuoso.ade.pointevaluator] - Started netlisting {"history": "ExplorerRun.0", "point": 1, "testname": "tbuf_asap_7_TB_1", "event": "start", "category": "point-netlist"}
[2024-11-08 03:13:16.194 +0100] [INFO] [cadence.virtuoso.ade.pointevaluator] - Finished netlisting {"history": "ExplorerRun.0", "point": 1, "testname": "tbuf_asap_7_TB_1", "event": "finish", "category": "point-netlist"}
[2024-11-08 03:13:16.194 +0100] [INFO] [cadence.virtuoso.ade.pointevaluator] - Submitted {"history": "ExplorerRun.0", "point": 1, "testname": "tbuf_asap_7_TB_1"}
[2024-11-08 03:13:16.961 +0100] [ERROR] [cadence.virtuoso.ade.gui] - Netlist failed {"history": "ExplorerRun.0", "point": 1, "testname": "tbuf_asap_7_TB_1"}
[2024-11-08 03:13:17.296 +0100] [EVENT] [cadence.virtuoso.ade.gui] - HistoryFinished {"history": "ExplorerRun.0", "point": 1, "testname": "tbuf_asap_7_TB_1", "event": "HistoryFinished", "EventSource": "ADE GUI", "HistoryName": "ExplorerRun.0"}
[2024-11-08 03:17:49.736 +0100] [WARN] [cadence.virtuoso.ade.gui] - Following tests do not have any outputs selected for plotting:
tbuf_asap_7_TB_1
 {"history": "ExplorerRun.0", "point": 1, "testname": "tbuf_asap_7_TB_1", "detailed_message": "", "message_id": "EXPLORER-1617"}
[2024-11-08 03:17:50.101 +0100] [EVENT] [cadence.virtuoso.ade.gui] - AddLogFile {"history": "ExplorerRun.0", "point": 1, "testname": "tbuf_asap_7_TB_1", "event": "AddLogFile", "EventSource": "ADE GUI", "HistoryName": "ExplorerRun.0", "Points": "", "EventLogFile": "/home/cae1/Desktop/FPGA-OpenFPGA/asap7_Vir/logs_cae1/logs0/virtuoso_ade_debug.log", "EventTool": "ADE GUI", "EventTest": ""}
[2024-11-08 03:17:50.102 +0100] [EVENT] [cadence.virtuoso.ade.gui] - NewHistoryCreated {"history": "ExplorerRun.0", "point": 1, "testname": "tbuf_asap_7_TB_1", "event": "NewHistoryCreated", "EventSource": "ADE GUI", "HistoryName": "ExplorerRun.0", "WorkDir": "/home/cae1/Desktop/FPGA-OpenFPGA/asap7_Vir", "HistorySimDir": "/home/cae1/simulation/tbuf_asap_7/TB/maestro/results/maestro/ExplorerRun.0", "HistoryResultsDir": "/home/cae1/Desktop/FPGA-OpenFPGA/asap7_Vir/tbuf_asap_7/TB/maestro/results/maestro"}
[2024-11-08 03:17:50.102 +0100] [PROCESS] [cadence.virtuoso.ade.gui] - History Setup {"hostname": "cae-europractice1.othr.de", "processid": 3926514, "history": "ExplorerRun.0", "testname": "tbuf_asap_7_TB_1", "point": 1, "logfile": "/home/cae1/Desktop/FPGA-OpenFPGA/asap7_Vir/logs_cae1/logs0/virtuoso_ade_debug.log", "jobmode": "LSCS", "runmode": "Single Run, Sweeps and Corners", "lib": "tbuf_asap_7", "cell": "TB", "view": "maestro", "icversion": "sub-version  IC23.1-64b.ISR2.29 ", "runstart": "Fri Nov  8 03:17:50 2024\n", "timezonelocal": "+000", "spectreversion": "unknown", "jobpolicyname": "", "maxjobs": "unknown", "ncjobpolicyname": "", "ncmaxjobs": "unknown", "numtests": "1", "runfinished": "unknown", "runelapsed": "-1", "numcorners": "1"}
[2024-11-08 03:17:51.293 +0100] [EVENT] [cadence.virtuoso.ade.pointevaluator] - NewPoint {"history": "ExplorerRun.0", "point": 1, "testname": "tbuf_asap_7_TB_1", "event": "NewPoint", "EventSource": "ADE GUI", "HistoryName": "ExplorerRun.0", "logFile": "/home/cae1/Desktop/FPGA-OpenFPGA/asap7_Vir/logs_cae1/logs0/virtuoso_ade_debug.log", "logFileSize": "19468"}
[2024-11-08 03:17:51.293 +0100] [INFO] [cadence.virtuoso.ade.pointevaluator] - Started netlisting {"history": "ExplorerRun.0", "point": 1, "testname": "tbuf_asap_7_TB_1", "event": "start", "category": "point-netlist"}
[2024-11-08 03:17:51.751 +0100] [INFO] [cadence.virtuoso.ade.pointevaluator] - Finished netlisting {"history": "ExplorerRun.0", "point": 1, "testname": "tbuf_asap_7_TB_1", "event": "finish", "category": "point-netlist"}
[2024-11-08 03:17:51.751 +0100] [INFO] [cadence.virtuoso.ade.pointevaluator] - Submitted {"history": "ExplorerRun.0", "point": 1, "testname": "tbuf_asap_7_TB_1"}
[2024-11-08 03:17:52.016 +0100] [ERROR] [cadence.virtuoso.ade.gui] - Netlist failed {"history": "ExplorerRun.0", "point": 1, "testname": "tbuf_asap_7_TB_1"}
[2024-11-08 03:17:52.343 +0100] [EVENT] [cadence.virtuoso.ade.gui] - HistoryFinished {"history": "ExplorerRun.0", "point": 1, "testname": "tbuf_asap_7_TB_1", "event": "HistoryFinished", "EventSource": "ADE GUI", "HistoryName": "ExplorerRun.0"}
[2024-11-08 03:23:39.265 +0100] [WARN] [cadence.virtuoso.ade.gui] - Switching the job control mode from LSCS to ICRP because this test is using a non-Cadence simulator. {"history": "ExplorerRun.0", "point": 1, "testname": "tbuf_asap_7_TB_1", "detailed_message": "", "message_id": "EXPLORER-9102"}
[2024-11-08 03:23:41.600 +0100] [WARN] [cadence.virtuoso.ade.gui] - Following tests do not have any outputs selected for plotting:
tbuf_asap_7_TB_1
 {"history": "ExplorerRun.0", "point": 1, "testname": "tbuf_asap_7_TB_1", "detailed_message": "", "message_id": "EXPLORER-1617"}
[2024-11-08 03:23:41.604 +0100] [ERROR] [cadence.virtuoso.ade.gui] - Simulator not in path for the following tests:
tbuf_asap_7_TB_1
 {"history": "ExplorerRun.0", "point": 1, "testname": "tbuf_asap_7_TB_1", "detailed_message": "Make sure to have simulator in path for these tests before running simulations \nor disable these tests.\n", "message_id": "EXPLORER-1612"}
[2024-11-08 03:31:27.144 +0100] [PROCESS] [cadence.virtuoso.ade.gui] - /home/cae1/Desktop/FPGA-OpenFPGA/asap7_Vir/.tmp_cae1/.cmddir0/swiftLoggingService2 is starting {"logfile": "/home/cae1/Desktop/FPGA-OpenFPGA/asap7_Vir/logs_cae1/logs0/LoggingService2.log"}
[2024-11-08 03:31:27.261 +0100] [PROCESS] [cadence.virtuoso.ade.gui] - /home/cae1/Desktop/FPGA-OpenFPGA/asap7_Vir/.tmp_cae1/.cmddir0/swiftNetlistService3 is starting {"logfile": "/home/cae1/Desktop/FPGA-OpenFPGA/asap7_Vir/logs_cae1/logs0/Service3.log"}
[2024-11-08 03:31:27.261 +0100] [PROCESS] [cadence.virtuoso.ade.gui] - Logging Service '3944462' is starting up on host 'cae-europractice1.othr.de' {"logfile": "/home/cae1/Desktop/FPGA-OpenFPGA/asap7_Vir/logs_cae1/logs0/LoggingService2.log"}
[2024-11-08 03:31:28.125 +0100] [PROCESS] [cadence.virtuoso.ade.gui] - Netlist Service '3944479' is starting up on host 'cae-europractice1.othr.de' {"logfile": "/home/cae1/Desktop/FPGA-OpenFPGA/asap7_Vir/logs_cae1/logs0/Service3.log"}
[2024-11-08 03:32:35.380 +0100] [WARN] [cadence.virtuoso.ade.gui] - Switching the job control mode from LSCS to ICRP because this test is using a non-Cadence simulator. {"detailed_message": "", "message_id": "EXPLORER-9102"}
[2024-11-08 03:32:37.677 +0100] [ERROR] [cadence.virtuoso.ade.gui] - Simulator not in path for the following tests:
tbuf_asap_7_TB_1
 {"detailed_message": "Make sure to have simulator in path for these tests before running simulations \nor disable these tests.\n", "message_id": "EXPLORER-1612"}
[2024-11-08 03:32:38.886 +0100] [PROCESS] [cadence.virtuoso.ade.gui] - Logging Service '3944462' stopped with exit code '0' {"logfile": "/home/cae1/Desktop/FPGA-OpenFPGA/asap7_Vir/logs_cae1/logs0/LoggingService2.log"}
