Assembler report for ex8_1
Thu Mar 02 17:06:30 2006
Version 5.1 Build 176 10/26/2005 Service Pack 0.15 SJ Web Edition


---------------------
; Table of Contents ;
---------------------
  1. Legal Notice
  2. Assembler Summary
  3. Assembler Settings
  4. Assembler Generated Files
  5. Assembler Device Options: C:/altera/FPGA_course/ex8/ex8_1/ex8_1.sof
  6. Assembler Device Options: C:/altera/FPGA_course/ex8/ex8_1/ex8_1.pof
  7. Assembler Messages



----------------
; Legal Notice ;
----------------
Copyright (C) 1991-2005 Altera Corporation
Your use of Altera Corporation's design tools, logic functions 
and other software and tools, and its AMPP partner logic 
functions, and any output files any of the foregoing 
(including device programming or simulation files), and any 
associated documentation or information are expressly subject 
to the terms and conditions of the Altera Program License 
Subscription Agreement, Altera MegaCore Function License 
Agreement, or other applicable license agreement, including, 
without limitation, that your use is for the sole purpose of 
programming logic devices manufactured by Altera and sold by 
Altera or its authorized distributors.  Please refer to the 
applicable agreement for further details.



+---------------------------------------------------------------+
; Assembler Summary                                             ;
+-----------------------+---------------------------------------+
; Assembler Status      ; Successful - Thu Mar 02 17:06:30 2006 ;
; Revision Name         ; ex8_1                                 ;
; Top-level Entity Name ; ex8_1                                 ;
; Family                ; Cyclone                               ;
; Device                ; EP1C12F256C7                          ;
+-----------------------+---------------------------------------+


+-----------------------------------------------------------------------------------------------------------+
; Assembler Settings                                                                                        ;
+--------------------------------------------------------------------------------+----------+---------------+
; Option                                                                         ; Setting  ; Default Value ;
+--------------------------------------------------------------------------------+----------+---------------+
; Use smart compilation                                                          ; Off      ; Off           ;
; Generate Serial Vector Format File (.svf) for Target Device                    ; Off      ; Off           ;
; Generate a JEDEC STAPL Format File (.jam) for Target Device                    ; Off      ; Off           ;
; Generate an uncompressed Jam STAPL Byte Code 2.0 File (.jbc) for Target Device ; Off      ; Off           ;
; Generate a compressed Jam STAPL Byte Code 2.0 File (.jbc) for Target Device    ; On       ; On            ;
; Generate compressed bitstreams                                                 ; On       ; On            ;
; Compression mode                                                               ; Off      ; Off           ;
; Clock source for configuration device                                          ; Internal ; Internal      ;
; Clock frequency of the configuration device                                    ; 10 MHZ   ; 10 MHz        ;
; Divide clock frequency by                                                      ; 1        ; 1             ;
; JTAG user code for target device                                               ; Ffffffff ; Ffffffff      ;
; Auto user code                                                                 ; Off      ; Off           ;
; Use configuration device                                                       ; On       ; On            ;
; Configuration device                                                           ; Auto     ; Auto          ;
; JTAG user code for configuration device                                        ; Ffffffff ; Ffffffff      ;
; Configuration device auto user code                                            ; Off      ; Off           ;
; Auto-increment JTAG user code for multiple configuration devices               ; On       ; On            ;
; Generate Tabular Text File (.ttf) For Target Device                            ; Off      ; Off           ;
; Generate Raw Binary File (.rbf) For Target Device                              ; Off      ; Off           ;
; Generate Hexadecimal (Intel-Format) Output File (.hexout) for Target Device    ; Off      ; Off           ;
; Hexadecimal Output File start address                                          ; 0        ; 0             ;
; Hexadecimal Output File count direction                                        ; Up       ; Up            ;
; Release clears before tri-states                                               ; Off      ; Off           ;
; Auto-restart configuration after error                                         ; On       ; On            ;
+--------------------------------------------------------------------------------+----------+---------------+


+-------------------------------------------+
; Assembler Generated Files                 ;
+-------------------------------------------+
; File Name                                 ;
+-------------------------------------------+
; C:/altera/FPGA_course/ex8/ex8_1/ex8_1.sof ;
; C:/altera/FPGA_course/ex8/ex8_1/ex8_1.pof ;
+-------------------------------------------+


+---------------------------------------------------------------------+
; Assembler Device Options: C:/altera/FPGA_course/ex8/ex8_1/ex8_1.sof ;
+----------------+----------------------------------------------------+
; Option         ; Setting                                            ;
+----------------+----------------------------------------------------+
; Device         ; EP1C12F256C7                                       ;
; JTAG usercode  ; 0xFFFFFFFF                                         ;
; Checksum       ; 0x0011ECF5                                         ;
+----------------+----------------------------------------------------+


+---------------------------------------------------------------------+
; Assembler Device Options: C:/altera/FPGA_course/ex8/ex8_1/ex8_1.pof ;
+----------------+----------------------------------------------------+
; Option         ; Setting                                            ;
+----------------+----------------------------------------------------+
; Device         ; EPCS4                                              ;
; JTAG usercode  ; 0x00000000                                         ;
; Checksum       ; 0x06C21C36                                         ;
+----------------+----------------------------------------------------+


+--------------------+
; Assembler Messages ;
+--------------------+
Info: *******************************************************************
Info: Running Quartus II Assembler
    Info: Version 5.1 Build 176 10/26/2005 Service Pack 0.15 SJ Web Edition
    Info: Processing started: Thu Mar 02 17:06:28 2006
Info: Command: quartus_asm --read_settings_files=off --write_settings_files=off ex8_1 -c ex8_1
Info: Quartus II Assembler was successful. 0 errors, 0 warnings
    Info: Processing ended: Thu Mar 02 17:06:30 2006
    Info: Elapsed time: 00:00:03


