Flow report for ex18
Mon Sep 18 20:42:11 2006
Version 6.0 Build 202 06/20/2006 Service Pack 1 SJ Web Edition


---------------------
; Table of Contents ;
---------------------
  1. Legal Notice
  2. Flow Summary
  3. Flow Settings
  4. Flow Non-Default Global Settings
  5. Flow Elapsed Time
  6. Flow Log



----------------
; Legal Notice ;
----------------
Copyright (C) 1991-2006 Altera Corporation
Your use of Altera Corporation's design tools, logic functions 
and other software and tools, and its AMPP partner logic 
functions, and any output files any of the foregoing 
(including device programming or simulation files), and any 
associated documentation or information are expressly subject 
to the terms and conditions of the Altera Program License 
Subscription Agreement, Altera MegaCore Function License 
Agreement, or other applicable license agreement, including, 
without limitation, that your use is for the sole purpose of 
programming logic devices manufactured by Altera and sold by 
Altera or its authorized distributors.  Please refer to the 
applicable agreement for further details.



+------------------------------------------------------------------------+
; Flow Summary                                                           ;
+-------------------------+----------------------------------------------+
; Flow Status             ; Successful - Mon Sep 18 20:42:11 2006        ;
; Quartus II Version      ; 6.0 Build 202 06/20/2006 SP 1 SJ Web Edition ;
; Revision Name           ; ex18                                         ;
; Top-level Entity Name   ; T8052_Toplevel                               ;
; Family                  ; Cyclone                                      ;
; Device                  ; EP1C12F256C7                                 ;
; Timing Models           ; Final                                        ;
; Met timing requirements ; Yes                                          ;
; Total logic elements    ; 2,729 / 12,060 ( 23 % )                      ;
; Total pins              ; 41 / 185 ( 22 % )                            ;
; Total virtual pins      ; 0                                            ;
; Total memory bits       ; 102,400 / 239,616 ( 43 % )                   ;
; Total PLLs              ; 1 / 2 ( 50 % )                               ;
+-------------------------+----------------------------------------------+


+-----------------------------------------+
; Flow Settings                           ;
+-------------------+---------------------+
; Option            ; Setting             ;
+-------------------+---------------------+
; Start date & time ; 09/18/2006 20:37:32 ;
; Main task         ; Compilation         ;
; Revision Name     ; ex18                ;
+-------------------+---------------------+


+--------------------------------------------------------------------------------------------------------------+
; Flow Non-Default Global Settings                                                                             ;
+------------------------------+-----------------------+---------------+-------------+-------------------------+
; Assignment Name              ; Value                 ; Default Value ; Entity Name ; Section Id              ;
+------------------------------+-----------------------+---------------+-------------+-------------------------+
; EDA_BOARD_DESIGN_SYMBOL_TOOL ; FPGA Xchange (Symbol) ; <None>        ; --          ; --                      ;
; EDA_OUTPUT_DATA_FORMAT       ; Fpga Xchange          ; --            ; --          ; eda_board_design_symbol ;
; TOP_LEVEL_ENTITY             ; T8052_Toplevel        ; ex18          ; --          ; --                      ;
+------------------------------+-----------------------+---------------+-------------+-------------------------+


+-------------------------------------+
; Flow Elapsed Time                   ;
+----------------------+--------------+
; Module Name          ; Elapsed Time ;
+----------------------+--------------+
; Analysis & Synthesis ; 00:02:10     ;
; Fitter               ; 00:00:40     ;
; Assembler            ; 00:00:03     ;
; Timing Analyzer      ; 00:00:06     ;
; EDA Netlist Writer   ; 00:00:01     ;
; MIF/HEX Update       ; 00:00:02     ;
; Total                ; 00:03:02     ;
+----------------------+--------------+


------------
; Flow Log ;
------------
quartus_map --read_settings_files=on --write_settings_files=off ex18 -c ex18
quartus_fit --read_settings_files=off --write_settings_files=off ex18 -c ex18
quartus_asm --read_settings_files=off --write_settings_files=off ex18 -c ex18
quartus_tan --read_settings_files=off --write_settings_files=off ex18 -c ex18 --timing_analysis_only
quartus_eda --read_settings_files=off --write_settings_files=off ex18 -c ex18
quartus_cdb ex18 -c ex18 --update_mif



