Flow report for seven_segment_exercise
Thu Mar 16 16:53:35 2006
Version 5.1 Build 176 10/26/2005 Service Pack 0.15 SJ Web Edition


---------------------
; Table of Contents ;
---------------------
  1. Legal Notice
  2. Flow Summary
  3. Flow Settings
  4. Flow Elapsed Time
  5. Flow Log



----------------
; Legal Notice ;
----------------
Copyright (C) 1991-2005 Altera Corporation
Your use of Altera Corporation's design tools, logic functions 
and other software and tools, and its AMPP partner logic 
functions, and any output files any of the foregoing 
(including device programming or simulation files), and any 
associated documentation or information are expressly subject 
to the terms and conditions of the Altera Program License 
Subscription Agreement, Altera MegaCore Function License 
Agreement, or other applicable license agreement, including, 
without limitation, that your use is for the sole purpose of 
programming logic devices manufactured by Altera and sold by 
Altera or its authorized distributors.  Please refer to the 
applicable agreement for further details.



+---------------------------------------------------------------------------+
; Flow Summary                                                              ;
+-------------------------+-------------------------------------------------+
; Flow Status             ; Successful - Thu Mar 16 16:53:35 2006           ;
; Quartus II Version      ; 5.1 Build 176 10/26/2005 SP 0.15 SJ Web Edition ;
; Revision Name           ; seven_segment_exercise                          ;
; Top-level Entity Name   ; seven_segment_exercise                          ;
; Family                  ; Cyclone                                         ;
; Device                  ; EP1C12F256C7                                    ;
; Timing Models           ; Final                                           ;
; Met timing requirements ; Yes                                             ;
; Total logic elements    ; 63 / 12,060 ( < 1 % )                           ;
; Total pins              ; 20 / 185 ( 11 % )                               ;
; Total virtual pins      ; 0                                               ;
; Total memory bits       ; 0 / 239,616 ( 0 % )                             ;
; Total PLLs              ; 0 / 2 ( 0 % )                                   ;
+-------------------------+-------------------------------------------------+


+--------------------------------------------+
; Flow Settings                              ;
+-------------------+------------------------+
; Option            ; Setting                ;
+-------------------+------------------------+
; Start date & time ; 03/16/2006 16:53:01    ;
; Main task         ; Compilation            ;
; Revision Name     ; seven_segment_exercise ;
+-------------------+------------------------+


+-------------------------------------+
; Flow Elapsed Time                   ;
+----------------------+--------------+
; Module Name          ; Elapsed Time ;
+----------------------+--------------+
; Analysis & Synthesis ; 00:00:06     ;
; Fitter               ; 00:00:11     ;
; Assembler            ; 00:00:03     ;
; Timing Analyzer      ; 00:00:01     ;
; EDA Netlist Writer   ; 00:00:01     ;
; Total                ; 00:00:22     ;
+----------------------+--------------+


------------
; Flow Log ;
------------
quartus_map --read_settings_files=on --write_settings_files=off seven_segment_exercise -c seven_segment_exercise
quartus_fit --read_settings_files=off --write_settings_files=off seven_segment_exercise -c seven_segment_exercise
quartus_asm --read_settings_files=off --write_settings_files=off seven_segment_exercise -c seven_segment_exercise
quartus_tan --read_settings_files=off --write_settings_files=off seven_segment_exercise -c seven_segment_exercise --timing_analysis_only
quartus_eda --read_settings_files=off --write_settings_files=off seven_segment_exercise -c seven_segment_exercise



