Analysis & Synthesis report for seven_segment_exercise
Thu Mar 16 16:53:07 2006
Version 5.1 Build 176 10/26/2005 Service Pack 0.15 SJ Web Edition


---------------------
; Table of Contents ;
---------------------
  1. Legal Notice
  2. Analysis & Synthesis Summary
  3. Analysis & Synthesis Settings
  4. Analysis & Synthesis Source Files Read
  5. Analysis & Synthesis Resource Usage Summary
  6. Analysis & Synthesis Resource Utilization by Entity
  7. General Register Statistics
  8. Multiplexer Restructuring Statistics (Restructuring Performed)
  9. Analysis & Synthesis Equations
 10. Analysis & Synthesis Messages



----------------
; Legal Notice ;
----------------
Copyright (C) 1991-2005 Altera Corporation
Your use of Altera Corporation's design tools, logic functions 
and other software and tools, and its AMPP partner logic 
functions, and any output files any of the foregoing 
(including device programming or simulation files), and any 
associated documentation or information are expressly subject 
to the terms and conditions of the Altera Program License 
Subscription Agreement, Altera MegaCore Function License 
Agreement, or other applicable license agreement, including, 
without limitation, that your use is for the sole purpose of 
programming logic devices manufactured by Altera and sold by 
Altera or its authorized distributors.  Please refer to the 
applicable agreement for further details.



+-------------------------------------------------------------------------------+
; Analysis & Synthesis Summary                                                  ;
+-----------------------------+-------------------------------------------------+
; Analysis & Synthesis Status ; Successful - Thu Mar 16 16:53:07 2006           ;
; Quartus II Version          ; 5.1 Build 176 10/26/2005 SP 0.15 SJ Web Edition ;
; Revision Name               ; seven_segment_exercise                          ;
; Top-level Entity Name       ; seven_segment_exercise                          ;
; Family                      ; Cyclone                                         ;
; Total logic elements        ; 68                                              ;
; Total pins                  ; 20                                              ;
; Total virtual pins          ; 0                                               ;
; Total memory bits           ; 0                                               ;
; Total PLLs                  ; 0                                               ;
+-----------------------------+-------------------------------------------------+


+----------------------------------------------------------------------------------------------------------------------+
; Analysis & Synthesis Settings                                                                                        ;
+--------------------------------------------------------------------+------------------------+------------------------+
; Option                                                             ; Setting                ; Default Value          ;
+--------------------------------------------------------------------+------------------------+------------------------+
; Device                                                             ; EP1C12F256C7           ;                        ;
; Top-level entity name                                              ; seven_segment_exercise ; seven_segment_exercise ;
; Family name                                                        ; Cyclone                ; Stratix                ;
; Use smart compilation                                              ; Off                    ; Off                    ;
; Restructure Multiplexers                                           ; Auto                   ; Auto                   ;
; Create Debugging Nodes for IP Cores                                ; Off                    ; Off                    ;
; Preserve fewer node names                                          ; On                     ; On                     ;
; Disable OpenCore Plus hardware evaluation                          ; Off                    ; Off                    ;
; Verilog Version                                                    ; Verilog_2001           ; Verilog_2001           ;
; VHDL Version                                                       ; VHDL93                 ; VHDL93                 ;
; State Machine Processing                                           ; Auto                   ; Auto                   ;
; Extract Verilog State Machines                                     ; On                     ; On                     ;
; Extract VHDL State Machines                                        ; On                     ; On                     ;
; Add Pass-Through Logic to Inferred RAMs                            ; On                     ; On                     ;
; NOT Gate Push-Back                                                 ; On                     ; On                     ;
; Power-Up Don't Care                                                ; On                     ; On                     ;
; Remove Redundant Logic Cells                                       ; Off                    ; Off                    ;
; Remove Duplicate Registers                                         ; On                     ; On                     ;
; Ignore CARRY Buffers                                               ; Off                    ; Off                    ;
; Ignore CASCADE Buffers                                             ; Off                    ; Off                    ;
; Ignore GLOBAL Buffers                                              ; Off                    ; Off                    ;
; Ignore ROW GLOBAL Buffers                                          ; Off                    ; Off                    ;
; Ignore LCELL Buffers                                               ; Off                    ; Off                    ;
; Ignore SOFT Buffers                                                ; On                     ; On                     ;
; Limit AHDL Integers to 32 Bits                                     ; Off                    ; Off                    ;
; Optimization Technique -- Cyclone                                  ; Balanced               ; Balanced               ;
; Carry Chain Length -- Stratix/Stratix GX/Cyclone/MAX II/Cyclone II ; 70                     ; 70                     ;
; Auto Carry Chains                                                  ; On                     ; On                     ;
; Auto Open-Drain Pins                                               ; On                     ; On                     ;
; Remove Duplicate Logic                                             ; On                     ; On                     ;
; Perform WYSIWYG Primitive Resynthesis                              ; Off                    ; Off                    ;
; Perform gate-level register retiming                               ; Off                    ; Off                    ;
; Allow register retiming to trade off Tsu/Tco with Fmax             ; On                     ; On                     ;
; Auto ROM Replacement                                               ; On                     ; On                     ;
; Auto RAM Replacement                                               ; On                     ; On                     ;
; Auto Shift Register Replacement                                    ; On                     ; On                     ;
; Auto Clock Enable Replacement                                      ; On                     ; On                     ;
; Allow Synchronous Control Signals                                  ; On                     ; On                     ;
; Force Use of Synchronous Clear Signals                             ; Off                    ; Off                    ;
; Auto RAM Block Balancing                                           ; On                     ; On                     ;
; Auto Resource Sharing                                              ; Off                    ; Off                    ;
; Allow Any RAM Size For Recognition                                 ; Off                    ; Off                    ;
; Allow Any ROM Size For Recognition                                 ; Off                    ; Off                    ;
; Allow Any Shift Register Size For Recognition                      ; Off                    ; Off                    ;
; Maximum Number of M512 Memory Blocks                               ; -1                     ; -1                     ;
; Maximum Number of M4K Memory Blocks                                ; -1                     ; -1                     ;
; Maximum Number of M-RAM Memory Blocks                              ; -1                     ; -1                     ;
; Ignore translate_off and translate_on Synthesis Directives         ; Off                    ; Off                    ;
; Show Parameter Settings Tables in Synthesis Report                 ; On                     ; On                     ;
; Ignore Maximum Fan-Out Assignments                                 ; Off                    ; Off                    ;
; Retiming Meta-Stability Register Sequence Length                   ; 2                      ; 2                      ;
; PowerPlay Power Optimization                                       ; Normal compilation     ; Normal compilation     ;
; HDL message level                                                  ; Level2                 ; Level2                 ;
+--------------------------------------------------------------------+------------------------+------------------------+


+------------------------------------------------------------------------------------------------------------------------------------------------+
; Analysis & Synthesis Source Files Read                                                                                                         ;
+----------------------------------+-----------------+------------------------------------+------------------------------------------------------+
; File Name with User-Entered Path ; Used in Netlist ; File Type                          ; File Name with Absolute Path                         ;
+----------------------------------+-----------------+------------------------------------+------------------------------------------------------+
; pulse_generator.vhd              ; yes             ; User VHDL File                     ; C:/altera/FPGA_course/ex7/pulse_generator.vhd        ;
; seven_segment_exercise.bdf       ; yes             ; User Block Diagram/Schematic File  ; C:/altera/FPGA_course/ex7/seven_segment_exercise.bdf ;
; calculate_sum.vhd                ; yes             ; User VHDL File                     ; C:/altera/FPGA_course/ex7/calculate_sum.vhd          ;
; to_seven_segment.vhd             ; yes             ; User VHDL File                     ; C:/altera/FPGA_course/ex7/to_seven_segment.vhd       ;
; sequencer.vhd                    ; yes             ; User VHDL File                     ; C:/altera/FPGA_course/ex7/sequencer.vhd              ;
; mux_4x4_to_1x4.vhd               ; yes             ; User VHDL File                     ; C:/altera/FPGA_course/ex7/mux_4x4_to_1x4.vhd         ;
; calculate_dif.vhd                ; yes             ; User VHDL File                     ; C:/altera/FPGA_course/ex7/calculate_dif.vhd          ;
+----------------------------------+-----------------+------------------------------------+------------------------------------------------------+


+-----------------------------------------------------+
; Analysis & Synthesis Resource Usage Summary         ;
+---------------------------------------------+-------+
; Resource                                    ; Usage ;
+---------------------------------------------+-------+
; Total logic elements                        ; 68    ;
;     -- Combinational with no register       ; 49    ;
;     -- Register only                        ; 11    ;
;     -- Combinational with a register        ; 8     ;
;                                             ;       ;
; Logic element usage by number of LUT inputs ;       ;
;     -- 4 input functions                    ; 16    ;
;     -- 3 input functions                    ; 13    ;
;     -- 2 input functions                    ; 27    ;
;     -- 1 input functions                    ; 1     ;
;     -- 0 input functions                    ; 0     ;
;         -- Combinational cells for routing  ; 0     ;
;                                             ;       ;
; Logic elements by mode                      ;       ;
;     -- normal mode                          ; 49    ;
;     -- arithmetic mode                      ; 19    ;
;     -- qfbk mode                            ; 0     ;
;     -- register cascade mode                ; 0     ;
;     -- synchronous clear/load mode          ; 0     ;
;     -- asynchronous clear/load mode         ; 0     ;
;                                             ;       ;
; Total registers                             ; 19    ;
; Total logic cells in carry chains           ; 21    ;
; I/O pins                                    ; 20    ;
; Maximum fan-out node                        ; 50MHz ;
; Maximum fan-out                             ; 19    ;
; Total fan-out                               ; 199   ;
; Average fan-out                             ; 2.26  ;
+---------------------------------------------+-------+


+------------------------------------------------------------------------------------------------------------------------------------------------------------------------------------------------------------------------------------+
; Analysis & Synthesis Resource Utilization by Entity                                                                                                                                                                                ;
+-----------------------------+-------------+--------------+-------------+------+--------------+--------------+-------------------+------------------+-----------------+------------+------------------------------------------------+
; Compilation Hierarchy Node  ; Logic Cells ; LC Registers ; Memory Bits ; Pins ; Virtual Pins ; LUT-Only LCs ; Register-Only LCs ; LUT/Register LCs ; Carry Chain LCs ; Packed LCs ; Full Hierarchy Name                            ;
+-----------------------------+-------------+--------------+-------------+------+--------------+--------------+-------------------+------------------+-----------------+------------+------------------------------------------------+
; |seven_segment_exercise     ; 68 (9)      ; 19           ; 0           ; 20   ; 0            ; 49 (9)       ; 11 (0)            ; 8 (0)            ; 21 (0)          ; 0 (0)      ; |seven_segment_exercise                        ;
;    |calculate_sum:inst3|    ; 17 (17)     ; 0            ; 0           ; 0    ; 0            ; 17 (17)      ; 0 (0)             ; 0 (0)            ; 5 (5)           ; 0 (0)      ; |seven_segment_exercise|calculate_sum:inst3    ;
;    |pulse_generator:inst|   ; 33 (33)     ; 17           ; 0           ; 0    ; 0            ; 16 (16)      ; 11 (11)           ; 6 (6)            ; 16 (16)         ; 0 (0)      ; |seven_segment_exercise|pulse_generator:inst   ;
;    |sequencer:inst5|        ; 2 (2)       ; 2            ; 0           ; 0    ; 0            ; 0 (0)        ; 0 (0)             ; 2 (2)            ; 0 (0)           ; 0 (0)      ; |seven_segment_exercise|sequencer:inst5        ;
;    |to_seven_segment:inst4| ; 7 (7)       ; 0            ; 0           ; 0    ; 0            ; 7 (7)        ; 0 (0)             ; 0 (0)            ; 0 (0)           ; 0 (0)      ; |seven_segment_exercise|to_seven_segment:inst4 ;
+-----------------------------+-------------+--------------+-------------+------+--------------+--------------+-------------------+------------------+-----------------+------------+------------------------------------------------+
Note: For table entries with two numbers listed, the numbers in parentheses indicate the number of resources of the given type used by the specific entity alone. The numbers listed outside of parentheses indicate the total resources of the given type used by the specific entity and all of its sub-entities in the hierarchy.


+------------------------------------------------------+
; General Register Statistics                          ;
+----------------------------------------------+-------+
; Statistic                                    ; Value ;
+----------------------------------------------+-------+
; Total registers                              ; 19    ;
; Number of registers using Synchronous Clear  ; 0     ;
; Number of registers using Synchronous Load   ; 0     ;
; Number of registers using Asynchronous Clear ; 0     ;
; Number of registers using Asynchronous Load  ; 0     ;
; Number of registers using Clock Enable       ; 0     ;
; Number of registers using Preset             ; 0     ;
+----------------------------------------------+-------+


+-----------------------------------------------------------------------------------------------------------------------------------------------------------------------+
; Multiplexer Restructuring Statistics (Restructuring Performed)                                                                                                        ;
+--------------------+-----------+---------------+----------------------+------------------------+------------+---------------------------------------------------------+
; Multiplexer Inputs ; Bus Width ; Baseline Area ; Area if Restructured ; Saving if Restructured ; Registered ; Example Multiplexer Output                              ;
+--------------------+-----------+---------------+----------------------+------------------------+------------+---------------------------------------------------------+
; 3:1                ; 4 bits    ; 8 LEs         ; 8 LEs                ; 0 LEs                  ; No         ; |seven_segment_exercise|mux_4x4_to_1x4:inst6|current[0] ;
+--------------------+-----------+---------------+----------------------+------------------------+------------+---------------------------------------------------------+


+--------------------------------+
; Analysis & Synthesis Equations ;
+--------------------------------+
The equations can be found in C:/altera/FPGA_course/ex7/seven_segment_exercise.map.eqn.


+-------------------------------+
; Analysis & Synthesis Messages ;
+-------------------------------+
Info: *******************************************************************
Info: Running Quartus II Analysis & Synthesis
    Info: Version 5.1 Build 176 10/26/2005 Service Pack 0.15 SJ Web Edition
    Info: Processing started: Thu Mar 16 16:53:01 2006
Info: Command: quartus_map --read_settings_files=on --write_settings_files=off seven_segment_exercise -c seven_segment_exercise
Info: Found 2 design units, including 1 entities, in source file pulse_generator.vhd
    Info: Found design unit 1: pulse_generator-pulse_generator_architecture
    Info: Found entity 1: pulse_generator
Info: Found 1 design units, including 1 entities, in source file seven_segment_exercise.bdf
    Info: Found entity 1: seven_segment_exercise
Info: Found 2 design units, including 1 entities, in source file calculate_sum.vhd
    Info: Found design unit 1: calculate_sum-calculate_sum_architecture
    Info: Found entity 1: calculate_sum
Info: Found 2 design units, including 1 entities, in source file to_seven_segment.vhd
    Info: Found design unit 1: to_seven_segment-to_seven_segment_architecture
    Info: Found entity 1: to_seven_segment
Info: Found 2 design units, including 1 entities, in source file sequencer.vhd
    Info: Found design unit 1: sequencer-sequencer_architecture
    Info: Found entity 1: sequencer
Info: Found 2 design units, including 1 entities, in source file mux_4x4_to_1x4.vhd
    Info: Found design unit 1: mux_4x4_to_1x4-mux_4x4_to_1x4_architecture
    Info: Found entity 1: mux_4x4_to_1x4
Info: Found 2 design units, including 1 entities, in source file calculate_dif.vhd
    Info: Found design unit 1: calculate_dif-calculate_dif_architecture
    Info: Found entity 1: calculate_dif
Info: Elaborating entity "seven_segment_exercise" for the top level hierarchy
Info: Elaborating entity "sequencer" for hierarchy "sequencer:inst5"
Info: Elaborating entity "pulse_generator" for hierarchy "pulse_generator:inst"
Info: Elaborating entity "to_seven_segment" for hierarchy "to_seven_segment:inst4"
Info (10425): VHDL Case Statement information at to_seven_segment.vhd(82): OTHERS choice is never selected
Info: Elaborating entity "mux_4x4_to_1x4" for hierarchy "mux_4x4_to_1x4:inst6"
Info: Elaborating entity "calculate_dif" for hierarchy "calculate_dif:inst8"
Info: Elaborating entity "calculate_sum" for hierarchy "calculate_sum:inst3"
Info: Implemented 88 device resources after synthesis - the final resource count might be different
    Info: Implemented 9 input pins
    Info: Implemented 11 output pins
    Info: Implemented 68 logic cells
Info: Quartus II Analysis & Synthesis was successful. 0 errors, 0 warnings
    Info: Processing ended: Thu Mar 16 16:53:06 2006
    Info: Elapsed time: 00:00:05


