EDA Netlist Writer report for seven_segment_exercise
Thu Mar 16 16:53:35 2006
Version 5.1 Build 176 10/26/2005 Service Pack 0.15 SJ Web Edition


---------------------
; Table of Contents ;
---------------------
  1. Legal Notice
  2. EDA Netlist Writer Summary
  3. EDA Netlist Writer Messages



----------------
; Legal Notice ;
----------------
Copyright (C) 1991-2005 Altera Corporation
Your use of Altera Corporation's design tools, logic functions 
and other software and tools, and its AMPP partner logic 
functions, and any output files any of the foregoing 
(including device programming or simulation files), and any 
associated documentation or information are expressly subject 
to the terms and conditions of the Altera Program License 
Subscription Agreement, Altera MegaCore Function License 
Agreement, or other applicable license agreement, including, 
without limitation, that your use is for the sole purpose of 
programming logic devices manufactured by Altera and sold by 
Altera or its authorized distributors.  Please refer to the 
applicable agreement for further details.



+-------------------------------------------------------------------+
; EDA Netlist Writer Summary                                        ;
+---------------------------+---------------------------------------+
; EDA Netlist Writer Status ; Successful - Thu Mar 16 16:53:35 2006 ;
; Revision Name             ; seven_segment_exercise                ;
; Top-level Entity Name     ; seven_segment_exercise                ;
; Family                    ; Cyclone                               ;
+---------------------------+---------------------------------------+


+-----------------------------+
; EDA Netlist Writer Messages ;
+-----------------------------+
Info: *******************************************************************
Info: Running Quartus II EDA Netlist Writer
    Info: Version 5.1 Build 176 10/26/2005 Service Pack 0.15 SJ Web Edition
    Info: Processing started: Thu Mar 16 16:53:34 2006
Info: Command: quartus_eda --read_settings_files=off --write_settings_files=off seven_segment_exercise -c seven_segment_exercise
Info: Quartus II EDA Netlist Writer was successful. 0 errors, 0 warnings
    Info: Processing ended: Thu Mar 16 16:53:35 2006
    Info: Elapsed time: 00:00:01


