============================================================
  Generated by:           Genus(TM) Synthesis Solution 22.13-s093_1
  Generated on:           Nov 04 2024  09:14:25 am
  Module:                 fpga_top
  Operating conditions:   PVT_1P8V_25C (balanced_tree)
  Wireload mode:          enclosed
  Area mode:              timing library
============================================================

Timing
--------

   Clock     Period 
--------------------
clk[0]        946.0 
prog_clk[0] 10000.0 


    Cost      Critical         Violating 
   Group     Path Slack  TNS     Paths   
-----------------------------------------
clk[0]         No paths   0.0            
default            13.9   0.0          0 
prog_clk[0]    No paths   0.0            
-----------------------------------------
Total                     0.0          0 

Instance Count
--------------
Leaf Instance Count             412130 
Physical Instance count              0 
Sequential Instance Count        45833 
Combinational Instance Count    366297 
Hierarchical Instance Count      30292 

Area
----
Cell Area                          7564892.143
Physical Cell Area                 0.000
Total Cell Area (Cell+Physical)    7564892.143
Net Area                           0.000
Total Area (Cell+Physical+Net)     7564892.143

Max Fanout                         45113 (prog_clk[0])
Min Fanout                         0 (pReset[0])
Average Fanout                     1.7
Terms to net ratio                 2.7807
Terms to instance ratio            3.1341
Runtime                            30110.653139 seconds
Elapsed Runtime                    30096 seconds
Genus peak memory usage            4927.59 
Innovus peak memory usage          no_value 
Hostname                           cae-europractice1.othr.de
