
Cadence Innovus(TM) Implementation System.
Copyright 2022 Cadence Design Systems, Inc. All rights reserved worldwide.

Version:	v22.33-s094_1, built Fri Aug 25 16:48:21 PDT 2023
Options:	
Date:		Sat Oct 26 14:06:58 2024
Host:		cae-europractice1.othr.de (x86_64 w/Linux 5.15.0-210.163.7.el8uek.x86_64) (1core*16cpus*AMD Ryzen Threadripper PRO 5975WX 32-Cores 512KB)
OS:		Oracle Linux Server 8.10

License:
		[14:06:58.434116] Configured Lic search path (21.01-s002): 5280@hs-lic3.oth-regensburg.de:27003@hs-lic1.oth-regensburg.de:27003@hs-lic1.oth-regensburg.de:

		invs	Innovus Implementation System	22.1	checkout succeeded
		8 CPU jobs allowed with the current license(s). Use setMultiCpuUsage to set your required CPU count.
Change the soft stacksize limit to 0.2%RAM (63 mbytes). Set global soft_stack_size_limit to change the value.

**INFO:  MMMC transition support version v31-84 

<CMD> set_global _enable_mmmc_by_default_flow      $CTE::mmmc_default
<CMD> suppressMessage ENCEXT-2799
<CMD> getVersion
<CMD> getVersion
<CMD> getVersion
<CMD> define_proc_arguments ViaFillQor -info {This procedure extracts Viafill details from innovus db} -define_args {
        {-window "window coordinates" "" list optional}
        {-window_size "window size in microns" "" string optional}
    
    }
[INFO] Loading Pegasus 23.11 fill procedures
<CMD> define_proc_arguments ProcessFills -info {This procedure processes Fill types} -define_args {
    {-fillInfo "Design Fill data" "" list required}
				{-csvName "File path for Fill Data csv file" "Path of CSV file" string required}
				{-selectFill "type of fill to be selected in session" "list of BRIDGE/EXTENSION/STAMP/FLOATING" list required}
    {-output_data "Boolean Flag to output Fill Data for further processing" "" string required}
}
<CMD> define_proc_arguments FillQor -info {This procedure extracts fill details from innovus db} -define_args {
    {-layers "Fills Cleanup on which all layers" "list of Metal/Routing layers" list optional}
				{-selectFill "type of fill to be selected in session" "list of BRIDGE/EXTENSION/STAMP/FLOATING" list optional}
				{-outData "Boolean Flag to output Fill Data for further processing" "" boolean optional}
    {-outDataFile "File path for Fill Data csv file" "Path of CSV file" string optional}
}
<CMD> define_proc_arguments ProcessFills_fast -info {This procedure processes Fill types} -define_args {
    {-fillInfo "Design Fill data" "" list required}
				{-csvName "File path for Fill Data csv file" "Path of CSV file" string required}
				{-selectFill "type of fill to be selected in session" "list of BRIDGE/EXTENSION/STAMP/FLOATING" list required}
    {-output_data "Boolean Flag to output Fill Data for further processing" "" string required}
}
<CMD> define_proc_arguments FillQor_fast -info {This procedure extracts fill details from innovus db} -define_args {
    {-layers "Fills Cleanup on which all layers" "list of Metal/Routing layers" list optional}
				{-selectFill "type of fill to be selected in session" "list of BRIDGE/EXTENSION/STAMP/FLOATING" list optional}
				{-outData "Boolean Flag to output Fill Data for further processing" "" boolean optional}
    {-outDataFile "File path for Fill Data csv file" "Path of CSV file" string optional}
}
<CMD> define_proc_arguments ProcessFills_fast_stampOnly -info {This procedure processes Fill types} -define_args {
    {-fillInfo "Design Fill data" "" list required}
	
}
<CMD> define_proc_arguments FillQor_fast_stampOnly -info {This procedure extracts fill details from innovus db} -define_args {
    {-layers "Fills Cleanup on which all layers" "list of Metal/Routing layers" list optional}
}
<CMD> win
<CMD> set enc_check_rename_command_name 1
<CMD> set init_gnd_net VGND
<CMD> set init_lef_file {lef/sky130_ef_sc_hd.lef lef/sky130_fd_sc_hd.lef}
<CMD> set init_verilog SRC/fabric_netlists.v
<CMD> set init_mmmc_file Fabric.view
<CMD> set init_pwr_net VPWR
<CMD> init_design
#% Begin Load MMMC data ... (date=10/26 21:32:52, mem=1573.0M)
#% End Load MMMC data ... (date=10/26 21:32:52, total cpu=0:00:00.0, real=0:00:00.0, peak res=1573.2M, current mem=1573.2M)
RC_BEST RC_WORST

Loading LEF file lef/sky130_ef_sc_hd.lef ...
WARNING (LEFPARS-2008): NOWIREEXTENSIONATPIN statement is obsolete in version 5.6 or later.
The NOWIREEXTENSIONATPIN statement will be ignored. See file lef/sky130_ef_sc_hd.lef at line 2.
**ERROR: (IMPLF-53):	The layer 'met1' referenced in pin 'VPWR' in macro 'sky130_ef_sc_hd__decap_12' is not found in the database. A layer must be defined in the LEF technology LAYER section before it can be referenced from a macro. Review the LEF files specified in the init_lef_file variable to see if the layer does not exist or is specified after the one that defines the macro.
Type 'man IMPLF-53' for more detail.
**ERROR: (IMPLF-3):	Error found when processing LEF file 'lef/sky130_ef_sc_hd.lef'. The subsequent file content is ignored. Refer to error messages above for details. Fix the errors, and restart 'Innovus'.
Type 'man IMPLF-3' for more detail.
**ERROR: (IMPLF-26):	No technology information is defined in the first LEF file.
Please rearrange the LEF file order and make sure the technology LEF file is the
first one, exit and restart Innovus.
**ERROR: (IMPLF-26):	No technology information is defined in the first LEF file.
Please rearrange the LEF file order and make sure the technology LEF file is the
first one, exit and restart Innovus.
**ERROR: (IMPSYT-16013):	Loading LEF file(s) failed, and has aborted. Refer to error messages above for details. Please exit the tools and fix the errors first, then re-load design again.
<CMD> save_global fabric.globals
<CMD> set init_gnd_net VGND
<CMD> set init_lef_file {lef/sky130_ef_sc_hd.lef lef/sky130_fd_sc_hd.lef}
<CMD> set init_verilog SRC/fabric_netlists.v
<CMD> set init_mmmc_file Fabric.view
<CMD> set init_pwr_net VPWR
<CMD> init_design
#% Begin Load MMMC data ... (date=10/26 21:34:20, mem=1580.9M)
Extraction setup Started 
Extraction setup Started 
Extraction setup Started 
Extraction setup Started 
The existing analysis_view 'BEST_CASE' has been replaced with new attributes.
The existing analysis_view 'WORST_CASE' has been replaced with new attributes.
INFO: New setup and hold views overwrite old settings during design initialization
#% End Load MMMC data ... (date=10/26 21:34:20, total cpu=0:00:00.1, real=0:00:00.0, peak res=1582.1M, current mem=1582.1M)
RC_BEST RC_WORST

Loading LEF file lef/sky130_ef_sc_hd.lef ...
WARNING (LEFPARS-2008): NOWIREEXTENSIONATPIN statement is obsolete in version 5.6 or later.
The NOWIREEXTENSIONATPIN statement will be ignored. See file lef/sky130_ef_sc_hd.lef at line 2.
**WARN: (IMPLF-58):	MACRO 'sky130_ef_sc_hd__decap_12' has been found in the database. Its content except DENSITY and PIN ANTENNA* data, and certain properties, will be ignored.
Review the LEF files specified in the init_lef_file variable and remove redundant definitions.
Type 'man IMPLF-58' for more detail.
**WARN: (IMPLF-209):	Cell 'sky130_ef_sc_hd__decap_12' has been found in db, no extra pin 'VGND' can be added for existing macro.
**WARN: (IMPLF-209):	Cell 'sky130_ef_sc_hd__decap_12' has been found in db, no extra pin 'VPB' can be added for existing macro.
**WARN: (IMPLF-209):	Cell 'sky130_ef_sc_hd__decap_12' has been found in db, no extra pin 'VNB' can be added for existing macro.
**ERROR: (IMPLF-53):	The layer 'met1' referenced in pin 'VPWR' in macro 'sky130_ef_sc_hd__fill_4' is not found in the database. A layer must be defined in the LEF technology LAYER section before it can be referenced from a macro. Review the LEF files specified in the init_lef_file variable to see if the layer does not exist or is specified after the one that defines the macro.
Type 'man IMPLF-53' for more detail.
**ERROR: (IMPLF-3):	Error found when processing LEF file 'lef/sky130_ef_sc_hd.lef'. The subsequent file content is ignored. Refer to error messages above for details. Fix the errors, and restart 'Innovus'.
Type 'man IMPLF-3' for more detail.
**ERROR: (IMPLF-26):	No technology information is defined in the first LEF file.
Please rearrange the LEF file order and make sure the technology LEF file is the
first one, exit and restart Innovus.
**WARN: (IMPLF-61):	1 duplicated MACRO definitions have been found in the LEF file(s). Their content except DENSITY and PIN ANTENNA* data, and certain properties, have been ignored.
Review the LEF files specified in the init_lef_file variable and remove redundant definitions.
Type 'man IMPLF-61' for more detail.
**ERROR: (IMPLF-26):	No technology information is defined in the first LEF file.
Please rearrange the LEF file order and make sure the technology LEF file is the
first one, exit and restart Innovus.
**ERROR: (IMPSYT-16013):	Loading LEF file(s) failed, and has aborted. Refer to error messages above for details. Please exit the tools and fix the errors first, then re-load design again.
<CMD> set init_gnd_net VGND
<CMD> set init_lef_file {lef/sky130_ef_sc_hd.lef lef/sky130_fd_sc_hd.lef}
<CMD> set init_design_settop 0
<CMD> set init_verilog SRC/fabric_netlists.v
<CMD> set init_mmmc_file Fabric.view
<CMD> set init_pwr_net VPWR
<CMD> init_design
#% Begin Load MMMC data ... (date=10/26 21:35:01, mem=1582.1M)
Extraction setup Started 
Extraction setup Started 
Extraction setup Started 
Extraction setup Started 
The existing analysis_view 'BEST_CASE' has been replaced with new attributes.
The existing analysis_view 'WORST_CASE' has been replaced with new attributes.
INFO: New setup and hold views overwrite old settings during design initialization
#% End Load MMMC data ... (date=10/26 21:35:02, total cpu=0:00:00.0, real=0:00:00.0, peak res=1582.1M, current mem=1582.1M)
RC_BEST RC_WORST

Loading LEF file lef/sky130_ef_sc_hd.lef ...
WARNING (LEFPARS-2008): NOWIREEXTENSIONATPIN statement is obsolete in version 5.6 or later.
The NOWIREEXTENSIONATPIN statement will be ignored. See file lef/sky130_ef_sc_hd.lef at line 2.
**WARN: (IMPLF-58):	MACRO 'sky130_ef_sc_hd__decap_12' has been found in the database. Its content except DENSITY and PIN ANTENNA* data, and certain properties, will be ignored.
Review the LEF files specified in the init_lef_file variable and remove redundant definitions.
Type 'man IMPLF-58' for more detail.
**WARN: (IMPLF-209):	Cell 'sky130_ef_sc_hd__decap_12' has been found in db, no extra pin 'VGND' can be added for existing macro.
**WARN: (IMPLF-209):	Cell 'sky130_ef_sc_hd__decap_12' has been found in db, no extra pin 'VPB' can be added for existing macro.
**WARN: (IMPLF-209):	Cell 'sky130_ef_sc_hd__decap_12' has been found in db, no extra pin 'VNB' can be added for existing macro.
**WARN: (IMPLF-58):	MACRO 'sky130_ef_sc_hd__fill_4' has been found in the database. Its content except DENSITY and PIN ANTENNA* data, and certain properties, will be ignored.
Review the LEF files specified in the init_lef_file variable and remove redundant definitions.
Type 'man IMPLF-58' for more detail.
**WARN: (IMPLF-209):	Cell 'sky130_ef_sc_hd__fill_4' has been found in db, no extra pin 'VGND' can be added for existing macro.
**WARN: (IMPLF-209):	Cell 'sky130_ef_sc_hd__fill_4' has been found in db, no extra pin 'VPB' can be added for existing macro.
**WARN: (IMPLF-209):	Cell 'sky130_ef_sc_hd__fill_4' has been found in db, no extra pin 'VNB' can be added for existing macro.
**ERROR: (IMPLF-53):	The layer 'met1' referenced in pin 'VPWR' in macro 'sky130_ef_sc_hd__fill_8' is not found in the database. A layer must be defined in the LEF technology LAYER section before it can be referenced from a macro. Review the LEF files specified in the init_lef_file variable to see if the layer does not exist or is specified after the one that defines the macro.
Type 'man IMPLF-53' for more detail.
**ERROR: (IMPLF-3):	Error found when processing LEF file 'lef/sky130_ef_sc_hd.lef'. The subsequent file content is ignored. Refer to error messages above for details. Fix the errors, and restart 'Innovus'.
Type 'man IMPLF-3' for more detail.
**ERROR: (IMPLF-26):	No technology information is defined in the first LEF file.
Please rearrange the LEF file order and make sure the technology LEF file is the
first one, exit and restart Innovus.
**WARN: (IMPLF-61):	2 duplicated MACRO definitions have been found in the LEF file(s). Their content except DENSITY and PIN ANTENNA* data, and certain properties, have been ignored.
Review the LEF files specified in the init_lef_file variable and remove redundant definitions.
Type 'man IMPLF-61' for more detail.
**ERROR: (IMPLF-26):	No technology information is defined in the first LEF file.
Please rearrange the LEF file order and make sure the technology LEF file is the
first one, exit and restart Innovus.
**ERROR: (IMPSYT-16013):	Loading LEF file(s) failed, and has aborted. Refer to error messages above for details. Please exit the tools and fix the errors first, then re-load design again.

--------------------------------------------------------------------------------
Exiting Innovus on Sat Oct 26 21:35:08 2024
  Total CPU time:     2:29:26
  Total real time:    7:28:16
  Peak memory (main): 1586.23MB


*** Memory Usage v#1 (Current mem = 1565.215M, initial mem = 635.109M) ***
*** Message Summary: 14 warning(s), 15 error(s)

--- Ending "Innovus" (totcpu=2:29:23, real=7:28:10, mem=1565.2M) ---
