============================================================
  Generated by:           Genus(TM) Synthesis Solution 22.13-s093_1
  Generated on:           Nov 20 2024  03:33:29 am
  Module:                 logical_tile_clb_mode_default__fle
  Operating conditions:   ff_1.98_0 (balanced_tree)
  Wireload mode:          enclosed
  Area mode:              timing library
============================================================

Timing
--------

   Clock     Period 
--------------------
clk[0]       1777.0 
prog_clk[0] 10000.0 


    Cost      Critical         Violating 
   Group     Path Slack  TNS     Paths   
-----------------------------------------
clk[0]         No paths   0.0            
default        No paths   0.0            
prog_clk[0]    No paths   0.0            
-----------------------------------------
Total                     0.0          0 

Instance Count
--------------
Leaf Instance Count             143 
Physical Instance count           0 
Sequential Instance Count        73 
Combinational Instance Count     70 
Hierarchical Instance Count      14 

Area
----
Cell Area                          3843.066
Physical Cell Area                 0.000
Total Cell Area (Cell+Physical)    3843.066
Net Area                           0.000
Total Area (Cell+Physical+Net)     3843.066

Max Fanout                         71 (prog_clk[0])
Min Fanout                         0 (pReset[0])
Average Fanout                     1.6
Terms to net ratio                 2.8202
Terms to instance ratio            4.4965
Runtime                            8.979189 seconds
Elapsed Runtime                    21 seconds
Genus peak memory usage            1744.59 
Innovus peak memory usage          no_value 
Hostname                           cae-europractice1.othr.de
