============================================================
  Generated by:           Genus(TM) Synthesis Solution 22.13-s093_1
  Generated on:           Nov 19 2024  10:03:26 pm
  Module:                 fpga_top
  Operating conditions:   ff_1.98_0 (balanced_tree)
  Wireload mode:          enclosed
  Area mode:              timing library
============================================================

Timing
-------
  Cost    Critical         Violating 
 Group   Path Slack  TNS     Paths   
-------------------------------------
default        13.9   0.0          0 
-------------------------------------
Total                 0.0          0 

Instance Count
--------------
Leaf Instance Count             11552 
Physical Instance count             0 
Sequential Instance Count        1478 
Combinational Instance Count    10074 
Hierarchical Instance Count       748 

Area
----
Cell Area                          164174.502
Physical Cell Area                 0.000
Total Cell Area (Cell+Physical)    164174.502
Net Area                           0.000
Total Area (Cell+Physical+Net)     164174.502

Max Fanout                         1458 (prog_clk[0])
Min Fanout                         0 (grid_clb_1__1__undriven_top_width_0_height_0_subtile_0__pin_clk_0_[0])
Average Fanout                     1.7
Terms to net ratio                 2.6715
Terms to instance ratio            3.1904
Runtime                            49.238259000000006 seconds
Elapsed Runtime                    50 seconds
Genus peak memory usage            1713.73 
Innovus peak memory usage          no_value 
Hostname                           cae-europractice1.othr.de
