Timing Analyzer report for ex16
Thu Jul 20 07:46:44 2006
Version 6.0 Build 202 06/20/2006 Service Pack 1 SJ Web Edition


---------------------
; Table of Contents ;
---------------------
  1. Legal Notice
  2. Timing Analyzer Summary
  3. Timing Analyzer Settings
  4. tpd
  5. Timing Analyzer Messages



----------------
; Legal Notice ;
----------------
Copyright (C) 1991-2006 Altera Corporation
Your use of Altera Corporation's design tools, logic functions 
and other software and tools, and its AMPP partner logic 
functions, and any output files any of the foregoing 
(including device programming or simulation files), and any 
associated documentation or information are expressly subject 
to the terms and conditions of the Altera Program License 
Subscription Agreement, Altera MegaCore Function License 
Agreement, or other applicable license agreement, including, 
without limitation, that your use is for the sole purpose of 
programming logic devices manufactured by Altera and sold by 
Altera or its authorized distributors.  Please refer to the 
applicable agreement for further details.



+----------------------------------------------------------------------------------------------------------------------------+
; Timing Analyzer Summary                                                                                                    ;
+------------------------------+-------+---------------+-------------+---------+------+------------+----------+--------------+
; Type                         ; Slack ; Required Time ; Actual Time ; From    ; To   ; From Clock ; To Clock ; Failed Paths ;
+------------------------------+-------+---------------+-------------+---------+------+------------+----------+--------------+
; Worst-case tpd               ; N/A   ; None          ; 9.540 ns    ; SWITCH2 ; LED2 ; --         ; --       ; 0            ;
; Total number of failed paths ;       ;               ;             ;         ;      ;            ;          ; 0            ;
+------------------------------+-------+---------------+-------------+---------+------+------------+----------+--------------+


+------------------------------------------------------------------------------------------------------+
; Timing Analyzer Settings                                                                             ;
+-------------------------------------------------------+--------------------+------+----+-------------+
; Option                                                ; Setting            ; From ; To ; Entity Name ;
+-------------------------------------------------------+--------------------+------+----+-------------+
; Device Name                                           ; EP1C12F256C7       ;      ;    ;             ;
; Timing Models                                         ; Final              ;      ;    ;             ;
; Number of source nodes to report per destination node ; 10                 ;      ;    ;             ;
; Number of destination nodes to report                 ; 10                 ;      ;    ;             ;
; Number of paths to report                             ; 200                ;      ;    ;             ;
; Report Minimum Timing Checks                          ; Off                ;      ;    ;             ;
; Use Fast Timing Models                                ; Off                ;      ;    ;             ;
; Report IO Paths Separately                            ; Off                ;      ;    ;             ;
; Default hold multicycle                               ; Same As Multicycle ;      ;    ;             ;
; Cut paths between unrelated clock domains             ; On                 ;      ;    ;             ;
; Cut off read during write signal paths                ; On                 ;      ;    ;             ;
; Cut off feedback from I/O pins                        ; On                 ;      ;    ;             ;
; Report Combined Fast/Slow Timing                      ; Off                ;      ;    ;             ;
; Ignore Clock Settings                                 ; Off                ;      ;    ;             ;
; Analyze latches as synchronous elements               ; On                 ;      ;    ;             ;
; Enable Recovery/Removal analysis                      ; Off                ;      ;    ;             ;
; Enable Clock Latency                                  ; Off                ;      ;    ;             ;
; Use TimeQuest Timing Analyzer                         ; Off                ;      ;    ;             ;
+-------------------------------------------------------+--------------------+------+----+-------------+


+--------------------------------------------------------------+
; tpd                                                          ;
+-------+-------------------+-----------------+---------+------+
; Slack ; Required P2P Time ; Actual P2P Time ; From    ; To   ;
+-------+-------------------+-----------------+---------+------+
; N/A   ; None              ; 9.540 ns        ; SWITCH2 ; LED2 ;
; N/A   ; None              ; 9.434 ns        ; SWITCH4 ; LED3 ;
; N/A   ; None              ; 9.425 ns        ; SWITCH3 ; LED3 ;
; N/A   ; None              ; 9.407 ns        ; SWITCH4 ; LED2 ;
; N/A   ; None              ; 9.149 ns        ; SWITCH2 ; LED1 ;
; N/A   ; None              ; 9.121 ns        ; SWITCH3 ; LED2 ;
; N/A   ; None              ; 9.105 ns        ; SWITCH1 ; LED2 ;
; N/A   ; None              ; 8.714 ns        ; SWITCH1 ; LED1 ;
+-------+-------------------+-----------------+---------+------+


+--------------------------+
; Timing Analyzer Messages ;
+--------------------------+
Info: *******************************************************************
Info: Running Quartus II Timing Analyzer
    Info: Version 6.0 Build 202 06/20/2006 Service Pack 1 SJ Web Edition
    Info: Processing started: Thu Jul 20 07:46:44 2006
Info: Command: quartus_tan --read_settings_files=off --write_settings_files=off ex16 -c ex16 --timing_analysis_only
Info: Longest tpd from source pin "SWITCH2" to destination pin "LED2" is 9.540 ns
    Info: 1: + IC(0.000 ns) + CELL(1.305 ns) = 1.305 ns; Loc. = PIN_T13; Fanout = 2; PIN Node = 'SWITCH2'
    Info: 2: + IC(4.747 ns) + CELL(0.258 ns) = 6.310 ns; Loc. = LC_X52_Y1_N4; Fanout = 1; COMB Node = 'OR_2IN:inst3|OUT_SIGNAL'
    Info: 3: + IC(1.351 ns) + CELL(1.879 ns) = 9.540 ns; Loc. = PIN_M13; Fanout = 0; PIN Node = 'LED2'
    Info: Total cell delay = 3.442 ns ( 36.08 % )
    Info: Total interconnect delay = 6.098 ns ( 63.92 % )
Info: Quartus II Timing Analyzer was successful. 0 errors, 0 warnings
    Info: Processing ended: Thu Jul 20 07:46:44 2006
    Info: Elapsed time: 00:00:00


