============================================================
  Generated by:           Genus(TM) Synthesis Solution 22.13-s093_1
  Generated on:           Nov 02 2024  12:32:44 pm
  Module:                 fpga_top
  Operating conditions:   tt_025C_1v80 (balanced_tree)
  Wireload mode:          top
  Area mode:              timing library
============================================================

Timing
--------

  Clock   Period 
-----------------
prog_clk 10000.0 


  Cost     Critical         Violating 
  Group   Path Slack  TNS     Paths   
--------------------------------------
default         13.9   0.0          0 
prog_clk    No paths   0.0            
--------------------------------------
Total                  0.0          0 

Instance Count
--------------
Leaf Instance Count             11648 
Physical Instance count             0 
Sequential Instance Count        1478 
Combinational Instance Count    10170 
Hierarchical Instance Count       716 

Area
----
Cell Area                          113366.226
Physical Cell Area                 0.000
Total Cell Area (Cell+Physical)    113366.226
Net Area                           0.000
Total Area (Cell+Physical+Net)     113366.226

Max Fanout                         1458 (prog_clk[0])
Min Fanout                         0 (grid_clb_1__1__undriven_top_width_0_height_0_subtile_0__pin_clk_0_[0])
Average Fanout                     1.7
Terms to net ratio                 2.7983
Terms to instance ratio            3.1848
Runtime                            52.264035000000014 seconds
Elapsed Runtime                    81 seconds
Genus peak memory usage            1527.79 
Innovus peak memory usage          no_value 
Hostname                           cae-europractice1.othr.de
