Timing Analyzer report for ex8_2
Thu Mar 16 11:04:22 2006
Version 5.1 Build 176 10/26/2005 Service Pack 0.15 SJ Web Edition


---------------------
; Table of Contents ;
---------------------
  1. Legal Notice
  2. Timing Analyzer Summary
  3. Timing Analyzer Settings
  4. Clock Settings Summary
  5. Clock Setup: '50MHz'
  6. tco
  7. Timing Analyzer Messages



----------------
; Legal Notice ;
----------------
Copyright (C) 1991-2005 Altera Corporation
Your use of Altera Corporation's design tools, logic functions 
and other software and tools, and its AMPP partner logic 
functions, and any output files any of the foregoing 
(including device programming or simulation files), and any 
associated documentation or information are expressly subject 
to the terms and conditions of the Altera Program License 
Subscription Agreement, Altera MegaCore Function License 
Agreement, or other applicable license agreement, including, 
without limitation, that your use is for the sole purpose of 
programming logic devices manufactured by Altera and sold by 
Altera or its authorized distributors.  Please refer to the 
applicable agreement for further details.



+------------------------------------------------------------------------------------------------------------------------------------------------------------------------------------------------------+
; Timing Analyzer Summary                                                                                                                                                                              ;
+------------------------------+-------+---------------+----------------------------------+----------------------------------+----------------------------------+------------+----------+--------------+
; Type                         ; Slack ; Required Time ; Actual Time                      ; From                             ; To                               ; From Clock ; To Clock ; Failed Paths ;
+------------------------------+-------+---------------+----------------------------------+----------------------------------+----------------------------------+------------+----------+--------------+
; Worst-case tco               ; N/A   ; None          ; 7.161 ns                         ; shift_reg:inst2|TEMP_OUT[6]      ; LED7                             ; 50MHz      ; --       ; 0            ;
; Clock Setup: '50MHz'         ; N/A   ; None          ; 189.50 MHz ( period = 5.277 ns ) ; pulse_generator:inst|counter[18] ; pulse_generator:inst|counter[16] ; 50MHz      ; 50MHz    ; 0            ;
; Total number of failed paths ;       ;               ;                                  ;                                  ;                                  ;            ;          ; 0            ;
+------------------------------+-------+---------------+----------------------------------+----------------------------------+----------------------------------+------------+----------+--------------+


+------------------------------------------------------------------------------------------------------+
; Timing Analyzer Settings                                                                             ;
+-------------------------------------------------------+--------------------+------+----+-------------+
; Option                                                ; Setting            ; From ; To ; Entity Name ;
+-------------------------------------------------------+--------------------+------+----+-------------+
; Device Name                                           ; EP1C12F256C7       ;      ;    ;             ;
; Timing Models                                         ; Final              ;      ;    ;             ;
; Number of source nodes to report per destination node ; 10                 ;      ;    ;             ;
; Number of destination nodes to report                 ; 10                 ;      ;    ;             ;
; Number of paths to report                             ; 200                ;      ;    ;             ;
; Report Minimum Timing Checks                          ; Off                ;      ;    ;             ;
; Use Fast Timing Models                                ; Off                ;      ;    ;             ;
; Report IO Paths Separately                            ; Off                ;      ;    ;             ;
; Default hold multicycle                               ; Same As Multicycle ;      ;    ;             ;
; Cut paths between unrelated clock domains             ; On                 ;      ;    ;             ;
; Cut off read during write signal paths                ; On                 ;      ;    ;             ;
; Cut off feedback from I/O pins                        ; On                 ;      ;    ;             ;
; Report Combined Fast/Slow Timing                      ; Off                ;      ;    ;             ;
; Ignore Clock Settings                                 ; Off                ;      ;    ;             ;
; Analyze latches as synchronous elements               ; On                 ;      ;    ;             ;
; Enable Recovery/Removal analysis                      ; On                 ;      ;    ;             ;
; Enable Clock Latency                                  ; On                 ;      ;    ;             ;
+-------------------------------------------------------+--------------------+------+----+-------------+


+------------------------------------------------------------------------------------------------------------------------------------------------------------------------------------+
; Clock Settings Summary                                                                                                                                                             ;
+-----------------+--------------------+----------+------------------+---------------+--------------+----------+-----------------------+---------------------+--------+--------------+
; Clock Node Name ; Clock Setting Name ; Type     ; Fmax Requirement ; Early Latency ; Late Latency ; Based on ; Multiply Base Fmax by ; Divide Base Fmax by ; Offset ; Phase offset ;
+-----------------+--------------------+----------+------------------+---------------+--------------+----------+-----------------------+---------------------+--------+--------------+
; 50MHz           ;                    ; User Pin ; None             ; 0.000 ns      ; 0.000 ns     ; --       ; N/A                   ; N/A                 ; N/A    ;              ;
+-----------------+--------------------+----------+------------------+---------------+--------------+----------+-----------------------+---------------------+--------+--------------+


+---------------------------------------------------------------------------------------------------------------------------------------------------------------------------------------------------------------------------------------------------------------------------------+
; Clock Setup: '50MHz'                                                                                                                                                                                                                                                            ;
+-----------------------------------------+-----------------------------------------------------+----------------------------------+----------------------------------+------------+----------+-----------------------------+---------------------------+-------------------------+
; Slack                                   ; Actual fmax (period)                                ; From                             ; To                               ; From Clock ; To Clock ; Required Setup Relationship ; Required Longest P2P Time ; Actual Longest P2P Time ;
+-----------------------------------------+-----------------------------------------------------+----------------------------------+----------------------------------+------------+----------+-----------------------------+---------------------------+-------------------------+
; N/A                                     ; 189.50 MHz ( period = 5.277 ns )                    ; pulse_generator:inst|counter[18] ; pulse_generator:inst|counter[16] ; 50MHz      ; 50MHz    ; None                        ; None                      ; 5.046 ns                ;
; N/A                                     ; 189.75 MHz ( period = 5.270 ns )                    ; pulse_generator:inst|counter[18] ; pulse_generator:inst|counter[11] ; 50MHz      ; 50MHz    ; None                        ; None                      ; 5.039 ns                ;
; N/A                                     ; 189.90 MHz ( period = 5.266 ns )                    ; pulse_generator:inst|counter[18] ; pulse_generator:inst|counter[18] ; 50MHz      ; 50MHz    ; None                        ; None                      ; 5.035 ns                ;
; N/A                                     ; 194.33 MHz ( period = 5.146 ns )                    ; pulse_generator:inst|counter[19] ; pulse_generator:inst|counter[16] ; 50MHz      ; 50MHz    ; None                        ; None                      ; 4.915 ns                ;
; N/A                                     ; 194.59 MHz ( period = 5.139 ns )                    ; pulse_generator:inst|counter[19] ; pulse_generator:inst|counter[11] ; 50MHz      ; 50MHz    ; None                        ; None                      ; 4.908 ns                ;
; N/A                                     ; 194.74 MHz ( period = 5.135 ns )                    ; pulse_generator:inst|counter[19] ; pulse_generator:inst|counter[18] ; 50MHz      ; 50MHz    ; None                        ; None                      ; 4.904 ns                ;
; N/A                                     ; 197.12 MHz ( period = 5.073 ns )                    ; pulse_generator:inst|counter[18] ; pulse_generator:inst|counter[24] ; 50MHz      ; 50MHz    ; None                        ; None                      ; 4.834 ns                ;
; N/A                                     ; 202.10 MHz ( period = 4.948 ns )                    ; pulse_generator:inst|counter[9]  ; pulse_generator:inst|counter[16] ; 50MHz      ; 50MHz    ; None                        ; None                      ; 4.717 ns                ;
; N/A                                     ; 202.35 MHz ( period = 4.942 ns )                    ; pulse_generator:inst|counter[19] ; pulse_generator:inst|counter[24] ; 50MHz      ; 50MHz    ; None                        ; None                      ; 4.703 ns                ;
; N/A                                     ; 202.39 MHz ( period = 4.941 ns )                    ; pulse_generator:inst|counter[9]  ; pulse_generator:inst|counter[11] ; 50MHz      ; 50MHz    ; None                        ; None                      ; 4.710 ns                ;
; N/A                                     ; 202.55 MHz ( period = 4.937 ns )                    ; pulse_generator:inst|counter[9]  ; pulse_generator:inst|counter[18] ; 50MHz      ; 50MHz    ; None                        ; None                      ; 4.706 ns                ;
; N/A                                     ; 203.00 MHz ( period = 4.926 ns )                    ; pulse_generator:inst|counter[24] ; pulse_generator:inst|counter[16] ; 50MHz      ; 50MHz    ; None                        ; None                      ; 4.703 ns                ;
; N/A                                     ; 203.29 MHz ( period = 4.919 ns )                    ; pulse_generator:inst|counter[24] ; pulse_generator:inst|counter[11] ; 50MHz      ; 50MHz    ; None                        ; None                      ; 4.696 ns                ;
; N/A                                     ; 203.46 MHz ( period = 4.915 ns )                    ; pulse_generator:inst|counter[24] ; pulse_generator:inst|counter[18] ; 50MHz      ; 50MHz    ; None                        ; None                      ; 4.692 ns                ;
; N/A                                     ; 204.62 MHz ( period = 4.887 ns )                    ; pulse_generator:inst|counter[18] ; pulse_generator:inst|counter[12] ; 50MHz      ; 50MHz    ; None                        ; None                      ; 4.656 ns                ;
; N/A                                     ; 204.75 MHz ( period = 4.884 ns )                    ; pulse_generator:inst|counter[18] ; pulse_generator:inst|counter[19] ; 50MHz      ; 50MHz    ; None                        ; None                      ; 4.653 ns                ;
; N/A                                     ; 204.79 MHz ( period = 4.883 ns )                    ; pulse_generator:inst|counter[18] ; pulse_generator:inst|counter[14] ; 50MHz      ; 50MHz    ; None                        ; None                      ; 4.652 ns                ;
; N/A                                     ; 205.89 MHz ( period = 4.857 ns )                    ; pulse_generator:inst|counter[16] ; pulse_generator:inst|counter[16] ; 50MHz      ; 50MHz    ; None                        ; None                      ; 4.626 ns                ;
; N/A                                     ; 206.19 MHz ( period = 4.850 ns )                    ; pulse_generator:inst|counter[16] ; pulse_generator:inst|counter[11] ; 50MHz      ; 50MHz    ; None                        ; None                      ; 4.619 ns                ;
; N/A                                     ; 206.36 MHz ( period = 4.846 ns )                    ; pulse_generator:inst|counter[16] ; pulse_generator:inst|counter[18] ; 50MHz      ; 50MHz    ; None                        ; None                      ; 4.615 ns                ;
; N/A                                     ; 207.17 MHz ( period = 4.827 ns )                    ; pulse_generator:inst|counter[0]  ; pulse_generator:inst|counter[16] ; 50MHz      ; 50MHz    ; None                        ; None                      ; 4.596 ns                ;
; N/A                                     ; 207.47 MHz ( period = 4.820 ns )                    ; pulse_generator:inst|counter[0]  ; pulse_generator:inst|counter[11] ; 50MHz      ; 50MHz    ; None                        ; None                      ; 4.589 ns                ;
; N/A                                     ; 207.64 MHz ( period = 4.816 ns )                    ; pulse_generator:inst|counter[0]  ; pulse_generator:inst|counter[18] ; 50MHz      ; 50MHz    ; None                        ; None                      ; 4.585 ns                ;
; N/A                                     ; 208.59 MHz ( period = 4.794 ns )                    ; pulse_generator:inst|counter[11] ; pulse_generator:inst|counter[16] ; 50MHz      ; 50MHz    ; None                        ; None                      ; 4.563 ns                ;
; N/A                                     ; 208.90 MHz ( period = 4.787 ns )                    ; pulse_generator:inst|counter[11] ; pulse_generator:inst|counter[11] ; 50MHz      ; 50MHz    ; None                        ; None                      ; 4.556 ns                ;
; N/A                                     ; 209.07 MHz ( period = 4.783 ns )                    ; pulse_generator:inst|counter[11] ; pulse_generator:inst|counter[18] ; 50MHz      ; 50MHz    ; None                        ; None                      ; 4.552 ns                ;
; N/A                                     ; 209.12 MHz ( period = 4.782 ns )                    ; pulse_generator:inst|counter[2]  ; pulse_generator:inst|counter[16] ; 50MHz      ; 50MHz    ; None                        ; None                      ; 4.551 ns                ;
; N/A                                     ; 209.42 MHz ( period = 4.775 ns )                    ; pulse_generator:inst|counter[2]  ; pulse_generator:inst|counter[11] ; 50MHz      ; 50MHz    ; None                        ; None                      ; 4.544 ns                ;
; N/A                                     ; 209.56 MHz ( period = 4.772 ns )                    ; pulse_generator:inst|counter[25] ; pulse_generator:inst|counter[16] ; 50MHz      ; 50MHz    ; None                        ; None                      ; 4.549 ns                ;
; N/A                                     ; 209.60 MHz ( period = 4.771 ns )                    ; pulse_generator:inst|counter[2]  ; pulse_generator:inst|counter[18] ; 50MHz      ; 50MHz    ; None                        ; None                      ; 4.540 ns                ;
; N/A                                     ; 209.86 MHz ( period = 4.765 ns )                    ; pulse_generator:inst|counter[25] ; pulse_generator:inst|counter[11] ; 50MHz      ; 50MHz    ; None                        ; None                      ; 4.542 ns                ;
; N/A                                     ; 210.04 MHz ( period = 4.761 ns )                    ; pulse_generator:inst|counter[25] ; pulse_generator:inst|counter[18] ; 50MHz      ; 50MHz    ; None                        ; None                      ; 4.538 ns                ;
; N/A                                     ; 210.26 MHz ( period = 4.756 ns )                    ; pulse_generator:inst|counter[19] ; pulse_generator:inst|counter[12] ; 50MHz      ; 50MHz    ; None                        ; None                      ; 4.525 ns                ;
; N/A                                     ; 210.39 MHz ( period = 4.753 ns )                    ; pulse_generator:inst|counter[19] ; pulse_generator:inst|counter[19] ; 50MHz      ; 50MHz    ; None                        ; None                      ; 4.522 ns                ;
; N/A                                     ; 210.44 MHz ( period = 4.752 ns )                    ; pulse_generator:inst|counter[19] ; pulse_generator:inst|counter[14] ; 50MHz      ; 50MHz    ; None                        ; None                      ; 4.521 ns                ;
; N/A                                     ; 210.79 MHz ( period = 4.744 ns )                    ; pulse_generator:inst|counter[9]  ; pulse_generator:inst|counter[24] ; 50MHz      ; 50MHz    ; None                        ; None                      ; 4.505 ns                ;
; N/A                                     ; 211.77 MHz ( period = 4.722 ns )                    ; pulse_generator:inst|counter[24] ; pulse_generator:inst|counter[24] ; 50MHz      ; 50MHz    ; None                        ; None                      ; 4.491 ns                ;
; N/A                                     ; 214.92 MHz ( period = 4.653 ns )                    ; pulse_generator:inst|counter[16] ; pulse_generator:inst|counter[24] ; 50MHz      ; 50MHz    ; None                        ; None                      ; 4.414 ns                ;
; N/A                                     ; 215.98 MHz ( period = 4.630 ns )                    ; pulse_generator:inst|counter[12] ; pulse_generator:inst|counter[16] ; 50MHz      ; 50MHz    ; None                        ; None                      ; 4.399 ns                ;
; N/A                                     ; 216.31 MHz ( period = 4.623 ns )                    ; pulse_generator:inst|counter[12] ; pulse_generator:inst|counter[11] ; 50MHz      ; 50MHz    ; None                        ; None                      ; 4.392 ns                ;
; N/A                                     ; 216.31 MHz ( period = 4.623 ns )                    ; pulse_generator:inst|counter[0]  ; pulse_generator:inst|counter[24] ; 50MHz      ; 50MHz    ; None                        ; None                      ; 4.384 ns                ;
; N/A                                     ; 216.50 MHz ( period = 4.619 ns )                    ; pulse_generator:inst|counter[12] ; pulse_generator:inst|counter[18] ; 50MHz      ; 50MHz    ; None                        ; None                      ; 4.388 ns                ;
; N/A                                     ; 217.86 MHz ( period = 4.590 ns )                    ; pulse_generator:inst|counter[11] ; pulse_generator:inst|counter[24] ; 50MHz      ; 50MHz    ; None                        ; None                      ; 4.351 ns                ;
; N/A                                     ; 218.44 MHz ( period = 4.578 ns )                    ; pulse_generator:inst|counter[2]  ; pulse_generator:inst|counter[24] ; 50MHz      ; 50MHz    ; None                        ; None                      ; 4.339 ns                ;
; N/A                                     ; 218.91 MHz ( period = 4.568 ns )                    ; pulse_generator:inst|counter[25] ; pulse_generator:inst|counter[24] ; 50MHz      ; 50MHz    ; None                        ; None                      ; 4.337 ns                ;
; N/A                                     ; 219.39 MHz ( period = 4.558 ns )                    ; pulse_generator:inst|counter[9]  ; pulse_generator:inst|counter[12] ; 50MHz      ; 50MHz    ; None                        ; None                      ; 4.327 ns                ;
; N/A                                     ; 219.54 MHz ( period = 4.555 ns )                    ; pulse_generator:inst|counter[9]  ; pulse_generator:inst|counter[19] ; 50MHz      ; 50MHz    ; None                        ; None                      ; 4.324 ns                ;
; N/A                                     ; 219.59 MHz ( period = 4.554 ns )                    ; pulse_generator:inst|counter[9]  ; pulse_generator:inst|counter[14] ; 50MHz      ; 50MHz    ; None                        ; None                      ; 4.323 ns                ;
; N/A                                     ; 220.46 MHz ( period = 4.536 ns )                    ; pulse_generator:inst|counter[24] ; pulse_generator:inst|counter[12] ; 50MHz      ; 50MHz    ; None                        ; None                      ; 4.313 ns                ;
; N/A                                     ; 220.60 MHz ( period = 4.533 ns )                    ; pulse_generator:inst|counter[24] ; pulse_generator:inst|counter[19] ; 50MHz      ; 50MHz    ; None                        ; None                      ; 4.310 ns                ;
; N/A                                     ; 220.65 MHz ( period = 4.532 ns )                    ; pulse_generator:inst|counter[24] ; pulse_generator:inst|counter[14] ; 50MHz      ; 50MHz    ; None                        ; None                      ; 4.309 ns                ;
; N/A                                     ; 221.09 MHz ( period = 4.523 ns )                    ; pulse_generator:inst|counter[8]  ; pulse_generator:inst|counter[16] ; 50MHz      ; 50MHz    ; None                        ; None                      ; 4.292 ns                ;
; N/A                                     ; 221.43 MHz ( period = 4.516 ns )                    ; pulse_generator:inst|counter[8]  ; pulse_generator:inst|counter[11] ; 50MHz      ; 50MHz    ; None                        ; None                      ; 4.285 ns                ;
; N/A                                     ; 221.63 MHz ( period = 4.512 ns )                    ; pulse_generator:inst|counter[8]  ; pulse_generator:inst|counter[18] ; 50MHz      ; 50MHz    ; None                        ; None                      ; 4.281 ns                ;
; N/A                                     ; 222.22 MHz ( period = 4.500 ns )                    ; pulse_generator:inst|counter[17] ; pulse_generator:inst|counter[19] ; 50MHz      ; 50MHz    ; None                        ; None                      ; 4.277 ns                ;
; N/A                                     ; 222.32 MHz ( period = 4.498 ns )                    ; pulse_generator:inst|counter[14] ; pulse_generator:inst|counter[16] ; 50MHz      ; 50MHz    ; None                        ; None                      ; 4.267 ns                ;
; N/A                                     ; 222.67 MHz ( period = 4.491 ns )                    ; pulse_generator:inst|counter[14] ; pulse_generator:inst|counter[11] ; 50MHz      ; 50MHz    ; None                        ; None                      ; 4.260 ns                ;
; N/A                                     ; 222.87 MHz ( period = 4.487 ns )                    ; pulse_generator:inst|counter[14] ; pulse_generator:inst|counter[18] ; 50MHz      ; 50MHz    ; None                        ; None                      ; 4.256 ns                ;
; N/A                                     ; 223.36 MHz ( period = 4.477 ns )                    ; pulse_generator:inst|counter[15] ; pulse_generator:inst|counter[19] ; 50MHz      ; 50MHz    ; None                        ; None                      ; 4.254 ns                ;
; N/A                                     ; 223.61 MHz ( period = 4.472 ns )                    ; pulse_generator:inst|counter[21] ; pulse_generator:inst|counter[16] ; 50MHz      ; 50MHz    ; None                        ; None                      ; 4.249 ns                ;
; N/A                                     ; 223.86 MHz ( period = 4.467 ns )                    ; pulse_generator:inst|counter[16] ; pulse_generator:inst|counter[12] ; 50MHz      ; 50MHz    ; None                        ; None                      ; 4.236 ns                ;
; N/A                                     ; 223.96 MHz ( period = 4.465 ns )                    ; pulse_generator:inst|counter[21] ; pulse_generator:inst|counter[11] ; 50MHz      ; 50MHz    ; None                        ; None                      ; 4.242 ns                ;
; N/A                                     ; 224.01 MHz ( period = 4.464 ns )                    ; pulse_generator:inst|counter[16] ; pulse_generator:inst|counter[19] ; 50MHz      ; 50MHz    ; None                        ; None                      ; 4.233 ns                ;
; N/A                                     ; 224.06 MHz ( period = 4.463 ns )                    ; pulse_generator:inst|counter[16] ; pulse_generator:inst|counter[14] ; 50MHz      ; 50MHz    ; None                        ; None                      ; 4.232 ns                ;
; N/A                                     ; 224.16 MHz ( period = 4.461 ns )                    ; pulse_generator:inst|counter[21] ; pulse_generator:inst|counter[18] ; 50MHz      ; 50MHz    ; None                        ; None                      ; 4.238 ns                ;
; N/A                                     ; 224.87 MHz ( period = 4.447 ns )                    ; pulse_generator:inst|counter[13] ; pulse_generator:inst|counter[19] ; 50MHz      ; 50MHz    ; None                        ; None                      ; 4.216 ns                ;
; N/A                                     ; 225.38 MHz ( period = 4.437 ns )                    ; pulse_generator:inst|counter[0]  ; pulse_generator:inst|counter[12] ; 50MHz      ; 50MHz    ; None                        ; None                      ; 4.206 ns                ;
; N/A                                     ; 225.53 MHz ( period = 4.434 ns )                    ; pulse_generator:inst|counter[0]  ; pulse_generator:inst|counter[19] ; 50MHz      ; 50MHz    ; None                        ; None                      ; 4.203 ns                ;
; N/A                                     ; 225.58 MHz ( period = 4.433 ns )                    ; pulse_generator:inst|counter[0]  ; pulse_generator:inst|counter[14] ; 50MHz      ; 50MHz    ; None                        ; None                      ; 4.202 ns                ;
; N/A                                     ; 225.94 MHz ( period = 4.426 ns )                    ; pulse_generator:inst|counter[12] ; pulse_generator:inst|counter[24] ; 50MHz      ; 50MHz    ; None                        ; None                      ; 4.187 ns                ;
; N/A                                     ; 227.07 MHz ( period = 4.404 ns )                    ; pulse_generator:inst|counter[11] ; pulse_generator:inst|counter[12] ; 50MHz      ; 50MHz    ; None                        ; None                      ; 4.173 ns                ;
; N/A                                     ; 227.22 MHz ( period = 4.401 ns )                    ; pulse_generator:inst|counter[11] ; pulse_generator:inst|counter[19] ; 50MHz      ; 50MHz    ; None                        ; None                      ; 4.170 ns                ;
; N/A                                     ; 227.27 MHz ( period = 4.400 ns )                    ; pulse_generator:inst|counter[11] ; pulse_generator:inst|counter[14] ; 50MHz      ; 50MHz    ; None                        ; None                      ; 4.169 ns                ;
; N/A                                     ; 227.69 MHz ( period = 4.392 ns )                    ; pulse_generator:inst|counter[2]  ; pulse_generator:inst|counter[12] ; 50MHz      ; 50MHz    ; None                        ; None                      ; 4.161 ns                ;
; N/A                                     ; 227.84 MHz ( period = 4.389 ns )                    ; pulse_generator:inst|counter[2]  ; pulse_generator:inst|counter[19] ; 50MHz      ; 50MHz    ; None                        ; None                      ; 4.158 ns                ;
; N/A                                     ; 227.89 MHz ( period = 4.388 ns )                    ; pulse_generator:inst|counter[2]  ; pulse_generator:inst|counter[14] ; 50MHz      ; 50MHz    ; None                        ; None                      ; 4.157 ns                ;
; N/A                                     ; 228.21 MHz ( period = 4.382 ns )                    ; pulse_generator:inst|counter[25] ; pulse_generator:inst|counter[12] ; 50MHz      ; 50MHz    ; None                        ; None                      ; 4.159 ns                ;
; N/A                                     ; 228.36 MHz ( period = 4.379 ns )                    ; pulse_generator:inst|counter[25] ; pulse_generator:inst|counter[19] ; 50MHz      ; 50MHz    ; None                        ; None                      ; 4.156 ns                ;
; N/A                                     ; 228.41 MHz ( period = 4.378 ns )                    ; pulse_generator:inst|counter[25] ; pulse_generator:inst|counter[14] ; 50MHz      ; 50MHz    ; None                        ; None                      ; 4.155 ns                ;
; N/A                                     ; 228.89 MHz ( period = 4.369 ns )                    ; pulse_generator:inst|counter[18] ; pulse_generator:inst|counter[22] ; 50MHz      ; 50MHz    ; None                        ; None                      ; 4.130 ns                ;
; N/A                                     ; 229.52 MHz ( period = 4.357 ns )                    ; pulse_generator:inst|counter[1]  ; pulse_generator:inst|counter[16] ; 50MHz      ; 50MHz    ; None                        ; None                      ; 4.126 ns                ;
; N/A                                     ; 229.89 MHz ( period = 4.350 ns )                    ; pulse_generator:inst|counter[1]  ; pulse_generator:inst|counter[11] ; 50MHz      ; 50MHz    ; None                        ; None                      ; 4.119 ns                ;
; N/A                                     ; 230.10 MHz ( period = 4.346 ns )                    ; pulse_generator:inst|counter[1]  ; pulse_generator:inst|counter[18] ; 50MHz      ; 50MHz    ; None                        ; None                      ; 4.115 ns                ;
; N/A                                     ; 230.63 MHz ( period = 4.336 ns )                    ; pulse_generator:inst|counter[8]  ; pulse_generator:inst|counter[19] ; 50MHz      ; 50MHz    ; None                        ; None                      ; 4.105 ns                ;
; N/A                                     ; 231.48 MHz ( period = 4.320 ns )                    ; pulse_generator:inst|counter[20] ; pulse_generator:inst|counter[16] ; 50MHz      ; 50MHz    ; None                        ; None                      ; 4.097 ns                ;
; N/A                                     ; 231.54 MHz ( period = 4.319 ns )                    ; pulse_generator:inst|counter[8]  ; pulse_generator:inst|counter[24] ; 50MHz      ; 50MHz    ; None                        ; None                      ; 4.080 ns                ;
; N/A                                     ; 231.64 MHz ( period = 4.317 ns )                    ; pulse_generator:inst|counter[18] ; pulse_generator:inst|counter[6]  ; 50MHz      ; 50MHz    ; None                        ; None                      ; 4.086 ns                ;
; N/A                                     ; 231.75 MHz ( period = 4.315 ns )                    ; pulse_generator:inst|counter[18] ; pulse_generator:inst|counter[13] ; 50MHz      ; 50MHz    ; None                        ; None                      ; 4.084 ns                ;
; N/A                                     ; 231.86 MHz ( period = 4.313 ns )                    ; pulse_generator:inst|counter[20] ; pulse_generator:inst|counter[11] ; 50MHz      ; 50MHz    ; None                        ; None                      ; 4.090 ns                ;
; N/A                                     ; 232.07 MHz ( period = 4.309 ns )                    ; pulse_generator:inst|counter[20] ; pulse_generator:inst|counter[18] ; 50MHz      ; 50MHz    ; None                        ; None                      ; 4.086 ns                ;
; N/A                                     ; 232.88 MHz ( period = 4.294 ns )                    ; pulse_generator:inst|counter[14] ; pulse_generator:inst|counter[24] ; 50MHz      ; 50MHz    ; None                        ; None                      ; 4.055 ns                ;
; N/A                                     ; 232.99 MHz ( period = 4.292 ns )                    ; pulse_generator:inst|counter[10] ; pulse_generator:inst|counter[16] ; 50MHz      ; 50MHz    ; None                        ; None                      ; 4.061 ns                ;
; N/A                                     ; 233.10 MHz ( period = 4.290 ns )                    ; pulse_generator:inst|counter[17] ; pulse_generator:inst|counter[20] ; 50MHz      ; 50MHz    ; None                        ; None                      ; 4.059 ns                ;
; N/A                                     ; 233.21 MHz ( period = 4.288 ns )                    ; pulse_generator:inst|counter[18] ; pulse_generator:inst|counter[21] ; 50MHz      ; 50MHz    ; None                        ; None                      ; 4.049 ns                ;
; N/A                                     ; 233.32 MHz ( period = 4.286 ns )                    ; pulse_generator:inst|counter[18] ; pulse_generator:inst|counter[20] ; 50MHz      ; 50MHz    ; None                        ; None                      ; 4.047 ns                ;
; N/A                                     ; 233.37 MHz ( period = 4.285 ns )                    ; pulse_generator:inst|counter[10] ; pulse_generator:inst|counter[11] ; 50MHz      ; 50MHz    ; None                        ; None                      ; 4.054 ns                ;
; N/A                                     ; 233.59 MHz ( period = 4.281 ns )                    ; pulse_generator:inst|counter[10] ; pulse_generator:inst|counter[18] ; 50MHz      ; 50MHz    ; None                        ; None                      ; 4.050 ns                ;
; N/A                                     ; 234.30 MHz ( period = 4.268 ns )                    ; pulse_generator:inst|counter[21] ; pulse_generator:inst|counter[24] ; 50MHz      ; 50MHz    ; None                        ; None                      ; 4.037 ns                ;
; N/A                                     ; 234.36 MHz ( period = 4.267 ns )                    ; pulse_generator:inst|counter[15] ; pulse_generator:inst|counter[20] ; 50MHz      ; 50MHz    ; None                        ; None                      ; 4.036 ns                ;
; N/A                                     ; 234.69 MHz ( period = 4.261 ns )                    ; pulse_generator:inst|counter[8]  ; pulse_generator:inst|counter[13] ; 50MHz      ; 50MHz    ; None                        ; None                      ; 4.030 ns                ;
; N/A                                     ; 235.52 MHz ( period = 4.246 ns )                    ; pulse_generator:inst|counter[7]  ; pulse_generator:inst|counter[16] ; 50MHz      ; 50MHz    ; None                        ; None                      ; 4.015 ns                ;
; N/A                                     ; 235.85 MHz ( period = 4.240 ns )                    ; pulse_generator:inst|counter[12] ; pulse_generator:inst|counter[12] ; 50MHz      ; 50MHz    ; None                        ; None                      ; 4.009 ns                ;
; N/A                                     ; 235.90 MHz ( period = 4.239 ns )                    ; pulse_generator:inst|counter[7]  ; pulse_generator:inst|counter[11] ; 50MHz      ; 50MHz    ; None                        ; None                      ; 4.008 ns                ;
; N/A                                     ; 235.96 MHz ( period = 4.238 ns )                    ; pulse_generator:inst|counter[19] ; pulse_generator:inst|counter[22] ; 50MHz      ; 50MHz    ; None                        ; None                      ; 3.999 ns                ;
; N/A                                     ; 236.02 MHz ( period = 4.237 ns )                    ; pulse_generator:inst|counter[12] ; pulse_generator:inst|counter[19] ; 50MHz      ; 50MHz    ; None                        ; None                      ; 4.006 ns                ;
; N/A                                     ; 236.02 MHz ( period = 4.237 ns )                    ; pulse_generator:inst|counter[13] ; pulse_generator:inst|counter[20] ; 50MHz      ; 50MHz    ; None                        ; None                      ; 3.998 ns                ;
; N/A                                     ; 236.07 MHz ( period = 4.236 ns )                    ; pulse_generator:inst|counter[12] ; pulse_generator:inst|counter[14] ; 50MHz      ; 50MHz    ; None                        ; None                      ; 4.005 ns                ;
; N/A                                     ; 236.13 MHz ( period = 4.235 ns )                    ; pulse_generator:inst|counter[7]  ; pulse_generator:inst|counter[18] ; 50MHz      ; 50MHz    ; None                        ; None                      ; 4.004 ns                ;
; N/A                                     ; 236.85 MHz ( period = 4.222 ns )                    ; pulse_generator:inst|counter[13] ; pulse_generator:inst|counter[17] ; 50MHz      ; 50MHz    ; None                        ; None                      ; 3.983 ns                ;
; N/A                                     ; 237.02 MHz ( period = 4.219 ns )                    ; pulse_generator:inst|counter[13] ; pulse_generator:inst|counter[16] ; 50MHz      ; 50MHz    ; None                        ; None                      ; 3.988 ns                ;
; N/A                                     ; 237.25 MHz ( period = 4.215 ns )                    ; pulse_generator:inst|counter[1]  ; pulse_generator:inst|counter[19] ; 50MHz      ; 50MHz    ; None                        ; None                      ; 3.984 ns                ;
; N/A                                     ; 237.42 MHz ( period = 4.212 ns )                    ; pulse_generator:inst|counter[13] ; pulse_generator:inst|counter[11] ; 50MHz      ; 50MHz    ; None                        ; None                      ; 3.981 ns                ;
; N/A                                     ; 237.64 MHz ( period = 4.208 ns )                    ; pulse_generator:inst|counter[13] ; pulse_generator:inst|counter[18] ; 50MHz      ; 50MHz    ; None                        ; None                      ; 3.977 ns                ;
; N/A                                     ; 238.89 MHz ( period = 4.186 ns )                    ; pulse_generator:inst|counter[19] ; pulse_generator:inst|counter[6]  ; 50MHz      ; 50MHz    ; None                        ; None                      ; 3.955 ns                ;
; N/A                                     ; 239.01 MHz ( period = 4.184 ns )                    ; pulse_generator:inst|counter[19] ; pulse_generator:inst|counter[13] ; 50MHz      ; 50MHz    ; None                        ; None                      ; 3.953 ns                ;
; N/A                                     ; 239.75 MHz ( period = 4.171 ns )                    ; pulse_generator:inst|counter[17] ; pulse_generator:inst|counter[26] ; 50MHz      ; 50MHz    ; None                        ; None                      ; 3.940 ns                ;
; N/A                                     ; 239.87 MHz ( period = 4.169 ns )                    ; pulse_generator:inst|counter[5]  ; pulse_generator:inst|counter[19] ; 50MHz      ; 50MHz    ; None                        ; None                      ; 3.938 ns                ;
; N/A                                     ; 240.33 MHz ( period = 4.161 ns )                    ; pulse_generator:inst|counter[17] ; pulse_generator:inst|counter[21] ; 50MHz      ; 50MHz    ; None                        ; None                      ; 3.930 ns                ;
; N/A                                     ; 240.56 MHz ( period = 4.157 ns )                    ; pulse_generator:inst|counter[19] ; pulse_generator:inst|counter[21] ; 50MHz      ; 50MHz    ; None                        ; None                      ; 3.918 ns                ;
; N/A                                     ; 240.67 MHz ( period = 4.155 ns )                    ; pulse_generator:inst|counter[19] ; pulse_generator:inst|counter[20] ; 50MHz      ; 50MHz    ; None                        ; None                      ; 3.916 ns                ;
; N/A                                     ; 240.79 MHz ( period = 4.153 ns )                    ; pulse_generator:inst|counter[1]  ; pulse_generator:inst|counter[24] ; 50MHz      ; 50MHz    ; None                        ; None                      ; 3.914 ns                ;
; N/A                                     ; 241.08 MHz ( period = 4.148 ns )                    ; pulse_generator:inst|counter[15] ; pulse_generator:inst|counter[26] ; 50MHz      ; 50MHz    ; None                        ; None                      ; 3.917 ns                ;
; N/A                                     ; 241.55 MHz ( period = 4.140 ns )                    ; pulse_generator:inst|counter[1]  ; pulse_generator:inst|counter[13] ; 50MHz      ; 50MHz    ; None                        ; None                      ; 3.909 ns                ;
; N/A                                     ; 241.66 MHz ( period = 4.138 ns )                    ; pulse_generator:inst|counter[15] ; pulse_generator:inst|counter[21] ; 50MHz      ; 50MHz    ; None                        ; None                      ; 3.907 ns                ;
; N/A                                     ; 241.95 MHz ( period = 4.133 ns )                    ; pulse_generator:inst|counter[8]  ; pulse_generator:inst|counter[12] ; 50MHz      ; 50MHz    ; None                        ; None                      ; 3.902 ns                ;
; N/A                                     ; 242.19 MHz ( period = 4.129 ns )                    ; pulse_generator:inst|counter[8]  ; pulse_generator:inst|counter[14] ; 50MHz      ; 50MHz    ; None                        ; None                      ; 3.898 ns                ;
; N/A                                     ; 242.37 MHz ( period = 4.126 ns )                    ; pulse_generator:inst|counter[15] ; pulse_generator:inst|counter[17] ; 50MHz      ; 50MHz    ; None                        ; None                      ; 3.895 ns                ;
; N/A                                     ; 242.37 MHz ( period = 4.126 ns )                    ; pulse_generator:inst|counter[8]  ; pulse_generator:inst|counter[20] ; 50MHz      ; 50MHz    ; None                        ; None                      ; 3.887 ns                ;
; N/A                                     ; 242.48 MHz ( period = 4.124 ns )                    ; pulse_generator:inst|counter[3]  ; pulse_generator:inst|counter[16] ; 50MHz      ; 50MHz    ; None                        ; None                      ; 3.893 ns                ;
; N/A                                     ; 242.84 MHz ( period = 4.118 ns )                    ; pulse_generator:inst|counter[13] ; pulse_generator:inst|counter[26] ; 50MHz      ; 50MHz    ; None                        ; None                      ; 3.879 ns                ;
; N/A                                     ; 242.90 MHz ( period = 4.117 ns )                    ; pulse_generator:inst|counter[3]  ; pulse_generator:inst|counter[11] ; 50MHz      ; 50MHz    ; None                        ; None                      ; 3.886 ns                ;
; N/A                                     ; 242.95 MHz ( period = 4.116 ns )                    ; pulse_generator:inst|counter[20] ; pulse_generator:inst|counter[24] ; 50MHz      ; 50MHz    ; None                        ; None                      ; 3.885 ns                ;
; N/A                                     ; 243.13 MHz ( period = 4.113 ns )                    ; pulse_generator:inst|counter[3]  ; pulse_generator:inst|counter[18] ; 50MHz      ; 50MHz    ; None                        ; None                      ; 3.882 ns                ;
; N/A                                     ; 243.13 MHz ( period = 4.113 ns )                    ; pulse_generator:inst|counter[6]  ; pulse_generator:inst|counter[19] ; 50MHz      ; 50MHz    ; None                        ; None                      ; 3.882 ns                ;
; N/A                                     ; 243.25 MHz ( period = 4.111 ns )                    ; pulse_generator:inst|counter[8]  ; pulse_generator:inst|counter[17] ; 50MHz      ; 50MHz    ; None                        ; None                      ; 3.872 ns                ;
; N/A                                     ; 243.43 MHz ( period = 4.108 ns )                    ; pulse_generator:inst|counter[14] ; pulse_generator:inst|counter[12] ; 50MHz      ; 50MHz    ; None                        ; None                      ; 3.877 ns                ;
; N/A                                     ; 243.43 MHz ( period = 4.108 ns )                    ; pulse_generator:inst|counter[13] ; pulse_generator:inst|counter[21] ; 50MHz      ; 50MHz    ; None                        ; None                      ; 3.869 ns                ;
; N/A                                     ; 243.61 MHz ( period = 4.105 ns )                    ; pulse_generator:inst|counter[14] ; pulse_generator:inst|counter[19] ; 50MHz      ; 50MHz    ; None                        ; None                      ; 3.874 ns                ;
; N/A                                     ; 243.66 MHz ( period = 4.104 ns )                    ; pulse_generator:inst|counter[14] ; pulse_generator:inst|counter[14] ; 50MHz      ; 50MHz    ; None                        ; None                      ; 3.873 ns                ;
; N/A                                     ; 244.14 MHz ( period = 4.096 ns )                    ; pulse_generator:inst|counter[4]  ; pulse_generator:inst|counter[19] ; 50MHz      ; 50MHz    ; None                        ; None                      ; 3.865 ns                ;
; N/A                                     ; 244.26 MHz ( period = 4.094 ns )                    ; pulse_generator:inst|counter[5]  ; pulse_generator:inst|counter[13] ; 50MHz      ; 50MHz    ; None                        ; None                      ; 3.863 ns                ;
; N/A                                     ; 244.32 MHz ( period = 4.093 ns )                    ; pulse_generator:inst|counter[4]  ; pulse_generator:inst|counter[16] ; 50MHz      ; 50MHz    ; None                        ; None                      ; 3.862 ns                ;
; N/A                                     ; 244.56 MHz ( period = 4.089 ns )                    ; pulse_generator:inst|counter[17] ; pulse_generator:inst|counter[23] ; 50MHz      ; 50MHz    ; None                        ; None                      ; 3.858 ns                ;
; N/A                                     ; 244.62 MHz ( period = 4.088 ns )                    ; pulse_generator:inst|counter[10] ; pulse_generator:inst|counter[24] ; 50MHz      ; 50MHz    ; None                        ; None                      ; 3.849 ns                ;
; N/A                                     ; 244.74 MHz ( period = 4.086 ns )                    ; pulse_generator:inst|counter[4]  ; pulse_generator:inst|counter[11] ; 50MHz      ; 50MHz    ; None                        ; None                      ; 3.855 ns                ;
; N/A                                     ; 244.98 MHz ( period = 4.082 ns )                    ; pulse_generator:inst|counter[21] ; pulse_generator:inst|counter[12] ; 50MHz      ; 50MHz    ; None                        ; None                      ; 3.859 ns                ;
; N/A                                     ; 244.98 MHz ( period = 4.082 ns )                    ; pulse_generator:inst|counter[4]  ; pulse_generator:inst|counter[18] ; 50MHz      ; 50MHz    ; None                        ; None                      ; 3.851 ns                ;
; N/A                                     ; 245.16 MHz ( period = 4.079 ns )                    ; pulse_generator:inst|counter[21] ; pulse_generator:inst|counter[19] ; 50MHz      ; 50MHz    ; None                        ; None                      ; 3.856 ns                ;
; N/A                                     ; 245.22 MHz ( period = 4.078 ns )                    ; pulse_generator:inst|counter[21] ; pulse_generator:inst|counter[14] ; 50MHz      ; 50MHz    ; None                        ; None                      ; 3.855 ns                ;
; N/A                                     ; 245.94 MHz ( period = 4.066 ns )                    ; pulse_generator:inst|counter[15] ; pulse_generator:inst|counter[23] ; 50MHz      ; 50MHz    ; None                        ; None                      ; 3.835 ns                ;
; N/A                                     ; 245.94 MHz ( period = 4.066 ns )                    ; pulse_generator:inst|counter[17] ; pulse_generator:inst|counter[22] ; 50MHz      ; 50MHz    ; None                        ; None                      ; 3.835 ns                ;
; N/A                                     ; 246.61 MHz ( period = 4.055 ns )                    ; pulse_generator:inst|counter[2]  ; pulse_generator:inst|counter[13] ; 50MHz      ; 50MHz    ; None                        ; None                      ; 3.824 ns                ;
; N/A                                     ; 247.04 MHz ( period = 4.048 ns )                    ; pulse_generator:inst|counter[19] ; pulse_generator:inst|counter[26] ; 50MHz      ; 50MHz    ; None                        ; None                      ; 3.809 ns                ;
; N/A                                     ; 247.10 MHz ( period = 4.047 ns )                    ; pulse_generator:inst|counter[22] ; pulse_generator:inst|counter[16] ; 50MHz      ; 50MHz    ; None                        ; None                      ; 3.824 ns                ;
; N/A                                     ; 247.34 MHz ( period = 4.043 ns )                    ; pulse_generator:inst|counter[15] ; pulse_generator:inst|counter[22] ; 50MHz      ; 50MHz    ; None                        ; None                      ; 3.812 ns                ;
; N/A                                     ; 247.40 MHz ( period = 4.042 ns )                    ; pulse_generator:inst|counter[7]  ; pulse_generator:inst|counter[24] ; 50MHz      ; 50MHz    ; None                        ; None                      ; 3.803 ns                ;
; N/A                                     ; 247.52 MHz ( period = 4.040 ns )                    ; pulse_generator:inst|counter[22] ; pulse_generator:inst|counter[11] ; 50MHz      ; 50MHz    ; None                        ; None                      ; 3.817 ns                ;
; N/A                                     ; 247.52 MHz ( period = 4.040 ns )                    ; pulse_generator:inst|counter[9]  ; pulse_generator:inst|counter[22] ; 50MHz      ; 50MHz    ; None                        ; None                      ; 3.801 ns                ;
; N/A                                     ; 247.65 MHz ( period = 4.038 ns )                    ; pulse_generator:inst|counter[6]  ; pulse_generator:inst|counter[13] ; 50MHz      ; 50MHz    ; None                        ; None                      ; 3.807 ns                ;
; N/A                                     ; 247.77 MHz ( period = 4.036 ns )                    ; pulse_generator:inst|counter[22] ; pulse_generator:inst|counter[18] ; 50MHz      ; 50MHz    ; None                        ; None                      ; 3.813 ns                ;
; N/A                                     ; 247.77 MHz ( period = 4.036 ns )                    ; pulse_generator:inst|counter[13] ; pulse_generator:inst|counter[23] ; 50MHz      ; 50MHz    ; None                        ; None                      ; 3.797 ns                ;
; N/A                                     ; 248.69 MHz ( period = 4.021 ns )                    ; pulse_generator:inst|counter[4]  ; pulse_generator:inst|counter[13] ; 50MHz      ; 50MHz    ; None                        ; None                      ; 3.790 ns                ;
; N/A                                     ; 248.88 MHz ( period = 4.018 ns )                    ; pulse_generator:inst|counter[24] ; pulse_generator:inst|counter[22] ; 50MHz      ; 50MHz    ; None                        ; None                      ; 3.787 ns                ;
; N/A                                     ; 249.07 MHz ( period = 4.015 ns )                    ; pulse_generator:inst|counter[13] ; pulse_generator:inst|counter[24] ; 50MHz      ; 50MHz    ; None                        ; None                      ; 3.776 ns                ;
; N/A                                     ; 249.13 MHz ( period = 4.014 ns )                    ; pulse_generator:inst|counter[7]  ; pulse_generator:inst|counter[13] ; 50MHz      ; 50MHz    ; None                        ; None                      ; 3.783 ns                ;
; N/A                                     ; 249.19 MHz ( period = 4.013 ns )                    ; pulse_generator:inst|counter[13] ; pulse_generator:inst|counter[22] ; 50MHz      ; 50MHz    ; None                        ; None                      ; 3.774 ns                ;
; N/A                                     ; 249.56 MHz ( period = 4.007 ns )                    ; pulse_generator:inst|counter[8]  ; pulse_generator:inst|counter[26] ; 50MHz      ; 50MHz    ; None                        ; None                      ; 3.768 ns                ;
; N/A                                     ; 249.69 MHz ( period = 4.005 ns )                    ; pulse_generator:inst|counter[1]  ; pulse_generator:inst|counter[20] ; 50MHz      ; 50MHz    ; None                        ; None                      ; 3.766 ns                ;
; N/A                                     ; 250.19 MHz ( period = 3.997 ns )                    ; pulse_generator:inst|counter[8]  ; pulse_generator:inst|counter[21] ; 50MHz      ; 50MHz    ; None                        ; None                      ; 3.758 ns                ;
; N/A                                     ; 250.63 MHz ( period = 3.990 ns )                    ; pulse_generator:inst|counter[1]  ; pulse_generator:inst|counter[17] ; 50MHz      ; 50MHz    ; None                        ; None                      ; 3.751 ns                ;
; N/A                                     ; 251.57 MHz ( period = 3.975 ns )                    ; pulse_generator:inst|counter[3]  ; pulse_generator:inst|counter[19] ; 50MHz      ; 50MHz    ; None                        ; None                      ; 3.744 ns                ;
; N/A                                     ; 252.02 MHz ( period = 3.968 ns )                    ; pulse_generator:inst|counter[10] ; pulse_generator:inst|counter[19] ; 50MHz      ; 50MHz    ; None                        ; None                      ; 3.737 ns                ;
; N/A                                     ; 252.08 MHz ( period = 3.967 ns )                    ; pulse_generator:inst|counter[1]  ; pulse_generator:inst|counter[12] ; 50MHz      ; 50MHz    ; None                        ; None                      ; 3.736 ns                ;
; N/A                                     ; 252.14 MHz ( period = 3.966 ns )                    ; pulse_generator:inst|counter[24] ; pulse_generator:inst|counter[6]  ; 50MHz      ; 50MHz    ; None                        ; None                      ; 3.743 ns                ;
; N/A                                     ; 252.14 MHz ( period = 3.966 ns )                    ; pulse_generator:inst|counter[17] ; pulse_generator:inst|counter[25] ; 50MHz      ; 50MHz    ; None                        ; None                      ; 3.735 ns                ;
; N/A                                     ; 252.27 MHz ( period = 3.964 ns )                    ; pulse_generator:inst|counter[24] ; pulse_generator:inst|counter[13] ; 50MHz      ; 50MHz    ; None                        ; None                      ; 3.741 ns                ;
; N/A                                     ; 252.33 MHz ( period = 3.963 ns )                    ; pulse_generator:inst|counter[1]  ; pulse_generator:inst|counter[14] ; 50MHz      ; 50MHz    ; None                        ; None                      ; 3.732 ns                ;
; N/A                                     ; 252.59 MHz ( period = 3.959 ns )                    ; pulse_generator:inst|counter[17] ; pulse_generator:inst|counter[18] ; 50MHz      ; 50MHz    ; None                        ; None                      ; 3.736 ns                ;
; N/A                                     ; 252.59 MHz ( period = 3.959 ns )                    ; pulse_generator:inst|counter[5]  ; pulse_generator:inst|counter[20] ; 50MHz      ; 50MHz    ; None                        ; None                      ; 3.720 ns                ;
; N/A                                     ; 252.59 MHz ( period = 3.959 ns )                    ; pulse_generator:inst|counter[9]  ; pulse_generator:inst|counter[21] ; 50MHz      ; 50MHz    ; None                        ; None                      ; 3.720 ns                ;
; N/A                                     ; 252.72 MHz ( period = 3.957 ns )                    ; pulse_generator:inst|counter[9]  ; pulse_generator:inst|counter[20] ; 50MHz      ; 50MHz    ; None                        ; None                      ; 3.718 ns                ;
; N/A                                     ; 252.91 MHz ( period = 3.954 ns )                    ; pulse_generator:inst|counter[17] ; pulse_generator:inst|counter[16] ; 50MHz      ; 50MHz    ; None                        ; None                      ; 3.731 ns                ;
; N/A                                     ; 253.23 MHz ( period = 3.949 ns )                    ; pulse_generator:inst|counter[16] ; pulse_generator:inst|counter[22] ; 50MHz      ; 50MHz    ; None                        ; None                      ; 3.710 ns                ;
; N/A                                     ; 253.36 MHz ( period = 3.947 ns )                    ; pulse_generator:inst|counter[17] ; pulse_generator:inst|counter[11] ; 50MHz      ; 50MHz    ; None                        ; None                      ; 3.724 ns                ;
; N/A                                     ; 253.55 MHz ( period = 3.944 ns )                    ; pulse_generator:inst|counter[5]  ; pulse_generator:inst|counter[17] ; 50MHz      ; 50MHz    ; None                        ; None                      ; 3.705 ns                ;
; N/A                                     ; 253.61 MHz ( period = 3.943 ns )                    ; pulse_generator:inst|counter[15] ; pulse_generator:inst|counter[25] ; 50MHz      ; 50MHz    ; None                        ; None                      ; 3.712 ns                ;
; N/A                                     ; 253.94 MHz ( period = 3.938 ns )                    ; pulse_generator:inst|counter[26] ; pulse_generator:inst|counter[16] ; 50MHz      ; 50MHz    ; None                        ; None                      ; 3.715 ns                ;
; N/A                                     ; 253.94 MHz ( period = 3.938 ns )                    ; pulse_generator:inst|counter[15] ; pulse_generator:inst|counter[18] ; 50MHz      ; 50MHz    ; None                        ; None                      ; 3.715 ns                ;
; N/A                                     ; 254.00 MHz ( period = 3.937 ns )                    ; pulse_generator:inst|counter[24] ; pulse_generator:inst|counter[21] ; 50MHz      ; 50MHz    ; None                        ; None                      ; 3.706 ns                ;
; N/A                                     ; 254.00 MHz ( period = 3.937 ns )                    ; pulse_generator:inst|slow_enable ; shift_reg:inst2|TEMP_OUT[1]      ; 50MHz      ; 50MHz    ; None                        ; None                      ; 3.647 ns                ;
; N/A                                     ; 254.00 MHz ( period = 3.937 ns )                    ; pulse_generator:inst|slow_enable ; shift_reg:inst2|TEMP_OUT[6]      ; 50MHz      ; 50MHz    ; None                        ; None                      ; 3.647 ns                ;
; N/A                                     ; 254.00 MHz ( period = 3.937 ns )                    ; pulse_generator:inst|slow_enable ; shift_reg:inst2|TEMP_OUT[5]      ; 50MHz      ; 50MHz    ; None                        ; None                      ; 3.647 ns                ;
; N/A                                     ; 254.00 MHz ( period = 3.937 ns )                    ; pulse_generator:inst|slow_enable ; shift_reg:inst2|TEMP_OUT[4]      ; 50MHz      ; 50MHz    ; None                        ; None                      ; 3.647 ns                ;
; N/A                                     ; 254.00 MHz ( period = 3.937 ns )                    ; pulse_generator:inst|slow_enable ; shift_reg:inst2|TEMP_OUT[2]      ; 50MHz      ; 50MHz    ; None                        ; None                      ; 3.647 ns                ;
; N/A                                     ; 254.00 MHz ( period = 3.937 ns )                    ; pulse_generator:inst|slow_enable ; shift_reg:inst2|TEMP_OUT[3]      ; 50MHz      ; 50MHz    ; None                        ; None                      ; 3.647 ns                ;
; N/A                                     ; 254.00 MHz ( period = 3.937 ns )                    ; pulse_generator:inst|slow_enable ; shift_reg:inst2|TEMP_OUT[0]      ; 50MHz      ; 50MHz    ; None                        ; None                      ; 3.647 ns                ;
; N/A                                     ; 254.13 MHz ( period = 3.935 ns )                    ; pulse_generator:inst|counter[24] ; pulse_generator:inst|counter[20] ; 50MHz      ; 50MHz    ; None                        ; None                      ; 3.704 ns                ;
; N/A                                     ; 254.39 MHz ( period = 3.931 ns )                    ; pulse_generator:inst|counter[26] ; pulse_generator:inst|counter[11] ; 50MHz      ; 50MHz    ; None                        ; None                      ; 3.708 ns                ;
; N/A                                     ; 254.45 MHz ( period = 3.930 ns )                    ; pulse_generator:inst|counter[20] ; pulse_generator:inst|counter[12] ; 50MHz      ; 50MHz    ; None                        ; None                      ; 3.707 ns                ;
; N/A                                     ; 254.65 MHz ( period = 3.927 ns )                    ; pulse_generator:inst|counter[26] ; pulse_generator:inst|counter[18] ; 50MHz      ; 50MHz    ; None                        ; None                      ; 3.704 ns                ;
; Timing analysis restricted to 200 rows. ; To change the limit use Settings (Assignments menu) ;                                  ;                                  ;            ;          ;                             ;                           ;                         ;
+-----------------------------------------+-----------------------------------------------------+----------------------------------+----------------------------------+------------+----------+-----------------------------+---------------------------+-------------------------+


+-------------------------------------------------------------------------------------+
; tco                                                                                 ;
+-------+--------------+------------+-----------------------------+------+------------+
; Slack ; Required tco ; Actual tco ; From                        ; To   ; From Clock ;
+-------+--------------+------------+-----------------------------+------+------------+
; N/A   ; None         ; 7.161 ns   ; shift_reg:inst2|TEMP_OUT[6] ; LED7 ; 50MHz      ;
; N/A   ; None         ; 6.773 ns   ; shift_reg:inst2|TEMP_OUT[1] ; LED2 ; 50MHz      ;
; N/A   ; None         ; 6.372 ns   ; shift_reg:inst2|TEMP_OUT[0] ; LED1 ; 50MHz      ;
; N/A   ; None         ; 6.246 ns   ; shift_reg:inst2|TEMP_OUT[2] ; LED3 ; 50MHz      ;
; N/A   ; None         ; 5.961 ns   ; shift_reg:inst2|TEMP_OUT[5] ; LED6 ; 50MHz      ;
; N/A   ; None         ; 5.958 ns   ; shift_reg:inst2|TEMP_OUT[3] ; LED4 ; 50MHz      ;
; N/A   ; None         ; 5.957 ns   ; shift_reg:inst2|TEMP_OUT[4] ; LED5 ; 50MHz      ;
+-------+--------------+------------+-----------------------------+------+------------+


+--------------------------+
; Timing Analyzer Messages ;
+--------------------------+
Info: *******************************************************************
Info: Running Quartus II Timing Analyzer
    Info: Version 5.1 Build 176 10/26/2005 Service Pack 0.15 SJ Web Edition
    Info: Processing started: Thu Mar 16 11:04:21 2006
Info: Command: quartus_tan --read_settings_files=off --write_settings_files=off ex8_2 -c ex8_2 --timing_analysis_only
Warning: Found pins functioning as undefined clocks and/or memory enables
    Info: Assuming node "50MHz" is an undefined clock
Info: Clock "50MHz" has Internal fmax of 189.5 MHz between source register "pulse_generator:inst|counter[18]" and destination register "pulse_generator:inst|counter[16]" (period= 5.277 ns)
    Info: + Longest register to register delay is 5.046 ns
        Info: 1: + IC(0.000 ns) + CELL(0.000 ns) = 0.000 ns; Loc. = LC_X38_Y16_N1; Fanout = 3; REG Node = 'pulse_generator:inst|counter[18]'
        Info: 2: + IC(1.127 ns) + CELL(0.522 ns) = 1.649 ns; Loc. = LC_X38_Y15_N1; Fanout = 1; COMB Node = 'rtl~283'
        Info: 3: + IC(0.381 ns) + CELL(0.522 ns) = 2.552 ns; Loc. = LC_X38_Y15_N7; Fanout = 4; COMB Node = 'rtl~285'
        Info: 4: + IC(0.396 ns) + CELL(0.258 ns) = 3.206 ns; Loc. = LC_X38_Y15_N8; Fanout = 10; COMB Node = 'rtl~2'
        Info: 5: + IC(1.187 ns) + CELL(0.653 ns) = 5.046 ns; Loc. = LC_X38_Y16_N5; Fanout = 4; REG Node = 'pulse_generator:inst|counter[16]'
        Info: Total cell delay = 1.955 ns ( 38.74 % )
        Info: Total interconnect delay = 3.091 ns ( 61.26 % )
    Info: - Smallest clock skew is 0.000 ns
        Info: + Shortest clock path from clock "50MHz" to destination register is 2.816 ns
            Info: 1: + IC(0.000 ns) + CELL(1.299 ns) = 1.299 ns; Loc. = PIN_G16; Fanout = 37; CLK Node = '50MHz'
            Info: 2: + IC(0.888 ns) + CELL(0.629 ns) = 2.816 ns; Loc. = LC_X38_Y16_N5; Fanout = 4; REG Node = 'pulse_generator:inst|counter[16]'
            Info: Total cell delay = 1.928 ns ( 68.47 % )
            Info: Total interconnect delay = 0.888 ns ( 31.53 % )
        Info: - Longest clock path from clock "50MHz" to source register is 2.816 ns
            Info: 1: + IC(0.000 ns) + CELL(1.299 ns) = 1.299 ns; Loc. = PIN_G16; Fanout = 37; CLK Node = '50MHz'
            Info: 2: + IC(0.888 ns) + CELL(0.629 ns) = 2.816 ns; Loc. = LC_X38_Y16_N1; Fanout = 3; REG Node = 'pulse_generator:inst|counter[18]'
            Info: Total cell delay = 1.928 ns ( 68.47 % )
            Info: Total interconnect delay = 0.888 ns ( 31.53 % )
    Info: + Micro clock to output delay of source is 0.198 ns
    Info: + Micro setup delay of destination is 0.033 ns
Info: tco from clock "50MHz" to destination pin "LED7" through register "shift_reg:inst2|TEMP_OUT[6]" is 7.161 ns
    Info: + Longest clock path from clock "50MHz" to source register is 2.749 ns
        Info: 1: + IC(0.000 ns) + CELL(1.299 ns) = 1.299 ns; Loc. = PIN_G16; Fanout = 37; CLK Node = '50MHz'
        Info: 2: + IC(0.821 ns) + CELL(0.629 ns) = 2.749 ns; Loc. = LC_X46_Y1_N6; Fanout = 2; REG Node = 'shift_reg:inst2|TEMP_OUT[6]'
        Info: Total cell delay = 1.928 ns ( 70.13 % )
        Info: Total interconnect delay = 0.821 ns ( 29.87 % )
    Info: + Micro clock to output delay of source is 0.198 ns
    Info: + Longest register to pin delay is 4.214 ns
        Info: 1: + IC(0.000 ns) + CELL(0.000 ns) = 0.000 ns; Loc. = LC_X46_Y1_N6; Fanout = 2; REG Node = 'shift_reg:inst2|TEMP_OUT[6]'
        Info: 2: + IC(2.349 ns) + CELL(1.865 ns) = 4.214 ns; Loc. = PIN_T11; Fanout = 0; PIN Node = 'LED7'
        Info: Total cell delay = 1.865 ns ( 44.26 % )
        Info: Total interconnect delay = 2.349 ns ( 55.74 % )
Warning: No matching clocks have timing constraints
Warning: No matching clocks have timing constraints
Info: Quartus II Timing Analyzer was successful. 0 errors, 3 warnings
    Info: Processing ended: Thu Mar 16 11:04:21 2006
    Info: Elapsed time: 00:00:01


