Analysis & Synthesis report for ex8_2
Thu Mar 16 11:03:49 2006
Version 5.1 Build 176 10/26/2005 Service Pack 0.15 SJ Web Edition


---------------------
; Table of Contents ;
---------------------
  1. Legal Notice
  2. Analysis & Synthesis Summary
  3. Analysis & Synthesis Settings
  4. Analysis & Synthesis Source Files Read
  5. Analysis & Synthesis Resource Usage Summary
  6. Analysis & Synthesis Resource Utilization by Entity
  7. General Register Statistics
  8. Analysis & Synthesis Equations
  9. Analysis & Synthesis Messages



----------------
; Legal Notice ;
----------------
Copyright (C) 1991-2005 Altera Corporation
Your use of Altera Corporation's design tools, logic functions 
and other software and tools, and its AMPP partner logic 
functions, and any output files any of the foregoing 
(including device programming or simulation files), and any 
associated documentation or information are expressly subject 
to the terms and conditions of the Altera Program License 
Subscription Agreement, Altera MegaCore Function License 
Agreement, or other applicable license agreement, including, 
without limitation, that your use is for the sole purpose of 
programming logic devices manufactured by Altera and sold by 
Altera or its authorized distributors.  Please refer to the 
applicable agreement for further details.



+-------------------------------------------------------------------------------+
; Analysis & Synthesis Summary                                                  ;
+-----------------------------+-------------------------------------------------+
; Analysis & Synthesis Status ; Successful - Thu Mar 16 11:03:49 2006           ;
; Quartus II Version          ; 5.1 Build 176 10/26/2005 SP 0.15 SJ Web Edition ;
; Revision Name               ; ex8_2                                           ;
; Top-level Entity Name       ; ex8_2                                           ;
; Family                      ; Cyclone                                         ;
; Total logic elements        ; 77                                              ;
; Total pins                  ; 8                                               ;
; Total virtual pins          ; 0                                               ;
; Total memory bits           ; 0                                               ;
; Total PLLs                  ; 0                                               ;
+-----------------------------+-------------------------------------------------+


+--------------------------------------------------------------------------------------------------------------+
; Analysis & Synthesis Settings                                                                                ;
+--------------------------------------------------------------------+--------------------+--------------------+
; Option                                                             ; Setting            ; Default Value      ;
+--------------------------------------------------------------------+--------------------+--------------------+
; Device                                                             ; EP1C12F256C7       ;                    ;
; Top-level entity name                                              ; ex8_2              ; ex8_2              ;
; Family name                                                        ; Cyclone            ; Stratix            ;
; Use smart compilation                                              ; On                 ; Off                ;
; Optimization Technique -- Cyclone                                  ; Speed              ; Balanced           ;
; Perform WYSIWYG Primitive Resynthesis                              ; On                 ; Off                ;
; Perform gate-level register retiming                               ; On                 ; Off                ;
; Restructure Multiplexers                                           ; Auto               ; Auto               ;
; Create Debugging Nodes for IP Cores                                ; Off                ; Off                ;
; Preserve fewer node names                                          ; On                 ; On                 ;
; Disable OpenCore Plus hardware evaluation                          ; Off                ; Off                ;
; Verilog Version                                                    ; Verilog_2001       ; Verilog_2001       ;
; VHDL Version                                                       ; VHDL93             ; VHDL93             ;
; State Machine Processing                                           ; Auto               ; Auto               ;
; Extract Verilog State Machines                                     ; On                 ; On                 ;
; Extract VHDL State Machines                                        ; On                 ; On                 ;
; Add Pass-Through Logic to Inferred RAMs                            ; On                 ; On                 ;
; NOT Gate Push-Back                                                 ; On                 ; On                 ;
; Power-Up Don't Care                                                ; On                 ; On                 ;
; Remove Redundant Logic Cells                                       ; Off                ; Off                ;
; Remove Duplicate Registers                                         ; On                 ; On                 ;
; Ignore CARRY Buffers                                               ; Off                ; Off                ;
; Ignore CASCADE Buffers                                             ; Off                ; Off                ;
; Ignore GLOBAL Buffers                                              ; Off                ; Off                ;
; Ignore ROW GLOBAL Buffers                                          ; Off                ; Off                ;
; Ignore LCELL Buffers                                               ; Off                ; Off                ;
; Ignore SOFT Buffers                                                ; On                 ; On                 ;
; Limit AHDL Integers to 32 Bits                                     ; Off                ; Off                ;
; Carry Chain Length -- Stratix/Stratix GX/Cyclone/MAX II/Cyclone II ; 70                 ; 70                 ;
; Auto Carry Chains                                                  ; On                 ; On                 ;
; Auto Open-Drain Pins                                               ; On                 ; On                 ;
; Remove Duplicate Logic                                             ; On                 ; On                 ;
; Allow register retiming to trade off Tsu/Tco with Fmax             ; On                 ; On                 ;
; Auto ROM Replacement                                               ; On                 ; On                 ;
; Auto RAM Replacement                                               ; On                 ; On                 ;
; Auto Shift Register Replacement                                    ; On                 ; On                 ;
; Auto Clock Enable Replacement                                      ; On                 ; On                 ;
; Allow Synchronous Control Signals                                  ; On                 ; On                 ;
; Force Use of Synchronous Clear Signals                             ; Off                ; Off                ;
; Auto RAM Block Balancing                                           ; On                 ; On                 ;
; Auto Resource Sharing                                              ; Off                ; Off                ;
; Allow Any RAM Size For Recognition                                 ; Off                ; Off                ;
; Allow Any ROM Size For Recognition                                 ; Off                ; Off                ;
; Allow Any Shift Register Size For Recognition                      ; Off                ; Off                ;
; Maximum Number of M512 Memory Blocks                               ; -1                 ; -1                 ;
; Maximum Number of M4K Memory Blocks                                ; -1                 ; -1                 ;
; Maximum Number of M-RAM Memory Blocks                              ; -1                 ; -1                 ;
; Ignore translate_off and translate_on Synthesis Directives         ; Off                ; Off                ;
; Show Parameter Settings Tables in Synthesis Report                 ; On                 ; On                 ;
; Ignore Maximum Fan-Out Assignments                                 ; Off                ; Off                ;
; Retiming Meta-Stability Register Sequence Length                   ; 2                  ; 2                  ;
; PowerPlay Power Optimization                                       ; Normal compilation ; Normal compilation ;
; HDL message level                                                  ; Level2             ; Level2             ;
+--------------------------------------------------------------------+--------------------+--------------------+


+-----------------------------------------------------------------------------------------------------------------------------------------------+
; Analysis & Synthesis Source Files Read                                                                                                        ;
+----------------------------------+-----------------+------------------------------------+-----------------------------------------------------+
; File Name with User-Entered Path ; Used in Netlist ; File Type                          ; File Name with Absolute Path                        ;
+----------------------------------+-----------------+------------------------------------+-----------------------------------------------------+
; shift_reg.vhd                    ; yes             ; User VHDL File                     ; C:/altera/FPGA_course/ex8/ex8_2/shift_reg.vhd       ;
; pulse_generator.vhd              ; yes             ; User VHDL File                     ; C:/altera/FPGA_course/ex8/ex8_2/pulse_generator.vhd ;
; ex8_2.bdf                        ; yes             ; User Block Diagram/Schematic File  ; C:/altera/FPGA_course/ex8/ex8_2/ex8_2.bdf           ;
; pattern.vhd                      ; yes             ; User VHDL File                     ; C:/altera/FPGA_course/ex8/ex8_2/pattern.vhd         ;
+----------------------------------+-----------------+------------------------------------+-----------------------------------------------------+


+-----------------------------------------------------+
; Analysis & Synthesis Resource Usage Summary         ;
+---------------------------------------------+-------+
; Resource                                    ; Usage ;
+---------------------------------------------+-------+
; Total logic elements                        ; 77    ;
;     -- Combinational with no register       ; 40    ;
;     -- Register only                        ; 24    ;
;     -- Combinational with a register        ; 13    ;
;                                             ;       ;
; Logic element usage by number of LUT inputs ;       ;
;     -- 4 input functions                    ; 13    ;
;     -- 3 input functions                    ; 0     ;
;     -- 2 input functions                    ; 39    ;
;     -- 1 input functions                    ; 1     ;
;     -- 0 input functions                    ; 0     ;
;         -- Combinational cells for routing  ; 0     ;
;                                             ;       ;
; Logic elements by mode                      ;       ;
;     -- normal mode                          ; 50    ;
;     -- arithmetic mode                      ; 27    ;
;     -- qfbk mode                            ; 0     ;
;     -- register cascade mode                ; 0     ;
;     -- synchronous clear/load mode          ; 0     ;
;     -- asynchronous clear/load mode         ; 0     ;
;                                             ;       ;
; Total registers                             ; 37    ;
; Total logic cells in carry chains           ; 28    ;
; I/O pins                                    ; 8     ;
; Maximum fan-out node                        ; 50MHz ;
; Maximum fan-out                             ; 37    ;
; Total fan-out                               ; 206   ;
; Average fan-out                             ; 2.42  ;
+---------------------------------------------+-------+


+----------------------------------------------------------------------------------------------------------------------------------------------------------------------------------------------------------------+
; Analysis & Synthesis Resource Utilization by Entity                                                                                                                                                            ;
+----------------------------+-------------+--------------+-------------+------+--------------+--------------+-------------------+------------------+-----------------+------------+-----------------------------+
; Compilation Hierarchy Node ; Logic Cells ; LC Registers ; Memory Bits ; Pins ; Virtual Pins ; LUT-Only LCs ; Register-Only LCs ; LUT/Register LCs ; Carry Chain LCs ; Packed LCs ; Full Hierarchy Name         ;
+----------------------------+-------------+--------------+-------------+------+--------------+--------------+-------------------+------------------+-----------------+------------+-----------------------------+
; |ex8_2                     ; 77 (10)     ; 37           ; 0           ; 8    ; 0            ; 40 (10)      ; 24 (0)            ; 13 (0)           ; 28 (0)          ; 0 (0)      ; |ex8_2                      ;
;    |pattern:inst1|         ; 3 (3)       ; 1            ; 0           ; 0    ; 0            ; 2 (2)        ; 0 (0)             ; 1 (1)            ; 0 (0)           ; 0 (0)      ; |ex8_2|pattern:inst1        ;
;    |pulse_generator:inst|  ; 57 (57)     ; 29           ; 0           ; 0    ; 0            ; 28 (28)      ; 17 (17)           ; 12 (12)          ; 28 (28)         ; 0 (0)      ; |ex8_2|pulse_generator:inst ;
;    |shift_reg:inst2|       ; 7 (7)       ; 7            ; 0           ; 0    ; 0            ; 0 (0)        ; 7 (7)             ; 0 (0)            ; 0 (0)           ; 0 (0)      ; |ex8_2|shift_reg:inst2      ;
+----------------------------+-------------+--------------+-------------+------+--------------+--------------+-------------------+------------------+-----------------+------------+-----------------------------+
Note: For table entries with two numbers listed, the numbers in parentheses indicate the number of resources of the given type used by the specific entity alone. The numbers listed outside of parentheses indicate the total resources of the given type used by the specific entity and all of its sub-entities in the hierarchy.


+------------------------------------------------------+
; General Register Statistics                          ;
+----------------------------------------------+-------+
; Statistic                                    ; Value ;
+----------------------------------------------+-------+
; Total registers                              ; 37    ;
; Number of registers using Synchronous Clear  ; 0     ;
; Number of registers using Synchronous Load   ; 0     ;
; Number of registers using Asynchronous Clear ; 0     ;
; Number of registers using Asynchronous Load  ; 0     ;
; Number of registers using Clock Enable       ; 7     ;
; Number of registers using Preset             ; 0     ;
+----------------------------------------------+-------+


+--------------------------------+
; Analysis & Synthesis Equations ;
+--------------------------------+
The equations can be found in C:/altera/FPGA_course/ex8/ex8_2/ex8_2.map.eqn.


+-------------------------------+
; Analysis & Synthesis Messages ;
+-------------------------------+
Info: *******************************************************************
Info: Running Quartus II Analysis & Synthesis
    Info: Version 5.1 Build 176 10/26/2005 Service Pack 0.15 SJ Web Edition
    Info: Processing started: Thu Mar 16 11:03:41 2006
Info: Command: quartus_map --read_settings_files=on --write_settings_files=off ex8_2 -c ex8_2
Info: Found 2 design units, including 1 entities, in source file shift_reg.vhd
    Info: Found design unit 1: shift_reg-shift_reg_architecture
    Info: Found entity 1: shift_reg
Info: Found 2 design units, including 1 entities, in source file pulse_generator.vhd
    Info: Found design unit 1: pulse_generator-pulse_generator_architecture
    Info: Found entity 1: pulse_generator
Info: Found 1 design units, including 1 entities, in source file ex8_2.bdf
    Info: Found entity 1: ex8_2
Info: Found 2 design units, including 1 entities, in source file pattern.vhd
    Info: Found design unit 1: pattern-pattern_architecture
    Info: Found entity 1: pattern
Info: Elaborating entity "ex8_2" for the top level hierarchy
Info: Elaborating entity "shift_reg" for hierarchy "shift_reg:inst2"
Warning (10492): VHDL Process Statement warning at shift_reg.vhd(53): signal "ce" is read inside the Process Statement but isn't in the Process Statement's sensivitity list
Info: Elaborating entity "pulse_generator" for hierarchy "pulse_generator:inst"
Info: Elaborating entity "pattern" for hierarchy "pattern:inst1"
Info: Resynthesizing 0 WYSIWYG logic cells and I/Os using "speed" technology mapper which leaves 28 WYSIWYG logic cells and I/Os untouched
Info: Performing gate-level register retiming
Info: Not allowed to move 7 registers
    Info: Not allowed to move 7 registers because they feed output pins directly
Info: Quartus II software applied gate-level register retiming to 0 clock domains
Info: Implemented 85 device resources after synthesis - the final resource count might be different
    Info: Implemented 1 input pins
    Info: Implemented 7 output pins
    Info: Implemented 77 logic cells
Info: Quartus II Analysis & Synthesis was successful. 0 errors, 1 warning
    Info: Processing ended: Thu Mar 16 11:03:49 2006
    Info: Elapsed time: 00:00:08


