============================================================
  Generated by:           Genus(TM) Synthesis Solution 23.11-s100_1
  Generated on:           Feb 02 2025  12:22:52 pm
  Module:                 GPIO_IN
  Operating conditions:   tt_1.8_25 (balanced_tree)
  Wireload mode:          enclosed
  Area mode:              timing library
============================================================

Timing
-------
  Cost    Critical         Violating 
 Group   Path Slack  TNS     Paths   
-------------------------------------
default    No paths   0.0            
-------------------------------------
Total                 0.0          0 

Instance Count
--------------
Leaf Instance Count             0 
Physical Instance count         0 
Sequential Instance Count       0 
Combinational Instance Count    0 
Hierarchical Instance Count     1 

Area
----
Cell Area                          0.000
Physical Cell Area                 0.000
Total Cell Area (Cell+Physical)    0.000
Net Area                           0.000
Total Area (Cell+Physical+Net)     0.000

Max Fanout                         8 (tie_lo_esd)
Min Fanout                         1 (Y)
Average Fanout                     3.7
Terms to net ratio                 0.0000
Runtime                            10.998982 seconds
Elapsed Runtime                    13 seconds
Genus peak memory usage            1755.93 
Innovus peak memory usage          no_value 
Hostname                           cae-europractice1.othr.de
