============================================================
  Generated by:           Genus(TM) Synthesis Solution 23.11-s100_1
  Generated on:           Feb 01 2025  03:23:20 pm
  Module:                 GPIO
  Operating conditions:   tt_1.8_25 (balanced_tree)
  Wireload mode:          enclosed
  Area mode:              timing library
============================================================

Timing
-------
  Cost    Critical         Violating 
 Group   Path Slack  TNS     Paths   
-------------------------------------
default    No paths   0.0            
-------------------------------------
Total                 0.0          0 

Instance Count
--------------
Leaf Instance Count             3 
Physical Instance count         0 
Sequential Instance Count       0 
Combinational Instance Count    3 
Hierarchical Instance Count     0 

Area
----
Cell Area                          36.183
Physical Cell Area                 0.000
Total Cell Area (Cell+Physical)    36.183
Net Area                           0.000
Total Area (Cell+Physical+Net)     36.183

Max Fanout                         2 (PAD)
Min Fanout                         1 (n_0)
Average Fanout                     1.4
Terms to net ratio                 1.6000
Terms to instance ratio            2.6667
Runtime                            13.998949 seconds
Elapsed Runtime                    35 seconds
Genus peak memory usage            1757.11 
Innovus peak memory usage          no_value 
Hostname                           cae-europractice1.othr.de
