============================================================
  Generated by:           Genus(TM) Synthesis Solution 23.11-s100_1
  Generated on:           Jan 31 2025  07:08:31 pm
  Module:                 DFFR
  Operating conditions:   tt_1.8_25 (balanced_tree)
  Wireload mode:          enclosed
  Area mode:              timing library
============================================================

Timing
-------
  Cost    Critical         Violating 
 Group   Path Slack  TNS     Paths   
-------------------------------------
default    No paths   0.0            
-------------------------------------
Total                 0.0          0 

Instance Count
--------------
Leaf Instance Count             2 
Physical Instance count         0 
Sequential Instance Count       1 
Combinational Instance Count    1 
Hierarchical Instance Count     0 

Area
----
Cell Area                          43.801
Physical Cell Area                 0.000
Total Cell Area (Cell+Physical)    43.801
Net Area                           0.000
Total Area (Cell+Physical+Net)     43.801

Max Fanout                         1 (QN)
Min Fanout                         0 (n_0)
Average Fanout                     0.7
Terms to net ratio                 1.1667
Terms to instance ratio            3.5000
Runtime                            10.996823 seconds
Elapsed Runtime                    13 seconds
Genus peak memory usage            1757.98 
Innovus peak memory usage          no_value 
Hostname                           cae-europractice1.othr.de
