Umake: 'C:\uC51\bin\uc51 tcpip\open_ether.c tcpip\open_ether.s51 -IC:\uC51\include -e -dCPU_NSEC=542 -dFLEXGATE -small'...
tcpip\open_ether.c 87: Warning: overflow in converting constant expression from 'unsigned long' to 'unsigned char'
tcpip\open_ether.c 109: Warning: old-style function definition for 'find_RX_Buffer'
tcpip\open_ether.c 139: Warning: superfluous constant runtime arithmetics
tcpip\open_ether.c 140: Warning: superfluous constant runtime arithmetics
tcpip\open_ether.c 145: Warning: old-style function definition for 'CommitSend_Phy'
tcpip\open_ether.c 147: Warning: superfluous constant runtime arithmetics
Umake: 'C:\uC51\bin\a51 -e tcpip\open_ether.s51 -iC:\uC51\include -g'...
Umake: 'C:\uC51\bin\uc51 tcpip\net.c tcpip\net.s51 -IC:\uC51\include -e -dCPU_NSEC=542 -dFLEXGATE -small'...
tcpip\net.c 1494: Warning: missing prototype for function 'Init_Mac()'
tcpip\net.c 1510: Warning: possibly incorrect assignment
tcpip\net.c 1499: Warning: superfluous constant runtime arithmetics
tcpip\net.c 1606: Warning: missing prototype for function 'Init_Mac()'
Umake: 'C:\uC51\bin\a51 -e tcpip\net.s51 -iC:\uC51\include -g'...
Umake: 'C:\uC51\bin\uc51 tcpip\netutil.c tcpip\netutil.s51 -IC:\uC51\include -e -dCPU_NSEC=542 -dFLEXGATE -small'...
Umake: 'C:\uC51\bin\a51 -e tcpip\netutil.s51 -iC:\uC51\include -g'...
Umake: 'C:\uC51\bin\uc51 tcpip\web_serv.c tcpip\web_serv.s51 -IC:\uC51\include -e -dCPU_NSEC=542 -dFLEXGATE -small'...
Umake: 'C:\uC51\bin\a51 -e tcpip\web_serv.s51 -iC:\uC51\include -g'...
Umake: 'C:\uC51\bin\uc51 fg1_http.c fg1_http.s51 -IC:\uC51\include -e -dCPU_NSEC=542 -dFLEXGATE -small'...
Umake: 'C:\uC51\bin\a51 -e fg1_http.s51 -iC:\uC51\include -g'...
Umake: 'C:\uC51\bin\webcode home.html home.s51 -e'...
Umake: 'C:\uC51\bin\a51 -e home.s51 -g'...
Umake: 'C:\uC51\bin\webcode reply.html reply.s51 -e'...
Umake: 'C:\uC51\bin\a51 -e reply.s51 -g'...
Umake: 'C:\uC51\bin\webcode form.html form.s51 -e'...
Umake: 'C:\uC51\bin\a51 -e form.s51 -g'...
Umake: 'C:\uC51\bin\farg link.lnk tcpip\open_ether.obj tcpip\net.obj tcpip\netutil.obj tcpip\web_serv.obj fg1_http.obj home.obj reply.obj form.obj'...
Umake: 'C:\uC51\bin\l51 -e -ofg1_http.bin @link.lnk -lC:\uC51\lib\small\stdlib.lib -lC:\uC51\lib\small\ser_ioD.lib -r$0,$0000  -d -o-'...
Binary 'fg1_http.bin': start: $0, end: $2d09, total size: $2d0a/(dec.)11530 bytes, used (dec.)11523 bytes
Sclass 'text': start: $0, end: $2d09 size: $2d0a/(dec.)11530 Bytes
Sclass 'xram': start: $0, end: $31b size: $31c/(dec.)796 Bytes
Sclass 'dram': start: $20, end: $43 size: $24/(dec.)36 Bytes

Umake: *** OK ***