============================================================
  Generated by:           Genus(TM) Synthesis Solution 22.13-s093_1
  Generated on:           Nov 08 2024  10:19:31 pm
  Module:                 fpga_top
  Operating conditions:   PVT_1P1V_0C (balanced_tree)
  Wireload mode:          enclosed
  Area mode:              timing library
============================================================

Timing
--------

   Clock     Period 
--------------------
clk[0]       1777.0 
prog_clk[0] 10000.0 


    Cost      Critical         Violating 
   Group     Path Slack  TNS     Paths   
-----------------------------------------
clk[0]         No paths   0.0            
default            13.9   0.0          0 
prog_clk[0]    No paths   0.0            
-----------------------------------------
Total                     0.0          0 

Instance Count
--------------
Leaf Instance Count             11573 
Physical Instance count             0 
Sequential Instance Count        1478 
Combinational Instance Count    10095 
Hierarchical Instance Count       716 

Area
----
Cell Area                          28590.858
Physical Cell Area                 0.000
Total Cell Area (Cell+Physical)    28590.858
Net Area                           0.000
Total Area (Cell+Physical+Net)     28590.858

Max Fanout                         1458 (prog_clk[0])
Min Fanout                         0 (grid_clb_1__1__undriven_top_width_0_height_0_subtile_0__pin_clk_0_[0])
Average Fanout                     1.7
Terms to net ratio                 2.8111
Terms to instance ratio            3.1873
Runtime                            64.0111 seconds
Elapsed Runtime                    69 seconds
Genus peak memory usage            1941.49 
Innovus peak memory usage          no_value 
Hostname                           cae-europractice1.othr.de
