Fitter report for ex19
Fri Oct 06 09:57:55 2006
Version 6.0 Build 202 06/20/2006 Service Pack 1 SJ Web Edition


---------------------
; Table of Contents ;
---------------------
  1. Legal Notice
  2. Fitter Summary
  3. Fitter Settings
  4. Pin-Out File
  5. Fitter Resource Usage Summary
  6. Input Pins
  7. Output Pins
  8. I/O Bank Usage
  9. All Package Pins
 10. Output Pin Default Load For Reported TCO
 11. Fitter Resource Utilization by Entity
 12. Delay Chain Summary
 13. Pad To Core Delay Chain Fanout
 14. Control Signals
 15. Global & Other Fast Signals
 16. Non-Global High Fan-Out Signals
 17. Interconnect Usage Summary
 18. LAB Logic Elements
 19. LAB-wide Signals
 20. LAB Signals Sourced
 21. LAB Signals Sourced Out
 22. LAB Distinct Inputs
 23. Fitter Device Options
 24. Fitter Messages



----------------
; Legal Notice ;
----------------
Copyright (C) 1991-2006 Altera Corporation
Your use of Altera Corporation's design tools, logic functions 
and other software and tools, and its AMPP partner logic 
functions, and any output files any of the foregoing 
(including device programming or simulation files), and any 
associated documentation or information are expressly subject 
to the terms and conditions of the Altera Program License 
Subscription Agreement, Altera MegaCore Function License 
Agreement, or other applicable license agreement, including, 
without limitation, that your use is for the sole purpose of 
programming logic devices manufactured by Altera and sold by 
Altera or its authorized distributors.  Please refer to the 
applicable agreement for further details.



+----------------------------------------------------------------------+
; Fitter Summary                                                       ;
+-----------------------+----------------------------------------------+
; Fitter Status         ; Successful - Fri Oct 06 09:57:55 2006        ;
; Quartus II Version    ; 6.0 Build 202 06/20/2006 SP 1 SJ Web Edition ;
; Revision Name         ; ex19                                         ;
; Top-level Entity Name ; ex19                                         ;
; Family                ; Cyclone                                      ;
; Device                ; EP1C12F256C7                                 ;
; Timing Models         ; Final                                        ;
; Total logic elements  ; 51 / 12,060 ( < 1 % )                        ;
; Total pins            ; 10 / 185 ( 5 % )                             ;
; Total virtual pins    ; 0                                            ;
; Total memory bits     ; 0 / 239,616 ( 0 % )                          ;
; Total PLLs            ; 0 / 2 ( 0 % )                                ;
+-----------------------+----------------------------------------------+


+----------------------------------------------------------------------------------------------------------------------+
; Fitter Settings                                                                                                      ;
+----------------------------------------------------+--------------------------------+--------------------------------+
; Option                                             ; Setting                        ; Default Value                  ;
+----------------------------------------------------+--------------------------------+--------------------------------+
; Device                                             ; EP1C12F256C7                   ;                                ;
; Use smart compilation                              ; Off                            ; Off                            ;
; Router Timing Optimization Level                   ; Normal                         ; Normal                         ;
; Placement Effort Multiplier                        ; 1.0                            ; 1.0                            ;
; Router Effort Multiplier                           ; 1.0                            ; 1.0                            ;
; Optimize Hold Timing                               ; IO Paths and Minimum TPD Paths ; IO Paths and Minimum TPD Paths ;
; Optimize Fast-Corner Timing                        ; Off                            ; Off                            ;
; Optimize Timing                                    ; Normal compilation             ; Normal compilation             ;
; Optimize IOC Register Placement for Timing         ; On                             ; On                             ;
; Limit to One Fitting Attempt                       ; Off                            ; Off                            ;
; Final Placement Optimizations                      ; Automatically                  ; Automatically                  ;
; Fitter Aggressive Routability Optimizations        ; Automatically                  ; Automatically                  ;
; Fitter Initial Placement Seed                      ; 1                              ; 1                              ;
; Slow Slew Rate                                     ; Off                            ; Off                            ;
; PCI I/O                                            ; Off                            ; Off                            ;
; Weak Pull-Up Resistor                              ; Off                            ; Off                            ;
; Enable Bus-Hold Circuitry                          ; Off                            ; Off                            ;
; Auto Global Memory Control Signals                 ; Off                            ; Off                            ;
; Auto Packed Registers -- Cyclone                   ; Auto                           ; Auto                           ;
; Auto Delay Chains                                  ; On                             ; On                             ;
; Auto Merge PLLs                                    ; On                             ; On                             ;
; Perform Physical Synthesis for Combinational Logic ; Off                            ; Off                            ;
; Perform Register Duplication                       ; Off                            ; Off                            ;
; Perform Register Retiming                          ; Off                            ; Off                            ;
; Perform Asynchronous Signal Pipelining             ; Off                            ; Off                            ;
; Fitter Effort                                      ; Auto Fit                       ; Auto Fit                       ;
; Physical Synthesis Effort Level                    ; Normal                         ; Normal                         ;
; Logic Cell Insertion - Logic Duplication           ; Auto                           ; Auto                           ;
; Auto Register Duplication                          ; Auto                           ; Auto                           ;
; Auto Global Clock                                  ; On                             ; On                             ;
; Auto Global Register Control Signals               ; On                             ; On                             ;
+----------------------------------------------------+--------------------------------+--------------------------------+


+--------------+
; Pin-Out File ;
+--------------+
The pin-out file can be found in C:/altera/FPGA_course/ex19/ex19.pin.


+---------------------------------------------------------------------+
; Fitter Resource Usage Summary                                       ;
+---------------------------------------------+-----------------------+
; Resource                                    ; Usage                 ;
+---------------------------------------------+-----------------------+
; Total logic elements                        ; 51 / 12,060 ( < 1 % ) ;
;     -- Combinational with no register       ; 27                    ;
;     -- Register only                        ; 3                     ;
;     -- Combinational with a register        ; 21                    ;
;                                             ;                       ;
; Logic element usage by number of LUT inputs ;                       ;
;     -- 4 input functions                    ; 16                    ;
;     -- 3 input functions                    ; 10                    ;
;     -- 2 input functions                    ; 19                    ;
;     -- 1 input functions                    ; 4                     ;
;     -- 0 input functions                    ; 2                     ;
;                                             ;                       ;
; Logic elements by mode                      ;                       ;
;     -- normal mode                          ; 33                    ;
;     -- arithmetic mode                      ; 18                    ;
;     -- qfbk mode                            ; 10                    ;
;     -- register cascade mode                ; 0                     ;
;     -- synchronous clear/load mode          ; 12                    ;
;     -- asynchronous clear/load mode         ; 23                    ;
;                                             ;                       ;
; Total LABs                                  ; 6 / 1,206 ( < 1 % )   ;
; Logic elements in carry chains              ; 20                    ;
; User inserted logic elements                ; 0                     ;
; Virtual pins                                ; 0                     ;
; I/O pins                                    ; 10 / 185 ( 5 % )      ;
;     -- Clock pins                           ; 1 / 2 ( 50 % )        ;
; Global signals                              ; 2                     ;
; M4Ks                                        ; 0 / 52 ( 0 % )        ;
; Total memory bits                           ; 0 / 239,616 ( 0 % )   ;
; Total RAM block bits                        ; 0 / 239,616 ( 0 % )   ;
; PLLs                                        ; 0 / 2 ( 0 % )         ;
; Global clocks                               ; 2 / 8 ( 25 % )        ;
; Maximum fan-out node                        ; clr                   ;
; Maximum fan-out                             ; 24                    ;
; Highest non-global fan-out signal           ; qen                   ;
; Highest non-global fan-out                  ; 15                    ;
; Total fan-out                               ; 217                   ;
; Average fan-out                             ; 3.44                  ;
+---------------------------------------------+-----------------------+


+------------------------------------------------------------------------------------------------------------------------------------------------------------------------------------------------------------------------------------------------------------+
; Input Pins                                                                                                                                                                                                                                                 ;
+------+-------+----------+--------------+--------------+-------------+-----------------------+--------------------+--------+----------------+---------------+-----------------+----------+--------------+--------------+-------------+----------------------+
; Name ; Pin # ; I/O Bank ; X coordinate ; Y coordinate ; Cell number ; Combinational Fan-Out ; Registered Fan-Out ; Global ; Input Register ; Power Up High ; PCI I/O Enabled ; Bus Hold ; Weak Pull Up ; I/O Standard ; Termination ; Location assigned by ;
+------+-------+----------+--------------+--------------+-------------+-----------------------+--------------------+--------+----------------+---------------+-----------------+----------+--------------+--------------+-------------+----------------------+
; clk  ; G16   ; 3        ; 53           ; 15           ; 1           ; 24                    ; 0                  ; yes    ; no             ; no            ; no              ; no       ; Off          ; LVTTL        ; Off         ; User                 ;
; clr  ; T15   ; 4        ; 52           ; 0            ; 1           ; 24                    ; 0                  ; yes    ; no             ; no            ; no              ; no       ; Off          ; LVTTL        ; Off         ; User                 ;
+------+-------+----------+--------------+--------------+-------------+-----------------------+--------------------+--------+----------------+---------------+-----------------+----------+--------------+--------------+-------------+----------------------+


+-------------------------------------------------------------------------------------------------------------------------------------------------------------------------------------------------------------------------------------------------------------------------------------------------------------+
; Output Pins                                                                                                                                                                                                                                                                                                 ;
+----------+-------+----------+--------------+--------------+-------------+-----------------+------------------------+---------------+----------------+-----------------+------------+---------------+----------+--------------+--------------+------------------+-------------+----------------------+-------+
; Name     ; Pin # ; I/O Bank ; X coordinate ; Y coordinate ; Cell number ; Output Register ; Output Enable Register ; Power Up High ; Slow Slew Rate ; PCI I/O Enabled ; Open Drain ; TRI Primitive ; Bus Hold ; Weak Pull Up ; I/O Standard ; Current Strength ; Termination ; Location assigned by ; Load  ;
+----------+-------+----------+--------------+--------------+-------------+-----------------+------------------------+---------------+----------------+-----------------+------------+---------------+----------+--------------+--------------+------------------+-------------+----------------------+-------+
; VgaBl0   ; E11   ; 2        ; 46           ; 27           ; 1           ; no              ; no                     ; no            ; no             ; no              ; no         ; no            ; no       ; Off          ; LVTTL        ; 24mA             ; Off         ; User                 ; 10 pF ;
; VgaBl1   ; D11   ; 2        ; 42           ; 27           ; 0           ; no              ; no                     ; no            ; no             ; no              ; no         ; no            ; no       ; Off          ; LVTTL        ; 24mA             ; Off         ; User                 ; 10 pF ;
; VgaGr0   ; C10   ; 2        ; 32           ; 27           ; 0           ; no              ; no                     ; no            ; no             ; no              ; no         ; no            ; no       ; Off          ; LVTTL        ; 24mA             ; Off         ; User                 ; 10 pF ;
; VgaGr1   ; B10   ; 2        ; 36           ; 27           ; 1           ; no              ; no                     ; no            ; no             ; no              ; no         ; no            ; no       ; Off          ; LVTTL        ; 24mA             ; Off         ; User                 ; 10 pF ;
; VgaHsync ; C9    ; 2        ; 28           ; 27           ; 1           ; no              ; no                     ; no            ; no             ; no              ; no         ; no            ; no       ; Off          ; LVTTL        ; 24mA             ; Off         ; User                 ; 10 pF ;
; VgaRd0   ; D9    ; 2        ; 28           ; 27           ; 0           ; no              ; no                     ; no            ; no             ; no              ; no         ; no            ; no       ; Off          ; LVTTL        ; 24mA             ; Off         ; User                 ; 10 pF ;
; VgaRd1   ; D10   ; 2        ; 32           ; 27           ; 1           ; no              ; no                     ; no            ; no             ; no              ; no         ; no            ; no       ; Off          ; LVTTL        ; 24mA             ; Off         ; User                 ; 10 pF ;
; VgaVsync ; C11   ; 2        ; 38           ; 27           ; 0           ; no              ; no                     ; no            ; no             ; no              ; no         ; no            ; no       ; Off          ; LVTTL        ; 24mA             ; Off         ; User                 ; 10 pF ;
+----------+-------+----------+--------------+--------------+-------------+-----------------+------------------------+---------------+----------------+-----------------+------------+---------------+----------+--------------+--------------+------------------+-------------+----------------------+-------+


+-----------------------------------------------------------+
; I/O Bank Usage                                            ;
+----------+-----------------+---------------+--------------+
; I/O Bank ; Usage           ; VCCIO Voltage ; VREF Voltage ;
+----------+-----------------+---------------+--------------+
; 1        ; 2 / 44 ( 5 % )  ; 3.3V          ; --           ;
; 2        ; 8 / 48 ( 17 % ) ; 3.3V          ; --           ;
; 3        ; 1 / 45 ( 2 % )  ; 3.3V          ; --           ;
; 4        ; 1 / 48 ( 2 % )  ; 3.3V          ; --           ;
+----------+-----------------+---------------+--------------+


+-------------------------------------------------------------------------------------------------------------------------------------------------------------------------+
; All Package Pins                                                                                                                                                        ;
+----------+------------+----------+-------------------------------------------+--------+--------------+---------+------------+-----------------+----------+--------------+
; Location ; Pad Number ; I/O Bank ; Pin Name/Usage                            ; Dir.   ; I/O Standard ; Voltage ; I/O Type   ; User Assignment ; Bus Hold ; Weak Pull Up ;
+----------+------------+----------+-------------------------------------------+--------+--------------+---------+------------+-----------------+----------+--------------+
; A1       ;            ;          ; GND                                       ; gnd    ;              ;         ; --         ;                 ; --       ; --           ;
; A2       ; 260        ; 2        ; GND*                                      ;        ;              ;         ; Column I/O ;                 ; no       ; Off          ;
; A3       ;            ; 2        ; VCCIO2                                    ; power  ;              ; 3.3V    ; --         ;                 ; --       ; --           ;
; A4       ; 256        ; 2        ; GND*                                      ;        ;              ;         ; Column I/O ;                 ; no       ; Off          ;
; A5       ;            ;          ; GND                                       ; gnd    ;              ;         ; --         ;                 ; --       ; --           ;
; A6       ; 245        ; 2        ; GND*                                      ;        ;              ;         ; Column I/O ;                 ; no       ; Off          ;
; A7       ;            ;          ; VCCINT                                    ; power  ;              ; 1.5V    ; --         ;                 ; --       ; --           ;
; A8       ; 240        ; 2        ; GND*                                      ;        ;              ;         ; Column I/O ;                 ; no       ; Off          ;
; A9       ; 224        ; 2        ; GND*                                      ;        ;              ;         ; Column I/O ;                 ; no       ; Off          ;
; A10      ;            ;          ; VCCINT                                    ; power  ;              ; 1.5V    ; --         ;                 ; --       ; --           ;
; A11      ; 220        ; 2        ; GND*                                      ;        ;              ;         ; Column I/O ;                 ; no       ; Off          ;
; A12      ;            ;          ; GND                                       ; gnd    ;              ;         ; --         ;                 ; --       ; --           ;
; A13      ; 206        ; 2        ; GND*                                      ;        ;              ;         ; Column I/O ;                 ; no       ; Off          ;
; A14      ;            ; 2        ; VCCIO2                                    ; power  ;              ; 3.3V    ; --         ;                 ; --       ; --           ;
; A15      ; 202        ; 2        ; GND*                                      ;        ;              ;         ; Column I/O ;                 ; no       ; Off          ;
; A16      ;            ;          ; GND                                       ; gnd    ;              ;         ; --         ;                 ; --       ; --           ;
; B1       ; 3          ; 1        ; GND*                                      ;        ;              ;         ; Row I/O    ;                 ; no       ; Off          ;
; B2       ; 261        ; 2        ; GND*                                      ;        ;              ;         ; Column I/O ;                 ; no       ; Off          ;
; B3       ; 259        ; 2        ; GND*                                      ;        ;              ;         ; Column I/O ;                 ; no       ; Off          ;
; B4       ; 257        ; 2        ; GND*                                      ;        ;              ;         ; Column I/O ;                 ; no       ; Off          ;
; B5       ; 255        ; 2        ; GND*                                      ;        ;              ;         ; Column I/O ;                 ; no       ; Off          ;
; B6       ; 248        ; 2        ; GND*                                      ;        ;              ;         ; Column I/O ;                 ; no       ; Off          ;
; B7       ; 244        ; 2        ; GND*                                      ;        ;              ;         ; Column I/O ;                 ; no       ; Off          ;
; B8       ; 241        ; 2        ; GND*                                      ;        ;              ;         ; Column I/O ;                 ; no       ; Off          ;
; B9       ; 225        ; 2        ; GND*                                      ;        ;              ;         ; Column I/O ;                 ; no       ; Off          ;
; B10      ; 221        ; 2        ; VgaGr1                                    ; output ; LVTTL        ;         ; Column I/O ; Y               ; no       ; Off          ;
; B11      ; 219        ; 2        ; GND*                                      ;        ;              ;         ; Column I/O ;                 ; no       ; Off          ;
; B12      ; 207        ; 2        ; GND*                                      ;        ;              ;         ; Column I/O ;                 ; no       ; Off          ;
; B13      ; 205        ; 2        ; GND*                                      ;        ;              ;         ; Column I/O ;                 ; no       ; Off          ;
; B14      ; 203        ; 2        ; GND*                                      ;        ;              ;         ; Column I/O ;                 ; no       ; Off          ;
; B15      ; 201        ; 2        ; GND*                                      ;        ;              ;         ; Column I/O ;                 ; no       ; Off          ;
; B16      ; 197        ; 3        ; GND*                                      ;        ;              ;         ; Row I/O    ;                 ; no       ; Off          ;
; C1       ;            ; 1        ; VCCIO1                                    ; power  ;              ; 3.3V    ; --         ;                 ; --       ; --           ;
; C2       ; 2          ; 1        ; GND*                                      ;        ;              ;         ; Row I/O    ;                 ; no       ; Off          ;
; C3       ; 1          ; 1        ; GND*                                      ;        ;              ;         ; Row I/O    ;                 ; no       ; Off          ;
; C4       ; 258        ; 2        ; GND*                                      ;        ;              ;         ; Column I/O ;                 ; no       ; Off          ;
; C5       ; 254        ; 2        ; GND*                                      ;        ;              ;         ; Column I/O ;                 ; no       ; Off          ;
; C6       ; 249        ; 2        ; GND*                                      ;        ;              ;         ; Column I/O ;                 ; no       ; Off          ;
; C7       ; 243        ; 2        ; GND*                                      ;        ;              ;         ; Column I/O ;                 ; no       ; Off          ;
; C8       ; 234        ; 2        ; GND*                                      ;        ;              ;         ; Column I/O ;                 ; no       ; Off          ;
; C9       ; 228        ; 2        ; VgaHsync                                  ; output ; LVTTL        ;         ; Column I/O ; Y               ; no       ; Off          ;
; C10      ; 222        ; 2        ; VgaGr0                                    ; output ; LVTTL        ;         ; Column I/O ; Y               ; no       ; Off          ;
; C11      ; 218        ; 2        ; VgaVsync                                  ; output ; LVTTL        ;         ; Column I/O ; Y               ; no       ; Off          ;
; C12      ; 208        ; 2        ; GND*                                      ;        ;              ;         ; Column I/O ;                 ; no       ; Off          ;
; C13      ; 204        ; 2        ; GND*                                      ;        ;              ;         ; Column I/O ;                 ; no       ; Off          ;
; C14      ; 199        ; 3        ; GND*                                      ;        ;              ;         ; Row I/O    ;                 ; no       ; Off          ;
; C15      ; 198        ; 3        ; GND*                                      ;        ;              ;         ; Row I/O    ;                 ; no       ; Off          ;
; C16      ;            ; 3        ; VCCIO3                                    ; power  ;              ; 3.3V    ; --         ;                 ; --       ; --           ;
; D1       ; 12         ; 1        ; GND*                                      ;        ;              ;         ; Row I/O    ;                 ; no       ; Off          ;
; D2       ; 10         ; 1        ; GND*                                      ;        ;              ;         ; Row I/O    ;                 ; no       ; Off          ;
; D3       ; 6          ; 1        ; GND*                                      ;        ;              ;         ; Row I/O    ;                 ; no       ; Off          ;
; D4       ; 0          ; 1        ; GND*                                      ;        ;              ;         ; Row I/O    ;                 ; no       ; Off          ;
; D5       ; 251        ; 2        ; GND*                                      ;        ;              ;         ; Column I/O ;                 ; no       ; Off          ;
; D6       ; 250        ; 2        ; GND*                                      ;        ;              ;         ; Column I/O ;                 ; no       ; Off          ;
; D7       ; 242        ; 2        ; GND*                                      ;        ;              ;         ; Column I/O ;                 ; no       ; Off          ;
; D8       ; 235        ; 2        ; GND*                                      ;        ;              ;         ; Column I/O ;                 ; no       ; Off          ;
; D9       ; 227        ; 2        ; VgaRd0                                    ; output ; LVTTL        ;         ; Column I/O ; Y               ; no       ; Off          ;
; D10      ; 223        ; 2        ; VgaRd1                                    ; output ; LVTTL        ;         ; Column I/O ; Y               ; no       ; Off          ;
; D11      ; 213        ; 2        ; VgaBl1                                    ; output ; LVTTL        ;         ; Column I/O ; Y               ; no       ; Off          ;
; D12      ; 212        ; 2        ; GND*                                      ;        ;              ;         ; Column I/O ;                 ; no       ; Off          ;
; D13      ; 200        ; 3        ; GND*                                      ;        ;              ;         ; Row I/O    ;                 ; no       ; Off          ;
; D14      ; 194        ; 3        ; GND*                                      ;        ;              ;         ; Row I/O    ;                 ; no       ; Off          ;
; D15      ; 190        ; 3        ; GND*                                      ;        ;              ;         ; Row I/O    ;                 ; no       ; Off          ;
; D16      ; 189        ; 3        ; GND*                                      ;        ;              ;         ; Row I/O    ;                 ; no       ; Off          ;
; E1       ; 16         ; 1        ; GND*                                      ;        ;              ;         ; Row I/O    ;                 ; no       ; Off          ;
; E2       ; 11         ; 1        ; GND*                                      ;        ;              ;         ; Row I/O    ;                 ; no       ; Off          ;
; E3       ; 9          ; 1        ; GND*                                      ;        ;              ;         ; Row I/O    ;                 ; no       ; Off          ;
; E4       ; 7          ; 1        ; GND*                                      ;        ;              ;         ; Row I/O    ;                 ; no       ; Off          ;
; E5       ; 253        ; 2        ; GND*                                      ;        ;              ;         ; Column I/O ;                 ; no       ; Off          ;
; E6       ; 252        ; 2        ; GND*                                      ;        ;              ;         ; Column I/O ;                 ; no       ; Off          ;
; E7       ; 247        ; 2        ; GND*                                      ;        ;              ;         ; Column I/O ;                 ; no       ; Off          ;
; E8       ; 239        ; 2        ; GND*                                      ;        ;              ;         ; Column I/O ;                 ; no       ; Off          ;
; E9       ; 211        ; 2        ; GND*                                      ;        ;              ;         ; Column I/O ;                 ; no       ; Off          ;
; E10      ; 231        ; 2        ; GND*                                      ;        ;              ;         ; Column I/O ;                 ; no       ; Off          ;
; E11      ; 210        ; 2        ; VgaBl0                                    ; output ; LVTTL        ;         ; Column I/O ; Y               ; no       ; Off          ;
; E12      ; 209        ; 2        ; GND*                                      ;        ;              ;         ; Column I/O ;                 ; no       ; Off          ;
; E13      ; 193        ; 3        ; GND*                                      ;        ;              ;         ; Row I/O    ;                 ; no       ; Off          ;
; E14      ; 191        ; 3        ; GND*                                      ;        ;              ;         ; Row I/O    ;                 ; no       ; Off          ;
; E15      ; 188        ; 3        ; GND*                                      ;        ;              ;         ; Row I/O    ;                 ; no       ; Off          ;
; E16      ; 187        ; 3        ; GND*                                      ;        ;              ;         ; Row I/O    ;                 ; no       ; Off          ;
; F1       ; 18         ; 1        ; GND*                                      ;        ;              ;         ; Row I/O    ;                 ; no       ; Off          ;
; F2       ; 15         ; 1        ; GND*                                      ;        ;              ;         ; Row I/O    ;                 ; no       ; Off          ;
; F3       ; 13         ; 1        ; GND*                                      ;        ;              ;         ; Row I/O    ;                 ; no       ; Off          ;
; F4       ; 5          ; 1        ; GND*                                      ;        ;              ;         ; Row I/O    ;                 ; no       ; Off          ;
; F5       ; 8          ; 1        ; GND*                                      ;        ;              ;         ; Row I/O    ;                 ; no       ; Off          ;
; F6       ;            ;          ; GND                                       ; gnd    ;              ;         ; --         ;                 ; --       ; --           ;
; F7       ;            ; 2        ; VCCIO2                                    ; power  ;              ; 3.3V    ; --         ;                 ; --       ; --           ;
; F8       ;            ;          ; GND                                       ; gnd    ;              ;         ; --         ;                 ; --       ; --           ;
; F9       ;            ;          ; GND                                       ; gnd    ;              ;         ; --         ;                 ; --       ; --           ;
; F10      ;            ; 2        ; VCCIO2                                    ; power  ;              ; 3.3V    ; --         ;                 ; --       ; --           ;
; F11      ;            ;          ; GND                                       ; gnd    ;              ;         ; --         ;                 ; --       ; --           ;
; F12      ; 192        ; 3        ; GND*                                      ;        ;              ;         ; Row I/O    ;                 ; no       ; Off          ;
; F13      ; 185        ; 3        ; GND*                                      ;        ;              ;         ; Row I/O    ;                 ; no       ; Off          ;
; F14      ; 184        ; 3        ; GND*                                      ;        ;              ;         ; Row I/O    ;                 ; no       ; Off          ;
; F15      ; 186        ; 3        ; GND*                                      ;        ;              ;         ; Row I/O    ;                 ; no       ; Off          ;
; F16      ; 183        ; 3        ; GND*                                      ;        ;              ;         ; Row I/O    ;                 ; no       ; Off          ;
; G1       ; 32         ; 1        ; GND+                                      ;        ;              ;         ; Row I/O    ;                 ; --       ; --           ;
; G2       ; 17         ; 1        ; GND*                                      ;        ;              ;         ; Row I/O    ;                 ; no       ; Off          ;
; G3       ; 14         ; 1        ; GND*                                      ;        ;              ;         ; Row I/O    ;                 ; no       ; Off          ;
; G4       ; 29         ; 1        ; +~nCSO~ / RESERVED_INPUT_WITH_WEAK_PULLUP ; input  ; LVTTL        ;         ; Row I/O    ; N               ; no       ; Off          ;
; G5       ; 4          ; 1        ; GND*                                      ;        ;              ;         ; Row I/O    ;                 ; no       ; Off          ;
; G6       ;            ; 1        ; VCCIO1                                    ; power  ;              ; 3.3V    ; --         ;                 ; --       ; --           ;
; G7       ;            ;          ; GND                                       ; gnd    ;              ;         ; --         ;                 ; --       ; --           ;
; G8       ;            ;          ; VCCINT                                    ; power  ;              ; 1.5V    ; --         ;                 ; --       ; --           ;
; G9       ;            ;          ; GND                                       ; gnd    ;              ;         ; --         ;                 ; --       ; --           ;
; G10      ;            ;          ; VCCINT                                    ; power  ;              ; 1.5V    ; --         ;                 ; --       ; --           ;
; G11      ;            ;          ; GND                                       ; gnd    ;              ;         ; --         ;                 ; --       ; --           ;
; G12      ; 196        ; 3        ; GND*                                      ;        ;              ;         ; Row I/O    ;                 ; no       ; Off          ;
; G13      ; 181        ; 3        ; GND*                                      ;        ;              ;         ; Row I/O    ;                 ; no       ; Off          ;
; G14      ; 180        ; 3        ; GND*                                      ;        ;              ;         ; Row I/O    ;                 ; no       ; Off          ;
; G15      ; 182        ; 3        ; GND*                                      ;        ;              ;         ; Row I/O    ;                 ; no       ; Off          ;
; G16      ; 168        ; 3        ; clk                                       ; input  ; LVTTL        ;         ; Row I/O    ; Y               ; no       ; Off          ;
; H1       ; 33         ; 1        ; GND+                                      ;        ;              ;         ; Row I/O    ;                 ; --       ; --           ;
; H2       ; 30         ; 1        ; ^DATA0                                    ; input  ;              ;         ; --         ;                 ; --       ; --           ;
; H3       ; 31         ; 1        ; ^nCONFIG                                  ;        ;              ;         ; --         ;                 ; --       ; --           ;
; H4       ; 34         ; 1        ; ^nCEO                                     ;        ;              ;         ; --         ;                 ; --       ; --           ;
; H5       ; 28         ; 1        ; GND*                                      ;        ;              ;         ; Row I/O    ;                 ; no       ; Off          ;
; H6       ;            ;          ; VCCA_PLL1                                 ; power  ;              ; 1.5V    ; --         ;                 ; --       ; --           ;
; H7       ;            ;          ; VCCINT                                    ; power  ;              ; 1.5V    ; --         ;                 ; --       ; --           ;
; H8       ;            ;          ; GND                                       ; gnd    ;              ;         ; --         ;                 ; --       ; --           ;
; H9       ;            ;          ; VCCINT                                    ; power  ;              ; 1.5V    ; --         ;                 ; --       ; --           ;
; H10      ;            ;          ; GND                                       ; gnd    ;              ;         ; --         ;                 ; --       ; --           ;
; H11      ;            ;          ; VCCA_PLL2                                 ; power  ;              ; 1.5V    ; --         ;                 ; --       ; --           ;
; H12      ; 170        ; 3        ; GND*                                      ;        ;              ;         ; Row I/O    ;                 ; no       ; Off          ;
; H13      ; 195        ; 3        ; GND*                                      ;        ;              ;         ; Row I/O    ;                 ; no       ; Off          ;
; H14      ; 169        ; 3        ; #TDI                                      ; input  ;              ;         ; --         ;                 ; --       ; --           ;
; H15      ; 166        ; 3        ; #TDO                                      ; output ;              ;         ; --         ;                 ; --       ; --           ;
; H16      ; 167        ; 3        ; GND+                                      ;        ;              ;         ; Row I/O    ;                 ; --       ; --           ;
; J1       ; 40         ; 1        ; GND*                                      ;        ;              ;         ; Row I/O    ;                 ; no       ; Off          ;
; J2       ; 37         ; 1        ; ^MSEL1                                    ;        ;              ;         ; --         ;                 ; --       ; --           ;
; J3       ; 36         ; 1        ; ^MSEL0                                    ;        ;              ;         ; --         ;                 ; --       ; --           ;
; J4       ; 35         ; 1        ; ^nCE                                      ;        ;              ;         ; --         ;                 ; --       ; --           ;
; J5       ;            ;          ; GNDG_PLL1                                 ; gnd    ;              ;         ; --         ;                 ; --       ; --           ;
; J6       ;            ;          ; GNDA_PLL1                                 ; gnd    ;              ;         ; --         ;                 ; --       ; --           ;
; J7       ;            ;          ; GND                                       ; gnd    ;              ;         ; --         ;                 ; --       ; --           ;
; J8       ;            ;          ; VCCINT                                    ; power  ;              ; 1.5V    ; --         ;                 ; --       ; --           ;
; J9       ;            ;          ; GND                                       ; gnd    ;              ;         ; --         ;                 ; --       ; --           ;
; J10      ;            ;          ; VCCINT                                    ; power  ;              ; 1.5V    ; --         ;                 ; --       ; --           ;
; J11      ;            ;          ; GNDA_PLL2                                 ; gnd    ;              ;         ; --         ;                 ; --       ; --           ;
; J12      ;            ;          ; GNDG_PLL2                                 ; gnd    ;              ;         ; --         ;                 ; --       ; --           ;
; J13      ; 163        ; 3        ; ^nSTATUS                                  ;        ;              ;         ; --         ;                 ; --       ; --           ;
; J14      ; 164        ; 3        ; #TCK                                      ; input  ;              ;         ; --         ;                 ; --       ; --           ;
; J15      ; 165        ; 3        ; #TMS                                      ; input  ;              ;         ; --         ;                 ; --       ; --           ;
; J16      ; 161        ; 3        ; GND*                                      ;        ;              ;         ; Row I/O    ;                 ; no       ; Off          ;
; K1       ; 53         ; 1        ; GND*                                      ;        ;              ;         ; Row I/O    ;                 ; no       ; Off          ;
; K2       ; 41         ; 1        ; GND*                                      ;        ;              ;         ; Row I/O    ;                 ; no       ; Off          ;
; K3       ; 39         ; 1        ; +~ASDO~ / RESERVED_INPUT_WITH_WEAK_PULLUP ; input  ; LVTTL        ;         ; Row I/O    ; N               ; no       ; Off          ;
; K4       ; 38         ; 1        ; ^DCLK                                     ; bidir  ;              ;         ; --         ;                 ; --       ; --           ;
; K5       ; 64         ; 1        ; GND*                                      ;        ;              ;         ; Row I/O    ;                 ; no       ; Off          ;
; K6       ;            ;          ; GND                                       ; gnd    ;              ;         ; --         ;                 ; --       ; --           ;
; K7       ;            ;          ; VCCINT                                    ; power  ;              ; 1.5V    ; --         ;                 ; --       ; --           ;
; K8       ;            ;          ; GND                                       ; gnd    ;              ;         ; --         ;                 ; --       ; --           ;
; K9       ;            ;          ; VCCINT                                    ; power  ;              ; 1.5V    ; --         ;                 ; --       ; --           ;
; K10      ;            ;          ; GND                                       ; gnd    ;              ;         ; --         ;                 ; --       ; --           ;
; K11      ;            ; 3        ; VCCIO3                                    ; power  ;              ; 3.3V    ; --         ;                 ; --       ; --           ;
; K12      ; 137        ; 3        ; GND*                                      ;        ;              ;         ; Row I/O    ;                 ; no       ; Off          ;
; K13      ; 162        ; 3        ; ^CONF_DONE                                ;        ;              ;         ; --         ;                 ; --       ; --           ;
; K14      ; 138        ; 3        ; GND*                                      ;        ;              ;         ; Row I/O    ;                 ; no       ; Off          ;
; K15      ; 160        ; 3        ; GND*                                      ;        ;              ;         ; Row I/O    ;                 ; no       ; Off          ;
; K16      ; 149        ; 3        ; GND*                                      ;        ;              ;         ; Row I/O    ;                 ; no       ; Off          ;
; L1       ; 54         ; 1        ; GND*                                      ;        ;              ;         ; Row I/O    ;                 ; no       ; Off          ;
; L2       ; 55         ; 1        ; GND*                                      ;        ;              ;         ; Row I/O    ;                 ; no       ; Off          ;
; L3       ; 52         ; 1        ; GND*                                      ;        ;              ;         ; Row I/O    ;                 ; no       ; Off          ;
; L4       ; 65         ; 1        ; GND*                                      ;        ;              ;         ; Row I/O    ;                 ; no       ; Off          ;
; L5       ; 61         ; 1        ; GND*                                      ;        ;              ;         ; Row I/O    ;                 ; no       ; Off          ;
; L6       ;            ;          ; GND                                       ; gnd    ;              ;         ; --         ;                 ; --       ; --           ;
; L7       ;            ; 4        ; VCCIO4                                    ; power  ;              ; 3.3V    ; --         ;                 ; --       ; --           ;
; L8       ;            ;          ; GND                                       ; gnd    ;              ;         ; --         ;                 ; --       ; --           ;
; L9       ;            ;          ; GND                                       ; gnd    ;              ;         ; --         ;                 ; --       ; --           ;
; L10      ;            ; 4        ; VCCIO4                                    ; power  ;              ; 3.3V    ; --         ;                 ; --       ; --           ;
; L11      ;            ;          ; GND                                       ; gnd    ;              ;         ; --         ;                 ; --       ; --           ;
; L12      ; 139        ; 3        ; GND*                                      ;        ;              ;         ; Row I/O    ;                 ; no       ; Off          ;
; L13      ; 143        ; 3        ; GND*                                      ;        ;              ;         ; Row I/O    ;                 ; no       ; Off          ;
; L14      ; 146        ; 3        ; GND*                                      ;        ;              ;         ; Row I/O    ;                 ; no       ; Off          ;
; L15      ; 147        ; 3        ; GND*                                      ;        ;              ;         ; Row I/O    ;                 ; no       ; Off          ;
; L16      ; 148        ; 3        ; GND*                                      ;        ;              ;         ; Row I/O    ;                 ; no       ; Off          ;
; M1       ; 56         ; 1        ; GND*                                      ;        ;              ;         ; Row I/O    ;                 ; no       ; Off          ;
; M2       ; 58         ; 1        ; GND*                                      ;        ;              ;         ; Row I/O    ;                 ; no       ; Off          ;
; M3       ; 60         ; 1        ; GND*                                      ;        ;              ;         ; Row I/O    ;                 ; no       ; Off          ;
; M4       ; 62         ; 1        ; GND*                                      ;        ;              ;         ; Row I/O    ;                 ; no       ; Off          ;
; M5       ; 78         ; 4        ; GND*                                      ;        ;              ;         ; Column I/O ;                 ; no       ; Off          ;
; M6       ; 79         ; 4        ; GND*                                      ;        ;              ;         ; Column I/O ;                 ; no       ; Off          ;
; M7       ; 84         ; 4        ; GND*                                      ;        ;              ;         ; Column I/O ;                 ; no       ; Off          ;
; M8       ; 92         ; 4        ; GND*                                      ;        ;              ;         ; Column I/O ;                 ; no       ; Off          ;
; M9       ; 120        ; 4        ; GND*                                      ;        ;              ;         ; Column I/O ;                 ; no       ; Off          ;
; M10      ; 100        ; 4        ; GND*                                      ;        ;              ;         ; Column I/O ;                 ; no       ; Off          ;
; M11      ; 121        ; 4        ; GND*                                      ;        ;              ;         ; Column I/O ;                 ; no       ; Off          ;
; M12      ; 122        ; 4        ; GND*                                      ;        ;              ;         ; Column I/O ;                 ; no       ; Off          ;
; M13      ; 141        ; 3        ; GND*                                      ;        ;              ;         ; Row I/O    ;                 ; no       ; Off          ;
; M14      ; 142        ; 3        ; GND*                                      ;        ;              ;         ; Row I/O    ;                 ; no       ; Off          ;
; M15      ; 144        ; 3        ; GND*                                      ;        ;              ;         ; Row I/O    ;                 ; no       ; Off          ;
; M16      ; 145        ; 3        ; GND*                                      ;        ;              ;         ; Row I/O    ;                 ; no       ; Off          ;
; N1       ; 57         ; 1        ; GND*                                      ;        ;              ;         ; Row I/O    ;                 ; no       ; Off          ;
; N2       ; 59         ; 1        ; GND*                                      ;        ;              ;         ; Row I/O    ;                 ; no       ; Off          ;
; N3       ; 63         ; 1        ; GND*                                      ;        ;              ;         ; Row I/O    ;                 ; no       ; Off          ;
; N4       ; 69         ; 1        ; GND*                                      ;        ;              ;         ; Row I/O    ;                 ; no       ; Off          ;
; N5       ; 80         ; 4        ; GND*                                      ;        ;              ;         ; Column I/O ;                 ; no       ; Off          ;
; N6       ; 81         ; 4        ; GND*                                      ;        ;              ;         ; Column I/O ;                 ; no       ; Off          ;
; N7       ; 89         ; 4        ; GND*                                      ;        ;              ;         ; Column I/O ;                 ; no       ; Off          ;
; N8       ; 96         ; 4        ; GND*                                      ;        ;              ;         ; Column I/O ;                 ; no       ; Off          ;
; N9       ; 107        ; 4        ; GND*                                      ;        ;              ;         ; Column I/O ;                 ; no       ; Off          ;
; N10      ; 110        ; 4        ; GND*                                      ;        ;              ;         ; Column I/O ;                 ; no       ; Off          ;
; N11      ; 118        ; 4        ; GND*                                      ;        ;              ;         ; Column I/O ;                 ; no       ; Off          ;
; N12      ; 119        ; 4        ; GND*                                      ;        ;              ;         ; Column I/O ;                 ; no       ; Off          ;
; N13      ; 131        ; 3        ; GND*                                      ;        ;              ;         ; Row I/O    ;                 ; no       ; Off          ;
; N14      ; 140        ; 3        ; GND*                                      ;        ;              ;         ; Row I/O    ;                 ; no       ; Off          ;
; N15      ; 135        ; 3        ; GND*                                      ;        ;              ;         ; Row I/O    ;                 ; no       ; Off          ;
; N16      ; 136        ; 3        ; GND*                                      ;        ;              ;         ; Row I/O    ;                 ; no       ; Off          ;
; P1       ;            ; 1        ; VCCIO1                                    ; power  ;              ; 3.3V    ; --         ;                 ; --       ; --           ;
; P2       ; 67         ; 1        ; GND*                                      ;        ;              ;         ; Row I/O    ;                 ; no       ; Off          ;
; P3       ; 68         ; 1        ; GND*                                      ;        ;              ;         ; Row I/O    ;                 ; no       ; Off          ;
; P4       ; 73         ; 4        ; GND*                                      ;        ;              ;         ; Column I/O ;                 ; no       ; Off          ;
; P5       ; 77         ; 4        ; GND*                                      ;        ;              ;         ; Column I/O ;                 ; no       ; Off          ;
; P6       ; 82         ; 4        ; GND*                                      ;        ;              ;         ; Column I/O ;                 ; no       ; Off          ;
; P7       ; 88         ; 4        ; GND*                                      ;        ;              ;         ; Column I/O ;                 ; no       ; Off          ;
; P8       ; 97         ; 4        ; GND*                                      ;        ;              ;         ; Column I/O ;                 ; no       ; Off          ;
; P9       ; 106        ; 4        ; GND*                                      ;        ;              ;         ; Column I/O ;                 ; no       ; Off          ;
; P10      ; 111        ; 4        ; GND*                                      ;        ;              ;         ; Column I/O ;                 ; no       ; Off          ;
; P11      ; 113        ; 4        ; GND*                                      ;        ;              ;         ; Column I/O ;                 ; no       ; Off          ;
; P12      ; 123        ; 4        ; GND*                                      ;        ;              ;         ; Column I/O ;                 ; no       ; Off          ;
; P13      ; 128        ; 4        ; GND*                                      ;        ;              ;         ; Column I/O ;                 ; no       ; Off          ;
; P14      ; 132        ; 3        ; GND*                                      ;        ;              ;         ; Row I/O    ;                 ; no       ; Off          ;
; P15      ; 133        ; 3        ; GND*                                      ;        ;              ;         ; Row I/O    ;                 ; no       ; Off          ;
; P16      ;            ; 3        ; VCCIO3                                    ; power  ;              ; 3.3V    ; --         ;                 ; --       ; --           ;
; R1       ; 66         ; 1        ; GND*                                      ;        ;              ;         ; Row I/O    ;                 ; no       ; Off          ;
; R2       ; 70         ; 4        ; GND*                                      ;        ;              ;         ; Column I/O ;                 ; no       ; Off          ;
; R3       ; 72         ; 4        ; GND*                                      ;        ;              ;         ; Column I/O ;                 ; no       ; Off          ;
; R4       ; 74         ; 4        ; GND*                                      ;        ;              ;         ; Column I/O ;                 ; no       ; Off          ;
; R5       ; 76         ; 4        ; GND*                                      ;        ;              ;         ; Column I/O ;                 ; no       ; Off          ;
; R6       ; 83         ; 4        ; GND*                                      ;        ;              ;         ; Column I/O ;                 ; no       ; Off          ;
; R7       ; 87         ; 4        ; GND*                                      ;        ;              ;         ; Column I/O ;                 ; no       ; Off          ;
; R8       ; 90         ; 4        ; GND*                                      ;        ;              ;         ; Column I/O ;                 ; no       ; Off          ;
; R9       ; 103        ; 4        ; GND*                                      ;        ;              ;         ; Column I/O ;                 ; no       ; Off          ;
; R10      ; 108        ; 4        ; GND*                                      ;        ;              ;         ; Column I/O ;                 ; no       ; Off          ;
; R11      ; 112        ; 4        ; GND*                                      ;        ;              ;         ; Column I/O ;                 ; no       ; Off          ;
; R12      ; 124        ; 4        ; GND*                                      ;        ;              ;         ; Column I/O ;                 ; no       ; Off          ;
; R13      ; 126        ; 4        ; GND*                                      ;        ;              ;         ; Column I/O ;                 ; no       ; Off          ;
; R14      ; 127        ; 4        ; GND*                                      ;        ;              ;         ; Column I/O ;                 ; no       ; Off          ;
; R15      ; 130        ; 4        ; GND*                                      ;        ;              ;         ; Column I/O ;                 ; no       ; Off          ;
; R16      ; 134        ; 3        ; GND*                                      ;        ;              ;         ; Row I/O    ;                 ; no       ; Off          ;
; T1       ;            ;          ; GND                                       ; gnd    ;              ;         ; --         ;                 ; --       ; --           ;
; T2       ; 71         ; 4        ; GND*                                      ;        ;              ;         ; Column I/O ;                 ; no       ; Off          ;
; T3       ;            ; 4        ; VCCIO4                                    ; power  ;              ; 3.3V    ; --         ;                 ; --       ; --           ;
; T4       ; 75         ; 4        ; GND*                                      ;        ;              ;         ; Column I/O ;                 ; no       ; Off          ;
; T5       ;            ;          ; GND                                       ; gnd    ;              ;         ; --         ;                 ; --       ; --           ;
; T6       ; 86         ; 4        ; GND*                                      ;        ;              ;         ; Column I/O ;                 ; no       ; Off          ;
; T7       ;            ;          ; VCCINT                                    ; power  ;              ; 1.5V    ; --         ;                 ; --       ; --           ;
; T8       ; 91         ; 4        ; GND*                                      ;        ;              ;         ; Column I/O ;                 ; no       ; Off          ;
; T9       ; 104        ; 4        ; GND*                                      ;        ;              ;         ; Column I/O ;                 ; no       ; Off          ;
; T10      ;            ;          ; VCCINT                                    ; power  ;              ; 1.5V    ; --         ;                 ; --       ; --           ;
; T11      ; 109        ; 4        ; GND*                                      ;        ;              ;         ; Column I/O ;                 ; no       ; Off          ;
; T12      ;            ;          ; GND                                       ; gnd    ;              ;         ; --         ;                 ; --       ; --           ;
; T13      ; 125        ; 4        ; GND*                                      ;        ;              ;         ; Column I/O ;                 ; no       ; Off          ;
; T14      ;            ; 4        ; VCCIO4                                    ; power  ;              ; 3.3V    ; --         ;                 ; --       ; --           ;
; T15      ; 129        ; 4        ; clr                                       ; input  ; LVTTL        ;         ; Column I/O ; Y               ; no       ; Off          ;
; T16      ;            ;          ; GND                                       ; gnd    ;              ;         ; --         ;                 ; --       ; --           ;
+----------+------------+----------+-------------------------------------------+--------+--------------+---------+------------+-----------------+----------+--------------+


+------------------------------------------------------------------+
; Output Pin Default Load For Reported TCO                         ;
+---------------------+-------+------------------------------------+
; I/O Standard        ; Load  ; Termination Resistance             ;
+---------------------+-------+------------------------------------+
; LVTTL               ; 10 pF ; Not Available                      ;
; LVCMOS              ; 10 pF ; Not Available                      ;
; 2.5 V               ; 10 pF ; Not Available                      ;
; 1.8 V               ; 10 pF ; Not Available                      ;
; 1.5 V               ; 10 pF ; Not Available                      ;
; SSTL-3 Class I      ; 30 pF ; 50 Ohm (Parallel), 25 Ohm (Serial) ;
; SSTL-3 Class II     ; 30 pF ; 25 Ohm (Parallel), 25 Ohm (Serial) ;
; SSTL-2 Class I      ; 30 pF ; 50 Ohm (Parallel), 25 Ohm (Serial) ;
; SSTL-2 Class II     ; 30 pF ; 25 Ohm (Parallel), 25 Ohm (Serial) ;
; Differential SSTL-2 ; 10 pF ; (See SSTL-2)                       ;
; 3.3-V PCI           ; 10 pF ; 25 Ohm (Parallel)                  ;
; LVDS                ; 4 pF  ; 100 Ohm (Differential)             ;
; RSDS                ; 10 pF ; 100 Ohm (Differential)             ;
+---------------------+-------+------------------------------------+
Note: User assignments will override these defaults. The user specified values are listed in the Output Pins and Bidir Pins tables.


+---------------------------------------------------------------------------------------------------------------------------------------------------------------------------------------------------------------+
; Fitter Resource Utilization by Entity                                                                                                                                                                         ;
+----------------------------+-------------+--------------+-------------+------+------+--------------+--------------+-------------------+------------------+-----------------+------------+---------------------+
; Compilation Hierarchy Node ; Logic Cells ; LC Registers ; Memory Bits ; M4Ks ; Pins ; Virtual Pins ; LUT-Only LCs ; Register-Only LCs ; LUT/Register LCs ; Carry Chain LCs ; Packed LCs ; Full Hierarchy Name ;
+----------------------------+-------------+--------------+-------------+------+------+--------------+--------------+-------------------+------------------+-----------------+------------+---------------------+
; |ex19                      ; 51 (51)     ; 24           ; 0           ; 0    ; 10   ; 0            ; 27 (27)      ; 3 (3)             ; 21 (21)          ; 20 (20)         ; 10 (10)    ; |ex19               ;
+----------------------------+-------------+--------------+-------------+------+------+--------------+--------------+-------------------+------------------+-----------------+------------+---------------------+
Note: For table entries with two numbers listed, the numbers in parentheses indicate the number of resources of the given type used by the specific entity alone. The numbers listed outside of parentheses indicate the total resources of the given type used by the specific entity and all of its sub-entities in the hierarchy.


+-----------------------------------------------------------------------------------+
; Delay Chain Summary                                                               ;
+----------+----------+---------------+---------------+-----------------------+-----+
; Name     ; Pin Type ; Pad to Core 0 ; Pad to Core 1 ; Pad to Input Register ; TCO ;
+----------+----------+---------------+---------------+-----------------------+-----+
; clr      ; Input    ; OFF           ; ON            ; --                    ; --  ;
; clk      ; Input    ; OFF           ; OFF           ; --                    ; --  ;
; VgaRd0   ; Output   ; --            ; --            ; --                    ; --  ;
; VgaRd1   ; Output   ; --            ; --            ; --                    ; --  ;
; VgaGr0   ; Output   ; --            ; --            ; --                    ; --  ;
; VgaGr1   ; Output   ; --            ; --            ; --                    ; --  ;
; VgaBl0   ; Output   ; --            ; --            ; --                    ; --  ;
; VgaBl1   ; Output   ; --            ; --            ; --                    ; --  ;
; VgaHsync ; Output   ; --            ; --            ; --                    ; --  ;
; VgaVsync ; Output   ; --            ; --            ; --                    ; --  ;
+----------+----------+---------------+---------------+-----------------------+-----+


+---------------------------------------------------+
; Pad To Core Delay Chain Fanout                    ;
+---------------------+-------------------+---------+
; Source Pin / Fanout ; Pad To Core Index ; Setting ;
+---------------------+-------------------+---------+
; clr                 ;                   ;         ;
;      - q[9]         ; 0                 ; OFF     ;
;      - q[8]         ; 0                 ; OFF     ;
;      - q[5]         ; 0                 ; OFF     ;
;      - qen          ; 0                 ; OFF     ;
;      - Line[0]      ; 0                 ; OFF     ;
;      - Line[2]      ; 0                 ; OFF     ;
;      - Line[3]      ; 0                 ; OFF     ;
;      - Line[6]      ; 0                 ; OFF     ;
;      - Line[7]      ; 0                 ; OFF     ;
;      - Line[9]      ; 0                 ; OFF     ;
;      - HSYNC        ; 0                 ; OFF     ;
;      - VSYNC        ; 0                 ; OFF     ;
;      - Green[1]     ; 1                 ; ON      ;
;      - q[3]         ; 1                 ; ON      ;
;      - q[0]         ; 0                 ; OFF     ;
;      - q[6]         ; 0                 ; OFF     ;
;      - Line[8]      ; 0                 ; OFF     ;
;      - q[7]         ; 0                 ; OFF     ;
;      - Line[5]      ; 0                 ; OFF     ;
;      - Line[1]      ; 0                 ; OFF     ;
;      - Line[4]      ; 0                 ; OFF     ;
;      - q[4]         ; 0                 ; OFF     ;
;      - q[2]         ; 0                 ; OFF     ;
;      - q[3]         ; 0                 ; OFF     ;
;      - q[1]         ; 0                 ; OFF     ;
; clk                 ;                   ;         ;
+---------------------+-------------------+---------+


+-----------------------------------------------------------------------------------------------------+
; Control Signals                                                                                     ;
+---------+---------------+---------+--------------+--------+----------------------+------------------+
; Name    ; Location      ; Fan-Out ; Usage        ; Global ; Global Resource Used ; Global Line Name ;
+---------+---------------+---------+--------------+--------+----------------------+------------------+
; VSYNC~2 ; LC_X46_Y18_N0 ; 11      ; Clock enable ; no     ; --                   ; --               ;
; clk     ; PIN_G16       ; 24      ; Clock        ; yes    ; Global clock         ; GCLK6            ;
; clr     ; PIN_T15       ; 24      ; Async. clear ; yes    ; Global clock         ; GCLK7            ;
; qen     ; LC_X46_Y19_N9 ; 14      ; Clock enable ; no     ; --                   ; --               ;
+---------+---------------+---------+--------------+--------+----------------------+------------------+


+---------------------------------------------------------------------+
; Global & Other Fast Signals                                         ;
+------+----------+---------+----------------------+------------------+
; Name ; Location ; Fan-Out ; Global Resource Used ; Global Line Name ;
+------+----------+---------+----------------------+------------------+
; clk  ; PIN_G16  ; 24      ; Global clock         ; GCLK6            ;
; clr  ; PIN_T15  ; 24      ; Global clock         ; GCLK7            ;
+------+----------+---------+----------------------+------------------+


+---------------------------------+
; Non-Global High Fan-Out Signals ;
+-------------------+-------------+
; Name              ; Fan-Out     ;
+-------------------+-------------+
; qen               ; 15          ;
; VSYNC~2           ; 11          ;
; Line[2]           ; 7           ;
; Line[1]           ; 6           ;
; Add1~162          ; 5           ;
; Equal1~59         ; 5           ;
; Add0~152          ; 5           ;
; Equal0~74         ; 5           ;
; Equal0~73         ; 5           ;
; Line[9]           ; 4           ;
; q[8]              ; 4           ;
; q[9]              ; 4           ;
; q[0]              ; 3           ;
; Line[0]           ; 3           ;
; Line[3]           ; 3           ;
; q[6]              ; 3           ;
; q[5]              ; 3           ;
; q[2]              ; 2           ;
; q[4]              ; 2           ;
; q[1]              ; 2           ;
; q[3]              ; 2           ;
; VSYNC             ; 2           ;
; HSYNC             ; 2           ;
; VgaGr0~0          ; 2           ;
; VidEn~58          ; 2           ;
; Line[4]           ; 2           ;
; Line[5]           ; 2           ;
; Equal1~58         ; 2           ;
; LessThan2~121     ; 2           ;
; Line[6]           ; 2           ;
; Line[7]           ; 2           ;
; VidEn~56          ; 2           ;
; q[7]              ; 2           ;
; Green[1]          ; 2           ;
; Add0~166COUT1_168 ; 1           ;
; Add0~166          ; 1           ;
; Add0~165          ; 1           ;
; Add0~164COUT1_169 ; 1           ;
; Add0~164          ; 1           ;
; Add0~163          ; 1           ;
; Add0~162COUT1_170 ; 1           ;
; Add0~162          ; 1           ;
; Add0~161          ; 1           ;
; Add0~160COUT1_171 ; 1           ;
; Add0~160          ; 1           ;
; Add0~159          ; 1           ;
; HSYNC~70          ; 1           ;
; Add1~165          ; 1           ;
; Add1~164COUT1_168 ; 1           ;
; Add1~164          ; 1           ;
+-------------------+-------------+


+----------------------------------------------------+
; Interconnect Usage Summary                         ;
+----------------------------+-----------------------+
; Interconnect Resource Type ; Usage                 ;
+----------------------------+-----------------------+
; C4s                        ; 53 / 30,600 ( < 1 % ) ;
; Direct links               ; 17 / 43,552 ( < 1 % ) ;
; Global clocks              ; 2 / 8 ( 25 % )        ;
; LAB clocks                 ; 4 / 312 ( 1 % )       ;
; LUT chains                 ; 4 / 10,854 ( < 1 % )  ;
; Local interconnects        ; 77 / 43,552 ( < 1 % ) ;
; M4K buffers                ; 0 / 1,872 ( 0 % )     ;
; R4s                        ; 32 / 28,560 ( < 1 % ) ;
+----------------------------+-----------------------+


+--------------------------------------------------------------------------+
; LAB Logic Elements                                                       ;
+--------------------------------------------+-----------------------------+
; Number of Logic Elements  (Average = 8.50) ; Number of LABs  (Total = 6) ;
+--------------------------------------------+-----------------------------+
; 1                                          ; 0                           ;
; 2                                          ; 0                           ;
; 3                                          ; 1                           ;
; 4                                          ; 0                           ;
; 5                                          ; 0                           ;
; 6                                          ; 0                           ;
; 7                                          ; 0                           ;
; 8                                          ; 1                           ;
; 9                                          ; 0                           ;
; 10                                         ; 4                           ;
+--------------------------------------------+-----------------------------+


+------------------------------------------------------------------+
; LAB-wide Signals                                                 ;
+------------------------------------+-----------------------------+
; LAB-wide Signals  (Average = 1.67) ; Number of LABs  (Total = 6) ;
+------------------------------------+-----------------------------+
; 1 Async. clear                     ; 3                           ;
; 1 Clock                            ; 4                           ;
; 1 Clock enable                     ; 3                           ;
+------------------------------------+-----------------------------+


+----------------------------------------------------------------------------+
; LAB Signals Sourced                                                        ;
+----------------------------------------------+-----------------------------+
; Number of Signals Sourced  (Average = 10.17) ; Number of LABs  (Total = 6) ;
+----------------------------------------------+-----------------------------+
; 0                                            ; 0                           ;
; 1                                            ; 0                           ;
; 2                                            ; 0                           ;
; 3                                            ; 0                           ;
; 4                                            ; 1                           ;
; 5                                            ; 0                           ;
; 6                                            ; 0                           ;
; 7                                            ; 0                           ;
; 8                                            ; 0                           ;
; 9                                            ; 1                           ;
; 10                                           ; 2                           ;
; 11                                           ; 0                           ;
; 12                                           ; 0                           ;
; 13                                           ; 1                           ;
; 14                                           ; 0                           ;
; 15                                           ; 1                           ;
+----------------------------------------------+-----------------------------+


+-------------------------------------------------------------------------------+
; LAB Signals Sourced Out                                                       ;
+-------------------------------------------------+-----------------------------+
; Number of Signals Sourced Out  (Average = 8.83) ; Number of LABs  (Total = 6) ;
+-------------------------------------------------+-----------------------------+
; 0                                               ; 0                           ;
; 1                                               ; 0                           ;
; 2                                               ; 0                           ;
; 3                                               ; 0                           ;
; 4                                               ; 1                           ;
; 5                                               ; 0                           ;
; 6                                               ; 1                           ;
; 7                                               ; 0                           ;
; 8                                               ; 0                           ;
; 9                                               ; 0                           ;
; 10                                              ; 2                           ;
; 11                                              ; 1                           ;
; 12                                              ; 1                           ;
+-------------------------------------------------+-----------------------------+


+----------------------------------------------------------------------------+
; LAB Distinct Inputs                                                        ;
+----------------------------------------------+-----------------------------+
; Number of Distinct Inputs  (Average = 11.50) ; Number of LABs  (Total = 6) ;
+----------------------------------------------+-----------------------------+
; 0                                            ; 0                           ;
; 1                                            ; 0                           ;
; 2                                            ; 0                           ;
; 3                                            ; 0                           ;
; 4                                            ; 0                           ;
; 5                                            ; 0                           ;
; 6                                            ; 0                           ;
; 7                                            ; 1                           ;
; 8                                            ; 0                           ;
; 9                                            ; 0                           ;
; 10                                           ; 2                           ;
; 11                                           ; 1                           ;
; 12                                           ; 0                           ;
; 13                                           ; 0                           ;
; 14                                           ; 0                           ;
; 15                                           ; 1                           ;
; 16                                           ; 1                           ;
+----------------------------------------------+-----------------------------+


+-------------------------------------------------------------------------+
; Fitter Device Options                                                   ;
+----------------------------------------------+--------------------------+
; Option                                       ; Setting                  ;
+----------------------------------------------+--------------------------+
; Enable user-supplied start-up clock (CLKUSR) ; Off                      ;
; Enable device-wide reset (DEV_CLRn)          ; Off                      ;
; Enable device-wide output enable (DEV_OE)    ; Off                      ;
; Enable INIT_DONE output                      ; Off                      ;
; Configuration scheme                         ; Active Serial            ;
; Error detection CRC                          ; Off                      ;
; Reserve all unused pins                      ; As output driving ground ;
; Base pin-out file on sameframe device        ; Off                      ;
+----------------------------------------------+--------------------------+


+-----------------+
; Fitter Messages ;
+-----------------+
Info: *******************************************************************
Info: Running Quartus II Fitter
    Info: Version 6.0 Build 202 06/20/2006 Service Pack 1 SJ Web Edition
    Info: Processing started: Fri Oct 06 09:57:48 2006
Info: Command: quartus_fit --read_settings_files=off --write_settings_files=off ex19 -c ex19
Info: Selected device EP1C12F256C7 for design "ex19"
Info: Fitter is performing an Auto Fit compilation, which may decrease Fitter effort to reduce compilation time
Info: Device migration not selected. If you intend to use device migration later, you may need to change the pin assignments as they may be incompatible with other devices
    Info: Device EP1C6F256C7 is compatible
    Info: Device EP1C6F256I7 is compatible
    Info: Device EP1C12F256I7 is compatible
Info: Detected fmax, tsu, tco, and/or tpd requirements -- optimizing circuit to achieve only the specified requirements
Extra Info: Performing register packing on registers with non-logic cell location assignments
Extra Info: Completed register packing on registers with non-logic cell location assignments
Info: Completed User Assigned Global Signals Promotion Operation
Info: DQS I/O pins require 0 global routing resources
Info: Automatically promoted signal "clk" to use Global clock in PIN G16
Info: Automatically promoted some destinations of signal "clr" to use Global clock
    Info: Destination "Green[1]" may be non-global or may not use global clock
    Info: Destination "Green[1]~91" may be non-global or may not use global clock
Info: Pin "clr" drives global clock, but is not placed in a dedicated clock pin position
Info: Completed Auto Global Promotion Operation
Info: Starting register packing
Extra Info: Started Fast Input/Output/OE register processing
Extra Info: Finished Fast Input/Output/OE register processing
Info: Fitter is using Normal packing mode for logic elements with Auto setting for Auto Packed Registers logic option
Extra Info: Moving registers into I/O cells, LUTs, and RAM blocks to improve timing and density
Info: Finished moving registers into I/O cells, LUTs, and RAM blocks
Info: Finished register packing: elapsed time is 00:00:00
Info: Fitter placement preparation operations beginning
Info: Fitter placement preparation operations ending: elapsed time is 00:00:00
Info: Fitter placement operations beginning
Info: Fitter placement was successful
Info: Fitter placement operations ending: elapsed time is 00:00:00
Info: Estimated most critical path is register to register delay of 4.836 ns
    Info: 1: + IC(0.000 ns) + CELL(0.000 ns) = 0.000 ns; Loc. = LAB_X45_Y18; Fanout = 4; REG Node = 'Line[6]'
    Info: 2: + IC(0.591 ns) + CELL(0.101 ns) = 0.692 ns; Loc. = LAB_X45_Y18; Fanout = 2; COMB Node = 'LessThan2~121'
    Info: 3: + IC(0.102 ns) + CELL(0.522 ns) = 1.316 ns; Loc. = LAB_X45_Y18; Fanout = 2; COMB Node = 'Equal1~58'
    Info: 4: + IC(0.531 ns) + CELL(0.258 ns) = 2.105 ns; Loc. = LAB_X46_Y18; Fanout = 1; COMB Node = 'VidEn~57'
    Info: 5: + IC(0.267 ns) + CELL(0.522 ns) = 2.894 ns; Loc. = LAB_X45_Y18; Fanout = 2; COMB Node = 'VidEn~58'
    Info: 6: + IC(0.711 ns) + CELL(0.522 ns) = 4.127 ns; Loc. = LAB_X46_Y19; Fanout = 1; COMB Node = 'Green[1]~92'
    Info: 7: + IC(0.056 ns) + CELL(0.653 ns) = 4.836 ns; Loc. = LAB_X46_Y19; Fanout = 2; REG Node = 'Green[1]'
    Info: Total cell delay = 2.578 ns ( 53.31 % )
    Info: Total interconnect delay = 2.258 ns ( 46.69 % )
Info: Fitter routing operations beginning
Info: Average interconnect usage is 0% of the available device resources. Peak interconnect usage is 0%
    Info: The peak interconnect region extends from location x43_y14 to location x53_y27
Info: Fitter routing operations ending: elapsed time is 00:00:01
Info: The Fitter performed an Auto Fit compilation.  Optimizations were skipped to reduce compilation time.
    Info: Optimizations that may affect the design's routability were skipped
    Info: Optimizations that may affect the design's timing were skipped
Info: Completed Fixed Delay Chain Operation
Info: Started post-fitting delay annotation
Info: Delay annotation completed successfully
Info: Completed Auto Delay Chain Operation
Warning: Following 4 pins have nothing, GND, or VCC driving datain port -- changes to this connectivity may change fitting results
    Info: Pin VgaRd0 has GND driving its datain port
    Info: Pin VgaRd1 has GND driving its datain port
    Info: Pin VgaBl0 has GND driving its datain port
    Info: Pin VgaBl1 has GND driving its datain port
Info: Quartus II Fitter was successful. 0 errors, 1 warning
    Info: Processing ended: Fri Oct 06 09:57:55 2006
    Info: Elapsed time: 00:00:07


