Flow report for ex19
Fri Oct 06 09:58:04 2006
Version 6.0 Build 202 06/20/2006 Service Pack 1 SJ Web Edition


---------------------
; Table of Contents ;
---------------------
  1. Legal Notice
  2. Flow Summary
  3. Flow Settings
  4. Flow Non-Default Global Settings
  5. Flow Elapsed Time
  6. Flow Log



----------------
; Legal Notice ;
----------------
Copyright (C) 1991-2006 Altera Corporation
Your use of Altera Corporation's design tools, logic functions 
and other software and tools, and its AMPP partner logic 
functions, and any output files any of the foregoing 
(including device programming or simulation files), and any 
associated documentation or information are expressly subject 
to the terms and conditions of the Altera Program License 
Subscription Agreement, Altera MegaCore Function License 
Agreement, or other applicable license agreement, including, 
without limitation, that your use is for the sole purpose of 
programming logic devices manufactured by Altera and sold by 
Altera or its authorized distributors.  Please refer to the 
applicable agreement for further details.



+------------------------------------------------------------------------+
; Flow Summary                                                           ;
+-------------------------+----------------------------------------------+
; Flow Status             ; Successful - Fri Oct 06 09:58:04 2006        ;
; Quartus II Version      ; 6.0 Build 202 06/20/2006 SP 1 SJ Web Edition ;
; Revision Name           ; ex19                                         ;
; Top-level Entity Name   ; ex19                                         ;
; Family                  ; Cyclone                                      ;
; Device                  ; EP1C12F256C7                                 ;
; Timing Models           ; Final                                        ;
; Met timing requirements ; Yes                                          ;
; Total logic elements    ; 51 / 12,060 ( < 1 % )                        ;
; Total pins              ; 10 / 185 ( 5 % )                             ;
; Total virtual pins      ; 0                                            ;
; Total memory bits       ; 0 / 239,616 ( 0 % )                          ;
; Total PLLs              ; 0 / 2 ( 0 % )                                ;
+-------------------------+----------------------------------------------+


+-----------------------------------------+
; Flow Settings                           ;
+-------------------+---------------------+
; Option            ; Setting             ;
+-------------------+---------------------+
; Start date & time ; 10/06/2006 09:57:44 ;
; Main task         ; Compilation         ;
; Revision Name     ; ex19                ;
+-------------------+---------------------+


+--------------------------------------------------------------------------------------------------------------+
; Flow Non-Default Global Settings                                                                             ;
+------------------------------+-----------------------+---------------+-------------+-------------------------+
; Assignment Name              ; Value                 ; Default Value ; Entity Name ; Section Id              ;
+------------------------------+-----------------------+---------------+-------------+-------------------------+
; EDA_BOARD_DESIGN_SYMBOL_TOOL ; FPGA Xchange (Symbol) ; <None>        ; --          ; --                      ;
; EDA_OUTPUT_DATA_FORMAT       ; Fpga Xchange          ; --            ; --          ; eda_board_design_symbol ;
; FMAX_REQUIREMENT             ; 50 MHz                ; --            ; --          ; --                      ;
+------------------------------+-----------------------+---------------+-------------+-------------------------+


+-------------------------------------+
; Flow Elapsed Time                   ;
+----------------------+--------------+
; Module Name          ; Elapsed Time ;
+----------------------+--------------+
; Analysis & Synthesis ; 00:00:03     ;
; Fitter               ; 00:00:07     ;
; Assembler            ; 00:00:03     ;
; Timing Analyzer      ; 00:00:01     ;
; EDA Netlist Writer   ; 00:00:01     ;
; Total                ; 00:00:15     ;
+----------------------+--------------+


------------
; Flow Log ;
------------
quartus_map --read_settings_files=on --write_settings_files=off ex19 -c ex19
quartus_fit --read_settings_files=off --write_settings_files=off ex19 -c ex19
quartus_asm --read_settings_files=off --write_settings_files=off ex19 -c ex19
quartus_tan --read_settings_files=off --write_settings_files=off ex19 -c ex19 --timing_analysis_only
quartus_eda --read_settings_files=off --write_settings_files=off ex19 -c ex19



