* * * * * * * * * * * * * * * * * * * * 
RunDirectory : /home/ubuntu/Desktop/FPGA-OpenFPGA/Lab/fixed_device_support/run001
python3 /home/ubuntu/Desktop/OpenFPGA/openfpga_flow/scripts/run_fpga_flow.py /home/ubuntu/Desktop/OpenFPGA/openfpga_flow/vpr_arch/k4_N4_tileable_40nm.xml /home/ubuntu/Desktop/OpenFPGA/openfpga_flow/benchmarks/micro_benchmark/or2/or2.v --top_module or2 --run_dir /home/ubuntu/Desktop/FPGA-OpenFPGA/Lab/fixed_device_support/run001/k4_N4_tileable_40nm/or2/MIN_ROUTE_CHAN_WIDTH --fpga_flow yosys_vpr --openfpga_shell_template /home/ubuntu/Desktop/OpenFPGA/openfpga_flow/openfpga_shell_scripts/write_full_testbench_example_script.openfpga --openfpga_arch_file /home/ubuntu/Desktop/OpenFPGA/openfpga_flow/openfpga_arch/k4_N4_40nm_frame_openfpga.xml --openfpga_sim_setting_file /home/ubuntu/Desktop/OpenFPGA/openfpga_flow/openfpga_simulation_settings/auto_sim_openfpga.xml --openfpga_vpr_device_layout --device 2x2 --route_chan_width 40 --openfpga_fast_configuration  --power --power_tech /home/ubuntu/Desktop/OpenFPGA/openfpga_flow/tech/PTM_45nm/45nm.xml --vpr_fpga_verilog --vpr_fpga_verilog_dir /home/ubuntu/Desktop/FPGA-OpenFPGA/Lab/fixed_device_support/run001/k4_N4_tileable_40nm/or2/MIN_ROUTE_CHAN_WIDTH --vpr_fpga_x2p_rename_illegal_port --end_flow_with_test --flow_config /home/ubuntu/Desktop/FPGA-OpenFPGA/Lab/fixed_device_support/config/task.conf --default_tool_path /home/ubuntu/Desktop/OpenFPGA/openfpga_flow/scripts/../misc/fpgaflow_default_tool_path.conf --TOP or2 --CHAN_WIDTH 300 --READ_VERILOG_OPTIONS -nolatches
* * * * * * * * * * * * * * * * * * * * 
INFO - Validating command line arguments
INFO - Run directory : /home/ubuntu/Desktop/FPGA-OpenFPGA/Lab/fixed_device_support/run001/k4_N4_tileable_40nm/or2/MIN_ROUTE_CHAN_WIDTH
INFO - Running "yosys_vpr" Flow
INFO - Extracted lut_size size from arch XML = 4
INFO - Running Yosys with lut_size = 4
INFO - Launching Run yosys 
INFO - Run yosys is written in file yosys_output.log
INFO - ACE2 output is written in file or2_ace2_output.txt
INFO - blif_3args output is written in file or2_blif_3args_output.txt
INFO - Launching Yosys 
INFO - Yosys is written in file yosys_rewrite.log
INFO - Running OpenFPGA Shell Engine 
INFO - Launching OpenFPGA Shell Run 
INFO - OpenFPGAShell Revision: v8.0.0-10893-g9eef18c4f Compiled: 2024-10-05T14:51:22
INFO - OpenFPGA Shell Run is written in file openfpgashell.log
INFO - vpr result extracted in file vpr_stat.result
INFO - Launching iverilog_verification 
INFO - iverilog_verification is written in file iverilog_output.txt
INFO - Launching vvp_verification 
INFO - vvp_verification is written in file vvp_sim_output.txt
INFO - VVP Simulation Successful
INFO - Openfpga_flow completed, Total Time Taken 7 seconds VPR Time a moment Verification Time 6 seconds 
