#Packing pin usage report
Type: io
	Input Pin Usage:
		Max: 1.00 (1.00)
		Avg: 0.40 (0.40)
		Min: 0.00 (0.00)
		Histogram:
		[        0:      0.1) 3 ( 60.0%) |*************************************************
		[      0.1:      0.2) 0 (  0.0%) |
		[      0.2:      0.3) 0 (  0.0%) |
		[      0.3:      0.4) 0 (  0.0%) |
		[      0.4:      0.5) 0 (  0.0%) |
		[      0.5:      0.6) 0 (  0.0%) |
		[      0.6:      0.7) 0 (  0.0%) |
		[      0.7:      0.8) 0 (  0.0%) |
		[      0.8:      0.9) 0 (  0.0%) |
		[      0.9:        1) 2 ( 40.0%) |*********************************
	Output Pin Usage:
		Max: 1.00 (1.00)
		Avg: 0.60 (0.60)
		Min: 0.00 (0.00)
		Histogram:
		[        0:      0.1) 2 ( 40.0%) |*********************************
		[      0.1:      0.2) 0 (  0.0%) |
		[      0.2:      0.3) 0 (  0.0%) |
		[      0.3:      0.4) 0 (  0.0%) |
		[      0.4:      0.5) 0 (  0.0%) |
		[      0.5:      0.6) 0 (  0.0%) |
		[      0.6:      0.7) 0 (  0.0%) |
		[      0.7:      0.8) 0 (  0.0%) |
		[      0.8:      0.9) 0 (  0.0%) |
		[      0.9:        1) 3 ( 60.0%) |*************************************************

Type: clb
	Input Pin Usage:
		Max: 3.00 (0.27)
		Avg: 3.00 (0.27)
		Min: 3.00 (0.27)
		Histogram:
		[        0:      1.1) 0 (  0.0%) |
		[      1.1:      2.2) 0 (  0.0%) |
		[      2.2:      3.3) 1 (100.0%) |**************************************************
		[      3.3:      4.4) 0 (  0.0%) |
		[      4.4:      5.5) 0 (  0.0%) |
		[      5.5:      6.6) 0 (  0.0%) |
		[      6.6:      7.7) 0 (  0.0%) |
		[      7.7:      8.8) 0 (  0.0%) |
		[      8.8:      9.9) 0 (  0.0%) |
		[      9.9:       11) 0 (  0.0%) |
	Output Pin Usage:
		Max: 2.00 (0.50)
		Avg: 2.00 (0.50)
		Min: 2.00 (0.50)
		Histogram:
		[        0:      0.4) 0 (  0.0%) |
		[      0.4:      0.8) 0 (  0.0%) |
		[      0.8:      1.2) 0 (  0.0%) |
		[      1.2:      1.6) 0 (  0.0%) |
		[      1.6:        2) 1 (100.0%) |**************************************************
		[        2:      2.4) 0 (  0.0%) |
		[      2.4:      2.8) 0 (  0.0%) |
		[      2.8:      3.2) 0 (  0.0%) |
		[      3.2:      3.6) 0 (  0.0%) |
		[      3.6:        4) 0 (  0.0%) |

