Flow report for ex13
Tue Aug 01 21:23:33 2006
Version 6.0 Build 178 04/27/2006 SJ Web Edition


---------------------
; Table of Contents ;
---------------------
  1. Legal Notice
  2. Flow Summary
  3. Flow Settings
  4. Flow Non-Default Global Settings
  5. Flow Elapsed Time
  6. Flow Log



----------------
; Legal Notice ;
----------------
Copyright (C) 1991-2006 Altera Corporation
Your use of Altera Corporation's design tools, logic functions 
and other software and tools, and its AMPP partner logic 
functions, and any output files any of the foregoing 
(including device programming or simulation files), and any 
associated documentation or information are expressly subject 
to the terms and conditions of the Altera Program License 
Subscription Agreement, Altera MegaCore Function License 
Agreement, or other applicable license agreement, including, 
without limitation, that your use is for the sole purpose of 
programming logic devices manufactured by Altera and sold by 
Altera or its authorized distributors.  Please refer to the 
applicable agreement for further details.



+-------------------------------------------------------------------+
; Flow Summary                                                      ;
+-------------------------+-----------------------------------------+
; Flow Status             ; Successful - Tue Aug 01 21:23:33 2006   ;
; Quartus II Version      ; 6.0 Build 178 04/27/2006 SJ Web Edition ;
; Revision Name           ; ex13                                    ;
; Top-level Entity Name   ; ex13                                    ;
; Family                  ; Cyclone                                 ;
; Device                  ; EP1C12F256C7                            ;
; Timing Models           ; Final                                   ;
; Met timing requirements ; Yes                                     ;
; Total logic elements    ; 2,452 / 12,060 ( 20 % )                 ;
; Total pins              ; 13 / 185 ( 7 % )                        ;
; Total virtual pins      ; 0                                       ;
; Total memory bits       ; 102,400 / 239,616 ( 43 % )              ;
; Total PLLs              ; 1 / 2 ( 50 % )                          ;
+-------------------------+-----------------------------------------+


+-----------------------------------------+
; Flow Settings                           ;
+-------------------+---------------------+
; Option            ; Setting             ;
+-------------------+---------------------+
; Start date & time ; 08/01/2006 21:16:46 ;
; Main task         ; Compilation         ;
; Revision Name     ; ex13                ;
+-------------------+---------------------+


+-------------------------------------------------------------------------------------------------------------------------------------+
; Flow Non-Default Global Settings                                                                                                    ;
+------------------------------+----------------------------------------------+---------------+-------------+-------------------------+
; Assignment Name              ; Value                                        ; Default Value ; Entity Name ; Section Id              ;
+------------------------------+----------------------------------------------+---------------+-------------+-------------------------+
; AUTO_ENABLE_SMART_COMPILE    ; On                                           ; --            ; --          ; --                      ;
; EDA_BOARD_DESIGN_SYMBOL_TOOL ; FPGA Xchange (Symbol)                        ; <None>        ; --          ; --                      ;
; EDA_OUTPUT_DATA_FORMAT       ; Fpga Xchange                                 ; --            ; --          ; eda_board_design_symbol ;
; ENABLE_SIGNALTAP             ; On                                           ; --            ; --          ; --                      ;
; SMART_RECOMPILE              ; On                                           ; Off           ; --          ; --                      ;
; USE_SIGNALTAP_FILE           ; C:\altera\FPGA_course\ex13\firmware\stp1.stp ; --            ; --          ; --                      ;
+------------------------------+----------------------------------------------+---------------+-------------+-------------------------+


+-------------------------------------+
; Flow Elapsed Time                   ;
+----------------------+--------------+
; Module Name          ; Elapsed Time ;
+----------------------+--------------+
; Analysis & Synthesis ; 00:05:02     ;
; Fitter               ; 00:01:17     ;
; Assembler            ; 00:00:05     ;
; Timing Analyzer      ; 00:00:10     ;
; EDA Netlist Writer   ; 00:00:02     ;
; Total                ; 00:06:36     ;
+----------------------+--------------+


------------
; Flow Log ;
------------
quartus_map --read_settings_files=on --write_settings_files=off ex13 -c ex13
quartus_fit --read_settings_files=off --write_settings_files=off ex13 -c ex13
quartus_asm --read_settings_files=off --write_settings_files=off ex13 -c ex13
quartus_tan --read_settings_files=off --write_settings_files=off ex13 -c ex13 --timing_analysis_only
quartus_eda --read_settings_files=off --write_settings_files=off ex13 -c ex13



