Umake: 'C:\uC51\bin\uc51 tcpip\open_ether.c tcpip\open_ether.s51 -IC:\uC51\include -e -dCPU_NSEC=18750 -dFLEXGATE -small'...
tcpip\open_ether.c 89: Warning: overflow in converting constant expression from 'unsigned long' to 'unsigned char'
tcpip\open_ether.c 111: Warning: old-style function definition for 'find_RX_Buffer'
tcpip\open_ether.c 141: Warning: superfluous constant runtime arithmetics
tcpip\open_ether.c 142: Warning: superfluous constant runtime arithmetics
tcpip\open_ether.c 147: Warning: old-style function definition for 'CommitSend_Phy'
tcpip\open_ether.c 149: Warning: superfluous constant runtime arithmetics
Umake: 'C:\uC51\bin\a51 -e tcpip\open_ether.s51 -iC:\uC51\include -g'...
Umake: 'C:\uC51\bin\uc51 tcpip\net.c tcpip\net.s51 -IC:\uC51\include -e -dCPU_NSEC=18750 -dFLEXGATE -small'...
tcpip\net.c 1510: Warning: possibly incorrect assignment
tcpip\net.c 1499: Warning: superfluous constant runtime arithmetics
Umake: 'C:\uC51\bin\a51 -e tcpip\net.s51 -iC:\uC51\include -g'...
Umake: 'C:\uC51\bin\uc51 tcpip\netutil.c tcpip\netutil.s51 -IC:\uC51\include -e -dCPU_NSEC=18750 -dFLEXGATE -small'...
Umake: 'C:\uC51\bin\a51 -e tcpip\netutil.s51 -iC:\uC51\include -g'...
Umake: 'C:\uC51\bin\uc51 tcpip\web_serv.c tcpip\web_serv.s51 -IC:\uC51\include -e -dCPU_NSEC=18750 -dFLEXGATE -small'...
Umake: 'C:\uC51\bin\a51 -e tcpip\web_serv.s51 -iC:\uC51\include -g'...
Umake: 'C:\uC51\bin\uc51 tcpip\dhcp.c tcpip\dhcp.s51 -IC:\uC51\include -e -dCPU_NSEC=18750 -dFLEXGATE -small'...
tcpip\dhcp.c 141: Warning: old-style function definition for 'DHCP_SetIP'
tcpip\dhcp.c 175: Warning: conversion 'unsigned int' to 'unsigned char' will loose significant bits
tcpip\dhcp.c 219: Warning: conversion 'unsigned int' to 'unsigned char' will loose significant bits
Umake: 'C:\uC51\bin\a51 -e tcpip\dhcp.s51 -iC:\uC51\include -g'...
Umake: 'C:\uC51\bin\uc51 fg1_http.c fg1_http.s51 -IC:\uC51\include -e -dCPU_NSEC=18750 -dFLEXGATE -small'...
fg1_http.c 225: Warning: conversion 'unsigned short' to 'unsigned char' will loose significant bits
fg1_http.c 226: Warning: conversion 'int' to 'unsigned char' will loose significant bits
Umake: 'C:\uC51\bin\a51 -e fg1_http.s51 -iC:\uC51\include -g'...
Umake: 'C:\uC51\bin\uc51 i2c.c i2c.s51 -IC:\uC51\include -e -dCPU_NSEC=18750 -dFLEXGATE -small'...
i2c.c 59: Warning: conversion 'int' to 'unsigned char' will loose significant bits
Umake: 'C:\uC51\bin\a51 -e i2c.s51 -iC:\uC51\include -g'...
Umake: 'C:\uC51\bin\uc51 lcd.c lcd.s51 -IC:\uC51\include -e -dCPU_NSEC=18750 -dFLEXGATE -small'...
lcd.c 104: Warning: missing prototype for function '_wait_ms()'
Umake: 'C:\uC51\bin\a51 -e lcd.s51 -iC:\uC51\include -g'...
Umake: 'C:\uC51\bin\webcode home.html home.s51 -e'...
Umake: 'C:\uC51\bin\a51 -e home.s51 -g'...
Umake: 'C:\uC51\bin\webcode reply.html reply.s51 -e'...
Umake: 'C:\uC51\bin\a51 -e reply.s51 -g'...
Umake: 'C:\uC51\bin\webcode io.html io.s51 -e'...
Umake: 'C:\uC51\bin\a51 -e io.s51 -g'...
Umake: 'C:\uC51\bin\webcode ad_disp.html ad_disp.s51 -e'...
Umake: 'C:\uC51\bin\a51 -e ad_disp.s51 -g'...
Umake: 'C:\uC51\bin\farg link.lnk tcpip\open_ether.obj tcpip\net.obj tcpip\netutil.obj tcpip\web_serv.obj tcpip\dhcp.obj fg1_http.obj i2c.obj lcd.obj home.obj reply.obj io.obj ad_disp.obj'...
Umake: 'C:\uC51\bin\l51 -e -ofg1_http.bin @link.lnk -lC:\uC51\lib\small\stdlib.lib -lC:\uC51\lib\small\ser_ioD.lib -r$0,$0000  -d -o-'...
Binary 'fg1_http.bin': start: $0, end: $4e68, total size: $4e69/(dec.)20073 bytes, used (dec.)20068 bytes
Sclass 'text': start: $0, end: $4e68 size: $4e69/(dec.)20073 Bytes
Sclass 'xram': start: $0, end: $883 size: $884/(dec.)2180 Bytes
Sclass 'dram': start: $20, end: $53 size: $34/(dec.)52 Bytes

Umake: *** OK ***