============================================================
  Generated by:           Genus(TM) Synthesis Solution 22.13-s093_1
  Generated on:           Oct 26 2024  03:20:27 am
  Module:                 GPIO
  Operating conditions:   tt_025C_1v80 (balanced_tree)
  Wireload mode:          top
  Area mode:              timing library
============================================================

Timing
-------
  Cost    Critical         Violating 
 Group   Path Slack  TNS     Paths   
-------------------------------------
default    No paths   0.0            
-------------------------------------
Total                 0.0          0 

Instance Count
--------------
Leaf Instance Count             4 
Physical Instance count         0 
Sequential Instance Count       0 
Combinational Instance Count    4 
Hierarchical Instance Count     0 

Area
----
Cell Area                          18.768
Physical Cell Area                 0.000
Total Cell Area (Cell+Physical)    18.768
Net Area                           0.000
Total Area (Cell+Physical+Net)     18.768

Max Fanout                         2 (PAD)
Min Fanout                         1 (n_0)
Average Fanout                     1.3
Terms to net ratio                 1.6667
Terms to instance ratio            2.5000
Runtime                            9.999062 seconds
Elapsed Runtime                    12 seconds
Genus peak memory usage            1765.35 
Innovus peak memory usage          no_value 
Hostname                           cae-europractice1.othr.de
